<?xml version="1.0" encoding="UTF-8"?>
<testsuite xmlns:xsi="http://www.w3.org/2001/XMLSchema-instance" xsi:noNamespaceSchemaLocation="https://maven.apache.org/surefire/maven-surefire-plugin/xsd/surefire-test-report.xsd" version="3.0.1" name="TestSuite" time="610.157" tests="103" errors="0" skipped="0" failures="4">
  <properties>
    <property name="java.specification.version" value="17"/>
    <property name="sun.jnu.encoding" value="UTF-8"/>
    <property name="java.class.path" value="/Users/2076049/eclipse-workspace/abbvie/target/test-classes:/Users/2076049/eclipse-workspace/abbvie/target/classes:/Users/2076049/.m2/repository/org/testng/testng/7.11.0/testng-7.11.0.jar:/Users/2076049/.m2/repository/org/slf4j/slf4j-api/2.0.16/slf4j-api-2.0.16.jar:/Users/2076049/.m2/repository/org/jcommander/jcommander/1.83/jcommander-1.83.jar:/Users/2076049/.m2/repository/org/webjars/jquery/3.7.1/jquery-3.7.1.jar:/Users/2076049/.m2/repository/org/seleniumhq/selenium/selenium-java/4.15.0/selenium-java-4.15.0.jar:/Users/2076049/.m2/repository/org/seleniumhq/selenium/selenium-api/4.15.0/selenium-api-4.15.0.jar:/Users/2076049/.m2/repository/org/seleniumhq/selenium/selenium-chrome-driver/4.15.0/selenium-chrome-driver-4.15.0.jar:/Users/2076049/.m2/repository/com/google/auto/service/auto-service-annotations/1.1.1/auto-service-annotations-1.1.1.jar:/Users/2076049/.m2/repository/org/seleniumhq/selenium/selenium-chromium-driver/4.15.0/selenium-chromium-driver-4.15.0.jar:/Users/2076049/.m2/repository/org/seleniumhq/selenium/selenium-json/4.15.0/selenium-json-4.15.0.jar:/Users/2076049/.m2/repository/org/seleniumhq/selenium/selenium-manager/4.15.0/selenium-manager-4.15.0.jar:/Users/2076049/.m2/repository/org/seleniumhq/selenium/selenium-devtools-v117/4.15.0/selenium-devtools-v117-4.15.0.jar:/Users/2076049/.m2/repository/org/seleniumhq/selenium/selenium-devtools-v118/4.15.0/selenium-devtools-v118-4.15.0.jar:/Users/2076049/.m2/repository/org/seleniumhq/selenium/selenium-devtools-v119/4.15.0/selenium-devtools-v119-4.15.0.jar:/Users/2076049/.m2/repository/org/seleniumhq/selenium/selenium-devtools-v85/4.15.0/selenium-devtools-v85-4.15.0.jar:/Users/2076049/.m2/repository/org/seleniumhq/selenium/selenium-edge-driver/4.15.0/selenium-edge-driver-4.15.0.jar:/Users/2076049/.m2/repository/org/seleniumhq/selenium/selenium-firefox-driver/4.15.0/selenium-firefox-driver-4.15.0.jar:/Users/2076049/.m2/repository/org/seleniumhq/selenium/selenium-http/4.15.0/selenium-http-4.15.0.jar:/Users/2076049/.m2/repository/dev/failsafe/failsafe/3.3.2/failsafe-3.3.2.jar:/Users/2076049/.m2/repository/org/seleniumhq/selenium/selenium-ie-driver/4.15.0/selenium-ie-driver-4.15.0.jar:/Users/2076049/.m2/repository/org/seleniumhq/selenium/selenium-remote-driver/4.15.0/selenium-remote-driver-4.15.0.jar:/Users/2076049/.m2/repository/com/google/guava/guava/32.1.2-jre/guava-32.1.2-jre.jar:/Users/2076049/.m2/repository/com/google/guava/failureaccess/1.0.1/failureaccess-1.0.1.jar:/Users/2076049/.m2/repository/com/google/guava/listenablefuture/9999.0-empty-to-avoid-conflict-with-guava/listenablefuture-9999.0-empty-to-avoid-conflict-with-guava.jar:/Users/2076049/.m2/repository/com/google/code/findbugs/jsr305/3.0.2/jsr305-3.0.2.jar:/Users/2076049/.m2/repository/org/checkerframework/checker-qual/3.33.0/checker-qual-3.33.0.jar:/Users/2076049/.m2/repository/com/google/j2objc/j2objc-annotations/2.8/j2objc-annotations-2.8.jar:/Users/2076049/.m2/repository/io/opentelemetry/opentelemetry-api/1.28.0/opentelemetry-api-1.28.0.jar:/Users/2076049/.m2/repository/io/opentelemetry/opentelemetry-context/1.28.0/opentelemetry-context-1.28.0.jar:/Users/2076049/.m2/repository/io/opentelemetry/opentelemetry-exporter-logging/1.28.0/opentelemetry-exporter-logging-1.28.0.jar:/Users/2076049/.m2/repository/io/opentelemetry/opentelemetry-sdk-metrics/1.28.0/opentelemetry-sdk-metrics-1.28.0.jar:/Users/2076049/.m2/repository/io/opentelemetry/opentelemetry-extension-incubator/1.28.0-alpha/opentelemetry-extension-incubator-1.28.0-alpha.jar:/Users/2076049/.m2/repository/io/opentelemetry/opentelemetry-sdk-logs/1.28.0/opentelemetry-sdk-logs-1.28.0.jar:/Users/2076049/.m2/repository/io/opentelemetry/opentelemetry-sdk-common/1.28.0/opentelemetry-sdk-common-1.28.0.jar:/Users/2076049/.m2/repository/io/opentelemetry/opentelemetry-sdk-extension-autoconfigure-spi/1.28.0/opentelemetry-sdk-extension-autoconfigure-spi-1.28.0.jar:/Users/2076049/.m2/repository/io/opentelemetry/opentelemetry-sdk-extension-autoconfigure/1.28.0/opentelemetry-sdk-extension-autoconfigure-1.28.0.jar:/Users/2076049/.m2/repository/io/opentelemetry/opentelemetry-api-events/1.28.0-alpha/opentelemetry-api-events-1.28.0-alpha.jar:/Users/2076049/.m2/repository/io/opentelemetry/opentelemetry-sdk-trace/1.28.0/opentelemetry-sdk-trace-1.28.0.jar:/Users/2076049/.m2/repository/io/opentelemetry/opentelemetry-sdk/1.28.0/opentelemetry-sdk-1.28.0.jar:/Users/2076049/.m2/repository/io/opentelemetry/opentelemetry-semconv/1.28.0-alpha/opentelemetry-semconv-1.28.0-alpha.jar:/Users/2076049/.m2/repository/org/seleniumhq/selenium/selenium-os/4.15.0/selenium-os-4.15.0.jar:/Users/2076049/.m2/repository/org/apache/commons/commons-exec/1.3/commons-exec-1.3.jar:/Users/2076049/.m2/repository/org/seleniumhq/selenium/selenium-safari-driver/4.15.0/selenium-safari-driver-4.15.0.jar:/Users/2076049/.m2/repository/org/seleniumhq/selenium/selenium-support/4.15.0/selenium-support-4.15.0.jar:/Users/2076049/.m2/repository/io/cucumber/cucumber-java/7.24.0/cucumber-java-7.24.0.jar:/Users/2076049/.m2/repository/io/cucumber/cucumber-core/7.24.0/cucumber-core-7.24.0.jar:/Users/2076049/.m2/repository/io/cucumber/cucumber-gherkin/7.24.0/cucumber-gherkin-7.24.0.jar:/Users/2076049/.m2/repository/io/cucumber/cucumber-gherkin-messages/7.24.0/cucumber-gherkin-messages-7.24.0.jar:/Users/2076049/.m2/repository/io/cucumber/gherkin/33.0.0/gherkin-33.0.0.jar:/Users/2076049/.m2/repository/io/cucumber/messages/28.0.0/messages-28.0.0.jar:/Users/2076049/.m2/repository/io/cucumber/pretty-formatter/0.2.0/pretty-formatter-0.2.0.jar:/Users/2076049/.m2/repository/io/cucumber/query/13.5.0/query-13.5.0.jar:/Users/2076049/.m2/repository/io/cucumber/testng-xml-formatter/0.4.0/testng-xml-formatter-0.4.0.jar:/Users/2076049/.m2/repository/io/cucumber/tag-expressions/6.1.2/tag-expressions-6.1.2.jar:/Users/2076049/.m2/repository/io/cucumber/cucumber-expressions/18.0.1/cucumber-expressions-18.0.1.jar:/Users/2076049/.m2/repository/io/cucumber/datatable/7.24.0/datatable-7.24.0.jar:/Users/2076049/.m2/repository/io/cucumber/cucumber-plugin/7.24.0/cucumber-plugin-7.24.0.jar:/Users/2076049/.m2/repository/io/cucumber/docstring/7.24.0/docstring-7.24.0.jar:/Users/2076049/.m2/repository/io/cucumber/html-formatter/21.13.0/html-formatter-21.13.0.jar:/Users/2076049/.m2/repository/io/cucumber/junit-xml-formatter/0.8.0/junit-xml-formatter-0.8.0.jar:/Users/2076049/.m2/repository/io/cucumber/ci-environment/10.0.1/ci-environment-10.0.1.jar:/Users/2076049/.m2/repository/org/apiguardian/apiguardian-api/1.1.2/apiguardian-api-1.1.2.jar:/Users/2076049/.m2/repository/io/cucumber/cucumber-testng/7.24.0/cucumber-testng-7.24.0.jar:/Users/2076049/.m2/repository/io/github/bonigarcia/webdrivermanager/6.1.0/webdrivermanager-6.1.0.jar:/Users/2076049/.m2/repository/com/google/code/gson/gson/2.13.0/gson-2.13.0.jar:/Users/2076049/.m2/repository/com/google/errorprone/error_prone_annotations/2.37.0/error_prone_annotations-2.37.0.jar:/Users/2076049/.m2/repository/com/github/docker-java/docker-java/3.5.0/docker-java-3.5.0.jar:/Users/2076049/.m2/repository/com/github/docker-java/docker-java-core/3.5.0/docker-java-core-3.5.0.jar:/Users/2076049/.m2/repository/com/github/docker-java/docker-java-api/3.5.0/docker-java-api-3.5.0.jar:/Users/2076049/.m2/repository/com/fasterxml/jackson/core/jackson-annotations/2.18.3/jackson-annotations-2.18.3.jar:/Users/2076049/.m2/repository/com/fasterxml/jackson/core/jackson-databind/2.18.3/jackson-databind-2.18.3.jar:/Users/2076049/.m2/repository/com/fasterxml/jackson/core/jackson-core/2.18.3/jackson-core-2.18.3.jar:/Users/2076049/.m2/repository/org/slf4j/jcl-over-slf4j/1.7.30/jcl-over-slf4j-1.7.30.jar:/Users/2076049/.m2/repository/com/github/docker-java/docker-java-transport-httpclient5/3.5.0/docker-java-transport-httpclient5-3.5.0.jar:/Users/2076049/.m2/repository/com/github/docker-java/docker-java-transport/3.5.0/docker-java-transport-3.5.0.jar:/Users/2076049/.m2/repository/net/java/dev/jna/jna/5.17.0/jna-5.17.0.jar:/Users/2076049/.m2/repository/org/brotli/dec/0.1.2/dec-0.1.2.jar:/Users/2076049/.m2/repository/org/apache/commons/commons-lang3/3.17.0/commons-lang3-3.17.0.jar:/Users/2076049/.m2/repository/org/apache/commons/commons-compress/1.27.1/commons-compress-1.27.1.jar:/Users/2076049/.m2/repository/commons-codec/commons-codec/1.17.1/commons-codec-1.17.1.jar:/Users/2076049/.m2/repository/commons-io/commons-io/2.16.1/commons-io-2.16.1.jar:/Users/2076049/.m2/repository/org/apache/httpcomponents/client5/httpclient5/5.4.3/httpclient5-5.4.3.jar:/Users/2076049/.m2/repository/org/apache/httpcomponents/core5/httpcore5/5.3.4/httpcore5-5.3.4.jar:/Users/2076049/.m2/repository/org/apache/httpcomponents/core5/httpcore5-h2/5.3.4/httpcore5-h2-5.3.4.jar:/Users/2076049/.m2/repository/net/java/dev/jna/jna-platform/5.13.0/jna-platform-5.13.0.jar:/Users/2076049/.m2/repository/org/assertj/assertj-core/3.24.2/assertj-core-3.24.2.jar:/Users/2076049/.m2/repository/net/bytebuddy/byte-buddy/1.12.21/byte-buddy-1.12.21.jar:/Users/2076049/.m2/repository/com/aventstack/extentreports/5.0.9/extentreports-5.0.9.jar:/Users/2076049/.m2/repository/io/reactivex/rxjava3/rxjava/3.0.4/rxjava-3.0.4.jar:/Users/2076049/.m2/repository/org/reactivestreams/reactive-streams/1.0.3/reactive-streams-1.0.3.jar:/Users/2076049/.m2/repository/org/freemarker/freemarker/2.3.30/freemarker-2.3.30.jar:/Users/2076049/.m2/repository/tech/grasshopper/extentreports-cucumber7-adapter/1.9.2/extentreports-cucumber7-adapter-1.9.2.jar:/Users/2076049/.m2/repository/tech/grasshopper/extent-pdf-report/2.9.1/extent-pdf-report-2.9.1.jar:/Users/2076049/.m2/repository/tech/grasshopper/cucumber-pdf-report/2.11.1/cucumber-pdf-report-2.11.1.jar:/Users/2076049/.m2/repository/org/apache/pdfbox/pdfbox/2.0.26/pdfbox-2.0.26.jar:/Users/2076049/.m2/repository/org/apache/pdfbox/fontbox/2.0.26/fontbox-2.0.26.jar:/Users/2076049/.m2/repository/org/knowm/xchart/xchart/3.8.0/xchart-3.8.0.jar:/Users/2076049/.m2/repository/de/erichseifert/vectorgraphics2d/VectorGraphics2D/0.13/VectorGraphics2D-0.13.jar:/Users/2076049/.m2/repository/de/rototor/pdfbox/graphics2d/0.30/graphics2d-0.30.jar:/Users/2076049/.m2/repository/com/madgag/animated-gif-lib/1.4/animated-gif-lib-1.4.jar:/Users/2076049/.m2/repository/org/yaml/snakeyaml/1.28/snakeyaml-1.28.jar:/Users/2076049/.m2/repository/tech/grasshopper/table-layout/1.5.1/table-layout-1.5.1.jar:/Users/2076049/.m2/repository/tech/grasshopper/rest-assured-cucumber-pdf-report/1.4.1/rest-assured-cucumber-pdf-report-1.4.1.jar:/Users/2076049/.m2/repository/org/jsoup/jsoup/1.15.3/jsoup-1.15.3.jar:/Users/2076049/.m2/repository/com/aventstack/klov-reporter/5.0.9/klov-reporter-5.0.9.jar:/Users/2076049/.m2/repository/org/mongodb/mongodb-driver/3.6.4/mongodb-driver-3.6.4.jar:/Users/2076049/.m2/repository/org/mongodb/mongodb-driver-core/3.6.4/mongodb-driver-core-3.6.4.jar:/Users/2076049/.m2/repository/org/mongodb/bson/3.6.4/bson-3.6.4.jar:/Users/2076049/.m2/repository/org/apache/httpcomponents/httpclient/4.5.13/httpclient-4.5.13.jar:/Users/2076049/.m2/repository/org/apache/httpcomponents/httpcore/4.4.13/httpcore-4.4.13.jar:/Users/2076049/.m2/repository/commons-logging/commons-logging/1.2/commons-logging-1.2.jar:/Users/2076049/.m2/repository/org/apache/httpcomponents/httpmime/4.5.13/httpmime-4.5.13.jar:/Users/2076049/.m2/repository/tech/grasshopper/htmlextentreporter/1.0.1/htmlextentreporter-1.0.1.jar:/Users/2076049/.m2/repository/org/projectlombok/lombok/1.18.32/lombok-1.18.32.jar:"/>
    <property name="java.vm.vendor" value="Eclipse Adoptium"/>
    <property name="sun.arch.data.model" value="64"/>
    <property name="java.vendor.url" value="https://adoptium.net/"/>
    <property name="user.timezone" value="Asia/Kolkata"/>
    <property name="os.name" value="Mac OS X"/>
    <property name="java.vm.specification.version" value="17"/>
    <property name="sun.java.launcher" value="SUN_STANDARD"/>
    <property name="user.country" value="IN"/>
    <property name="sun.boot.library.path" value="/Library/Java/JavaVirtualMachines/temurin-17.jdk/Contents/Home/lib"/>
    <property name="sun.java.command" value="/Users/2076049/eclipse-workspace/abbvie/target/surefire/surefirebooter-20250807162549514_3.jar /Users/2076049/eclipse-workspace/abbvie/target/surefire 2025-08-07T16-25-49_443-jvmRun1 surefire-20250807162549514_1tmp surefire_0-20250807162549514_2tmp"/>
    <property name="jdk.debug" value="release"/>
    <property name="surefire.test.class.path" value="/Users/2076049/eclipse-workspace/abbvie/target/test-classes:/Users/2076049/eclipse-workspace/abbvie/target/classes:/Users/2076049/.m2/repository/org/testng/testng/7.11.0/testng-7.11.0.jar:/Users/2076049/.m2/repository/org/slf4j/slf4j-api/2.0.16/slf4j-api-2.0.16.jar:/Users/2076049/.m2/repository/org/jcommander/jcommander/1.83/jcommander-1.83.jar:/Users/2076049/.m2/repository/org/webjars/jquery/3.7.1/jquery-3.7.1.jar:/Users/2076049/.m2/repository/org/seleniumhq/selenium/selenium-java/4.15.0/selenium-java-4.15.0.jar:/Users/2076049/.m2/repository/org/seleniumhq/selenium/selenium-api/4.15.0/selenium-api-4.15.0.jar:/Users/2076049/.m2/repository/org/seleniumhq/selenium/selenium-chrome-driver/4.15.0/selenium-chrome-driver-4.15.0.jar:/Users/2076049/.m2/repository/com/google/auto/service/auto-service-annotations/1.1.1/auto-service-annotations-1.1.1.jar:/Users/2076049/.m2/repository/org/seleniumhq/selenium/selenium-chromium-driver/4.15.0/selenium-chromium-driver-4.15.0.jar:/Users/2076049/.m2/repository/org/seleniumhq/selenium/selenium-json/4.15.0/selenium-json-4.15.0.jar:/Users/2076049/.m2/repository/org/seleniumhq/selenium/selenium-manager/4.15.0/selenium-manager-4.15.0.jar:/Users/2076049/.m2/repository/org/seleniumhq/selenium/selenium-devtools-v117/4.15.0/selenium-devtools-v117-4.15.0.jar:/Users/2076049/.m2/repository/org/seleniumhq/selenium/selenium-devtools-v118/4.15.0/selenium-devtools-v118-4.15.0.jar:/Users/2076049/.m2/repository/org/seleniumhq/selenium/selenium-devtools-v119/4.15.0/selenium-devtools-v119-4.15.0.jar:/Users/2076049/.m2/repository/org/seleniumhq/selenium/selenium-devtools-v85/4.15.0/selenium-devtools-v85-4.15.0.jar:/Users/2076049/.m2/repository/org/seleniumhq/selenium/selenium-edge-driver/4.15.0/selenium-edge-driver-4.15.0.jar:/Users/2076049/.m2/repository/org/seleniumhq/selenium/selenium-firefox-driver/4.15.0/selenium-firefox-driver-4.15.0.jar:/Users/2076049/.m2/repository/org/seleniumhq/selenium/selenium-http/4.15.0/selenium-http-4.15.0.jar:/Users/2076049/.m2/repository/dev/failsafe/failsafe/3.3.2/failsafe-3.3.2.jar:/Users/2076049/.m2/repository/org/seleniumhq/selenium/selenium-ie-driver/4.15.0/selenium-ie-driver-4.15.0.jar:/Users/2076049/.m2/repository/org/seleniumhq/selenium/selenium-remote-driver/4.15.0/selenium-remote-driver-4.15.0.jar:/Users/2076049/.m2/repository/com/google/guava/guava/32.1.2-jre/guava-32.1.2-jre.jar:/Users/2076049/.m2/repository/com/google/guava/failureaccess/1.0.1/failureaccess-1.0.1.jar:/Users/2076049/.m2/repository/com/google/guava/listenablefuture/9999.0-empty-to-avoid-conflict-with-guava/listenablefuture-9999.0-empty-to-avoid-conflict-with-guava.jar:/Users/2076049/.m2/repository/com/google/code/findbugs/jsr305/3.0.2/jsr305-3.0.2.jar:/Users/2076049/.m2/repository/org/checkerframework/checker-qual/3.33.0/checker-qual-3.33.0.jar:/Users/2076049/.m2/repository/com/google/j2objc/j2objc-annotations/2.8/j2objc-annotations-2.8.jar:/Users/2076049/.m2/repository/io/opentelemetry/opentelemetry-api/1.28.0/opentelemetry-api-1.28.0.jar:/Users/2076049/.m2/repository/io/opentelemetry/opentelemetry-context/1.28.0/opentelemetry-context-1.28.0.jar:/Users/2076049/.m2/repository/io/opentelemetry/opentelemetry-exporter-logging/1.28.0/opentelemetry-exporter-logging-1.28.0.jar:/Users/2076049/.m2/repository/io/opentelemetry/opentelemetry-sdk-metrics/1.28.0/opentelemetry-sdk-metrics-1.28.0.jar:/Users/2076049/.m2/repository/io/opentelemetry/opentelemetry-extension-incubator/1.28.0-alpha/opentelemetry-extension-incubator-1.28.0-alpha.jar:/Users/2076049/.m2/repository/io/opentelemetry/opentelemetry-sdk-logs/1.28.0/opentelemetry-sdk-logs-1.28.0.jar:/Users/2076049/.m2/repository/io/opentelemetry/opentelemetry-sdk-common/1.28.0/opentelemetry-sdk-common-1.28.0.jar:/Users/2076049/.m2/repository/io/opentelemetry/opentelemetry-sdk-extension-autoconfigure-spi/1.28.0/opentelemetry-sdk-extension-autoconfigure-spi-1.28.0.jar:/Users/2076049/.m2/repository/io/opentelemetry/opentelemetry-sdk-extension-autoconfigure/1.28.0/opentelemetry-sdk-extension-autoconfigure-1.28.0.jar:/Users/2076049/.m2/repository/io/opentelemetry/opentelemetry-api-events/1.28.0-alpha/opentelemetry-api-events-1.28.0-alpha.jar:/Users/2076049/.m2/repository/io/opentelemetry/opentelemetry-sdk-trace/1.28.0/opentelemetry-sdk-trace-1.28.0.jar:/Users/2076049/.m2/repository/io/opentelemetry/opentelemetry-sdk/1.28.0/opentelemetry-sdk-1.28.0.jar:/Users/2076049/.m2/repository/io/opentelemetry/opentelemetry-semconv/1.28.0-alpha/opentelemetry-semconv-1.28.0-alpha.jar:/Users/2076049/.m2/repository/org/seleniumhq/selenium/selenium-os/4.15.0/selenium-os-4.15.0.jar:/Users/2076049/.m2/repository/org/apache/commons/commons-exec/1.3/commons-exec-1.3.jar:/Users/2076049/.m2/repository/org/seleniumhq/selenium/selenium-safari-driver/4.15.0/selenium-safari-driver-4.15.0.jar:/Users/2076049/.m2/repository/org/seleniumhq/selenium/selenium-support/4.15.0/selenium-support-4.15.0.jar:/Users/2076049/.m2/repository/io/cucumber/cucumber-java/7.24.0/cucumber-java-7.24.0.jar:/Users/2076049/.m2/repository/io/cucumber/cucumber-core/7.24.0/cucumber-core-7.24.0.jar:/Users/2076049/.m2/repository/io/cucumber/cucumber-gherkin/7.24.0/cucumber-gherkin-7.24.0.jar:/Users/2076049/.m2/repository/io/cucumber/cucumber-gherkin-messages/7.24.0/cucumber-gherkin-messages-7.24.0.jar:/Users/2076049/.m2/repository/io/cucumber/gherkin/33.0.0/gherkin-33.0.0.jar:/Users/2076049/.m2/repository/io/cucumber/messages/28.0.0/messages-28.0.0.jar:/Users/2076049/.m2/repository/io/cucumber/pretty-formatter/0.2.0/pretty-formatter-0.2.0.jar:/Users/2076049/.m2/repository/io/cucumber/query/13.5.0/query-13.5.0.jar:/Users/2076049/.m2/repository/io/cucumber/testng-xml-formatter/0.4.0/testng-xml-formatter-0.4.0.jar:/Users/2076049/.m2/repository/io/cucumber/tag-expressions/6.1.2/tag-expressions-6.1.2.jar:/Users/2076049/.m2/repository/io/cucumber/cucumber-expressions/18.0.1/cucumber-expressions-18.0.1.jar:/Users/2076049/.m2/repository/io/cucumber/datatable/7.24.0/datatable-7.24.0.jar:/Users/2076049/.m2/repository/io/cucumber/cucumber-plugin/7.24.0/cucumber-plugin-7.24.0.jar:/Users/2076049/.m2/repository/io/cucumber/docstring/7.24.0/docstring-7.24.0.jar:/Users/2076049/.m2/repository/io/cucumber/html-formatter/21.13.0/html-formatter-21.13.0.jar:/Users/2076049/.m2/repository/io/cucumber/junit-xml-formatter/0.8.0/junit-xml-formatter-0.8.0.jar:/Users/2076049/.m2/repository/io/cucumber/ci-environment/10.0.1/ci-environment-10.0.1.jar:/Users/2076049/.m2/repository/org/apiguardian/apiguardian-api/1.1.2/apiguardian-api-1.1.2.jar:/Users/2076049/.m2/repository/io/cucumber/cucumber-testng/7.24.0/cucumber-testng-7.24.0.jar:/Users/2076049/.m2/repository/io/github/bonigarcia/webdrivermanager/6.1.0/webdrivermanager-6.1.0.jar:/Users/2076049/.m2/repository/com/google/code/gson/gson/2.13.0/gson-2.13.0.jar:/Users/2076049/.m2/repository/com/google/errorprone/error_prone_annotations/2.37.0/error_prone_annotations-2.37.0.jar:/Users/2076049/.m2/repository/com/github/docker-java/docker-java/3.5.0/docker-java-3.5.0.jar:/Users/2076049/.m2/repository/com/github/docker-java/docker-java-core/3.5.0/docker-java-core-3.5.0.jar:/Users/2076049/.m2/repository/com/github/docker-java/docker-java-api/3.5.0/docker-java-api-3.5.0.jar:/Users/2076049/.m2/repository/com/fasterxml/jackson/core/jackson-annotations/2.18.3/jackson-annotations-2.18.3.jar:/Users/2076049/.m2/repository/com/fasterxml/jackson/core/jackson-databind/2.18.3/jackson-databind-2.18.3.jar:/Users/2076049/.m2/repository/com/fasterxml/jackson/core/jackson-core/2.18.3/jackson-core-2.18.3.jar:/Users/2076049/.m2/repository/org/slf4j/jcl-over-slf4j/1.7.30/jcl-over-slf4j-1.7.30.jar:/Users/2076049/.m2/repository/com/github/docker-java/docker-java-transport-httpclient5/3.5.0/docker-java-transport-httpclient5-3.5.0.jar:/Users/2076049/.m2/repository/com/github/docker-java/docker-java-transport/3.5.0/docker-java-transport-3.5.0.jar:/Users/2076049/.m2/repository/net/java/dev/jna/jna/5.17.0/jna-5.17.0.jar:/Users/2076049/.m2/repository/org/brotli/dec/0.1.2/dec-0.1.2.jar:/Users/2076049/.m2/repository/org/apache/commons/commons-lang3/3.17.0/commons-lang3-3.17.0.jar:/Users/2076049/.m2/repository/org/apache/commons/commons-compress/1.27.1/commons-compress-1.27.1.jar:/Users/2076049/.m2/repository/commons-codec/commons-codec/1.17.1/commons-codec-1.17.1.jar:/Users/2076049/.m2/repository/commons-io/commons-io/2.16.1/commons-io-2.16.1.jar:/Users/2076049/.m2/repository/org/apache/httpcomponents/client5/httpclient5/5.4.3/httpclient5-5.4.3.jar:/Users/2076049/.m2/repository/org/apache/httpcomponents/core5/httpcore5/5.3.4/httpcore5-5.3.4.jar:/Users/2076049/.m2/repository/org/apache/httpcomponents/core5/httpcore5-h2/5.3.4/httpcore5-h2-5.3.4.jar:/Users/2076049/.m2/repository/net/java/dev/jna/jna-platform/5.13.0/jna-platform-5.13.0.jar:/Users/2076049/.m2/repository/org/assertj/assertj-core/3.24.2/assertj-core-3.24.2.jar:/Users/2076049/.m2/repository/net/bytebuddy/byte-buddy/1.12.21/byte-buddy-1.12.21.jar:/Users/2076049/.m2/repository/com/aventstack/extentreports/5.0.9/extentreports-5.0.9.jar:/Users/2076049/.m2/repository/io/reactivex/rxjava3/rxjava/3.0.4/rxjava-3.0.4.jar:/Users/2076049/.m2/repository/org/reactivestreams/reactive-streams/1.0.3/reactive-streams-1.0.3.jar:/Users/2076049/.m2/repository/org/freemarker/freemarker/2.3.30/freemarker-2.3.30.jar:/Users/2076049/.m2/repository/tech/grasshopper/extentreports-cucumber7-adapter/1.9.2/extentreports-cucumber7-adapter-1.9.2.jar:/Users/2076049/.m2/repository/tech/grasshopper/extent-pdf-report/2.9.1/extent-pdf-report-2.9.1.jar:/Users/2076049/.m2/repository/tech/grasshopper/cucumber-pdf-report/2.11.1/cucumber-pdf-report-2.11.1.jar:/Users/2076049/.m2/repository/org/apache/pdfbox/pdfbox/2.0.26/pdfbox-2.0.26.jar:/Users/2076049/.m2/repository/org/apache/pdfbox/fontbox/2.0.26/fontbox-2.0.26.jar:/Users/2076049/.m2/repository/org/knowm/xchart/xchart/3.8.0/xchart-3.8.0.jar:/Users/2076049/.m2/repository/de/erichseifert/vectorgraphics2d/VectorGraphics2D/0.13/VectorGraphics2D-0.13.jar:/Users/2076049/.m2/repository/de/rototor/pdfbox/graphics2d/0.30/graphics2d-0.30.jar:/Users/2076049/.m2/repository/com/madgag/animated-gif-lib/1.4/animated-gif-lib-1.4.jar:/Users/2076049/.m2/repository/org/yaml/snakeyaml/1.28/snakeyaml-1.28.jar:/Users/2076049/.m2/repository/tech/grasshopper/table-layout/1.5.1/table-layout-1.5.1.jar:/Users/2076049/.m2/repository/tech/grasshopper/rest-assured-cucumber-pdf-report/1.4.1/rest-assured-cucumber-pdf-report-1.4.1.jar:/Users/2076049/.m2/repository/org/jsoup/jsoup/1.15.3/jsoup-1.15.3.jar:/Users/2076049/.m2/repository/com/aventstack/klov-reporter/5.0.9/klov-reporter-5.0.9.jar:/Users/2076049/.m2/repository/org/mongodb/mongodb-driver/3.6.4/mongodb-driver-3.6.4.jar:/Users/2076049/.m2/repository/org/mongodb/mongodb-driver-core/3.6.4/mongodb-driver-core-3.6.4.jar:/Users/2076049/.m2/repository/org/mongodb/bson/3.6.4/bson-3.6.4.jar:/Users/2076049/.m2/repository/org/apache/httpcomponents/httpclient/4.5.13/httpclient-4.5.13.jar:/Users/2076049/.m2/repository/org/apache/httpcomponents/httpcore/4.4.13/httpcore-4.4.13.jar:/Users/2076049/.m2/repository/commons-logging/commons-logging/1.2/commons-logging-1.2.jar:/Users/2076049/.m2/repository/org/apache/httpcomponents/httpmime/4.5.13/httpmime-4.5.13.jar:/Users/2076049/.m2/repository/tech/grasshopper/htmlextentreporter/1.0.1/htmlextentreporter-1.0.1.jar:/Users/2076049/.m2/repository/org/projectlombok/lombok/1.18.32/lombok-1.18.32.jar:"/>
    <property name="sun.cpu.endian" value="little"/>
    <property name="user.home" value="/Users/2076049"/>
    <property name="user.language" value="en"/>
    <property name="java.specification.vendor" value="Oracle Corporation"/>
    <property name="java.version.date" value="2025-07-15"/>
    <property name="java.home" value="/Library/Java/JavaVirtualMachines/temurin-17.jdk/Contents/Home"/>
    <property name="file.separator" value="/"/>
    <property name="basedir" value="/Users/2076049/eclipse-workspace/abbvie"/>
    <property name="java.vm.compressedOopsMode" value="Zero based"/>
    <property name="line.separator" value="&#10;"/>
    <property name="java.specification.name" value="Java Platform API Specification"/>
    <property name="java.vm.specification.vendor" value="Oracle Corporation"/>
    <property name="surefire.real.class.path" value="/Users/2076049/eclipse-workspace/abbvie/target/surefire/surefirebooter-20250807162549514_3.jar"/>
    <property name="sun.management.compiler" value="HotSpot 64-Bit Tiered Compilers"/>
    <property name="java.runtime.version" value="17.0.16+8"/>
    <property name="user.name" value="2076049"/>
    <property name="path.separator" value=":"/>
    <property name="os.version" value="15.5"/>
    <property name="java.runtime.name" value="OpenJDK Runtime Environment"/>
    <property name="file.encoding" value="UTF-8"/>
    <property name="java.vm.name" value="OpenJDK 64-Bit Server VM"/>
    <property name="java.vendor.version" value="Temurin-17.0.16+8"/>
    <property name="localRepository" value="/Users/2076049/.m2/repository"/>
    <property name="java.vendor.url.bug" value="https://github.com/adoptium/adoptium-support/issues"/>
    <property name="java.io.tmpdir" value="/var/folders/yq/_yp1rq0n6mj08mhk7h8_lv3r0000gp/T/"/>
    <property name="java.version" value="17.0.16"/>
    <property name="user.dir" value="/Users/2076049/eclipse-workspace/abbvie"/>
    <property name="os.arch" value="aarch64"/>
    <property name="java.vm.specification.name" value="Java Virtual Machine Specification"/>
    <property name="native.encoding" value="UTF-8"/>
    <property name="java.library.path" value="/Users/2076049/Library/Java/Extensions:/Library/Java/Extensions:/Network/Library/Java/Extensions:/System/Library/Java/Extensions:/usr/lib/java:."/>
    <property name="java.vm.info" value="mixed mode, sharing"/>
    <property name="java.vendor" value="Eclipse Adoptium"/>
    <property name="java.vm.version" value="17.0.16+8"/>
    <property name="java.specification.maintenance.version" value="1"/>
    <property name="sun.io.unicode.encoding" value="UnicodeBig"/>
    <property name="java.class.version" value="61.0"/>
  </properties>
  <testcase name="testNavigation" classname="automationTesting.AbbviePro.HeaderTest" time="11.255">
    <system-out><![CDATA[Report created: reports/Report_07_August_04.25_PM.html
Report display name: Report 07 August 04.25 PM
]]></system-out>
    <system-err><![CDATA[SLF4J(W): No SLF4J providers were found.
SLF4J(W): Defaulting to no-operation (NOP) logger implementation
SLF4J(W): See https://www.slf4j.org/codes.html#noProviders for further details.
Aug 07, 2025 4:25:51 PM org.openqa.selenium.devtools.CdpVersionFinder findNearestMatch
WARNING: Unable to find CDP implementation matching 138
Aug 07, 2025 4:25:51 PM org.openqa.selenium.chromium.ChromiumDriver lambda$new$5
WARNING: Unable to find version of CDP to use for 138.0.7204.184. You may need to include a dependency on a specific version of the CDP using something similar to `org.seleniumhq.selenium:selenium-devtools-v86:4.15.0` where the version ("v86") matches the version of the chromium-based browser you're using and the version number of the artifact is the same as Selenium's.
]]></system-err>
  </testcase>
  <testcase name="testHeaderLogo" classname="automationTesting.AbbviePro.HeaderTest" time="3.432"/>
  <testcase name="testRegister_WithEmail" classname="automationTesting.AbbviePro.HeaderTest" time="10.848"/>
  <testcase name="testRegister_FillDetails" classname="automationTesting.AbbviePro.HeaderTest" time="6.313"/>
  <testcase name="testHomePageButton" classname="automationTesting.AbbviePro.HeaderTest" time="2.362"/>
  <testcase name="testProductPageButton" classname="automationTesting.AbbviePro.HeaderTest" time="3.273"/>
  <testcase name="testProductChevronIcon" classname="automationTesting.AbbviePro.HeaderTest" time="0.921"/>
  <testcase name="testProductOverviewButton" classname="automationTesting.AbbviePro.HeaderTest" time="4.928"/>
  <testcase name="testProductAndUserInformationButton" classname="automationTesting.AbbviePro.HeaderTest" time="9.365"/>
  <testcase name="testTrainingMaterialButton" classname="automationTesting.AbbviePro.HeaderTest" time="4.154"/>
  <testcase name="testTherapiegebieteButton" classname="automationTesting.AbbviePro.HeaderTest" time="4.668"/>
  <testcase name="testImmunologieButton" classname="automationTesting.AbbviePro.HeaderTest" time="4.137">
    <failure message="Failed to navigate to Immunologie page expected [true] but found [false]" type="java.lang.AssertionError"><![CDATA[java.lang.AssertionError: Failed to navigate to Immunologie page expected [true] but found [false]
	at org.testng.Assert.fail(Assert.java:111)
	at org.testng.Assert.failNotEquals(Assert.java:1590)
	at org.testng.Assert.assertTrue(Assert.java:57)
	at automationTesting.AbbviePro.Header.clickOnImmunologieButton(Header.java:228)
	at automationTesting.AbbviePro.HeaderTest.testImmunologieButton(HeaderTest.java:246)
	at java.base/jdk.internal.reflect.NativeMethodAccessorImpl.invoke0(Native Method)
	at java.base/jdk.internal.reflect.NativeMethodAccessorImpl.invoke(NativeMethodAccessorImpl.java:77)
	at java.base/jdk.internal.reflect.DelegatingMethodAccessorImpl.invoke(DelegatingMethodAccessorImpl.java:43)
	at java.base/java.lang.reflect.Method.invoke(Method.java:569)
	at org.testng.internal.invokers.MethodInvocationHelper.invokeMethod(MethodInvocationHelper.java:141)
	at org.testng.internal.invokers.TestInvoker.invokeMethod(TestInvoker.java:687)
	at org.testng.internal.invokers.TestInvoker.invokeTestMethod(TestInvoker.java:230)
	at org.testng.internal.invokers.MethodRunner.runInSequence(MethodRunner.java:63)
	at org.testng.internal.invokers.TestInvoker$MethodInvocationAgent.invoke(TestInvoker.java:995)
	at org.testng.internal.invokers.TestInvoker.invokeTestMethods(TestInvoker.java:203)
	at org.testng.internal.invokers.TestMethodWorker.invokeTestMethods(TestMethodWorker.java:154)
	at org.testng.internal.invokers.TestMethodWorker.run(TestMethodWorker.java:134)
	at java.base/java.util.ArrayList.forEach(ArrayList.java:1511)
	at org.testng.TestRunner.privateRun(TestRunner.java:741)
	at org.testng.TestRunner.run(TestRunner.java:616)
	at org.testng.SuiteRunner.runTest(SuiteRunner.java:421)
	at org.testng.SuiteRunner.runSequentially(SuiteRunner.java:413)
	at org.testng.SuiteRunner.privateRun(SuiteRunner.java:373)
	at org.testng.SuiteRunner.run(SuiteRunner.java:312)
	at org.testng.SuiteRunnerWorker.runSuite(SuiteRunnerWorker.java:52)
	at org.testng.SuiteRunnerWorker.run(SuiteRunnerWorker.java:95)
	at org.testng.TestNG.runSuitesSequentially(TestNG.java:1274)
	at org.testng.TestNG.runSuitesLocally(TestNG.java:1208)
	at org.testng.TestNG.runSuites(TestNG.java:1112)
	at org.testng.TestNG.run(TestNG.java:1079)
	at org.apache.maven.surefire.testng.TestNGExecutor.run(TestNGExecutor.java:308)
	at org.apache.maven.surefire.testng.TestNGXmlTestSuite.execute(TestNGXmlTestSuite.java:71)
	at org.apache.maven.surefire.testng.TestNGProvider.invoke(TestNGProvider.java:113)
	at org.apache.maven.surefire.booter.ForkedBooter.runSuitesInProcess(ForkedBooter.java:385)
	at org.apache.maven.surefire.booter.ForkedBooter.execute(ForkedBooter.java:162)
	at org.apache.maven.surefire.booter.ForkedBooter.run(ForkedBooter.java:507)
	at org.apache.maven.surefire.booter.ForkedBooter.main(ForkedBooter.java:495)
]]></failure>
  </testcase>
  <testcase name="testDermatologieButton" classname="automationTesting.AbbviePro.HeaderTest" time="10.35"/>
  <testcase name="testGastroenterologieButton" classname="automationTesting.AbbviePro.HeaderTest" time="4.455"/>
  <testcase name="testRheumatologieButton" classname="automationTesting.AbbviePro.HeaderTest" time="4.169"/>
  <testcase name="testOnkologieButton" classname="automationTesting.AbbviePro.HeaderTest" time="5.259"/>
  <testcase name="testHematooncologyButton" classname="automationTesting.AbbviePro.HeaderTest" time="4.8"/>
  <testcase name="testSolidTumorsButton" classname="automationTesting.AbbviePro.HeaderTest" time="4.549"/>
  <testcase name="testNeurologyButton" classname="automationTesting.AbbviePro.HeaderTest" time="2.51"/>
  <testcase name="testMigraineButton" classname="automationTesting.AbbviePro.HeaderTest" time="3.77"/>
  <testcase name="testParkinsonsDiseaseButton" classname="automationTesting.AbbviePro.HeaderTest" time="4.464"/>
  <testcase name="testSpasticityAfterStrokeButton" classname="automationTesting.AbbviePro.HeaderTest" time="3.051"/>
  <testcase name="testVirologyButton" classname="automationTesting.AbbviePro.HeaderTest" time="4.146">
    <failure message="Failed to navigate to Virologie page expected [true] but found [false]" type="java.lang.AssertionError"><![CDATA[java.lang.AssertionError: Failed to navigate to Virologie page expected [true] but found [false]
	at org.testng.Assert.fail(Assert.java:111)
	at org.testng.Assert.failNotEquals(Assert.java:1590)
	at org.testng.Assert.assertTrue(Assert.java:57)
	at automationTesting.AbbviePro.Header.clickOnVirologyButton(Header.java:340)
	at automationTesting.AbbviePro.HeaderTest.testVirologyButton(HeaderTest.java:480)
	at java.base/jdk.internal.reflect.NativeMethodAccessorImpl.invoke0(Native Method)
	at java.base/jdk.internal.reflect.NativeMethodAccessorImpl.invoke(NativeMethodAccessorImpl.java:77)
	at java.base/jdk.internal.reflect.DelegatingMethodAccessorImpl.invoke(DelegatingMethodAccessorImpl.java:43)
	at java.base/java.lang.reflect.Method.invoke(Method.java:569)
	at org.testng.internal.invokers.MethodInvocationHelper.invokeMethod(MethodInvocationHelper.java:141)
	at org.testng.internal.invokers.TestInvoker.invokeMethod(TestInvoker.java:687)
	at org.testng.internal.invokers.TestInvoker.invokeTestMethod(TestInvoker.java:230)
	at org.testng.internal.invokers.MethodRunner.runInSequence(MethodRunner.java:63)
	at org.testng.internal.invokers.TestInvoker$MethodInvocationAgent.invoke(TestInvoker.java:995)
	at org.testng.internal.invokers.TestInvoker.invokeTestMethods(TestInvoker.java:203)
	at org.testng.internal.invokers.TestMethodWorker.invokeTestMethods(TestMethodWorker.java:154)
	at org.testng.internal.invokers.TestMethodWorker.run(TestMethodWorker.java:134)
	at java.base/java.util.ArrayList.forEach(ArrayList.java:1511)
	at org.testng.TestRunner.privateRun(TestRunner.java:741)
	at org.testng.TestRunner.run(TestRunner.java:616)
	at org.testng.SuiteRunner.runTest(SuiteRunner.java:421)
	at org.testng.SuiteRunner.runSequentially(SuiteRunner.java:413)
	at org.testng.SuiteRunner.privateRun(SuiteRunner.java:373)
	at org.testng.SuiteRunner.run(SuiteRunner.java:312)
	at org.testng.SuiteRunnerWorker.runSuite(SuiteRunnerWorker.java:52)
	at org.testng.SuiteRunnerWorker.run(SuiteRunnerWorker.java:95)
	at org.testng.TestNG.runSuitesSequentially(TestNG.java:1274)
	at org.testng.TestNG.runSuitesLocally(TestNG.java:1208)
	at org.testng.TestNG.runSuites(TestNG.java:1112)
	at org.testng.TestNG.run(TestNG.java:1079)
	at org.apache.maven.surefire.testng.TestNGExecutor.run(TestNGExecutor.java:308)
	at org.apache.maven.surefire.testng.TestNGXmlTestSuite.execute(TestNGXmlTestSuite.java:71)
	at org.apache.maven.surefire.testng.TestNGProvider.invoke(TestNGProvider.java:113)
	at org.apache.maven.surefire.booter.ForkedBooter.runSuitesInProcess(ForkedBooter.java:385)
	at org.apache.maven.surefire.booter.ForkedBooter.execute(ForkedBooter.java:162)
	at org.apache.maven.surefire.booter.ForkedBooter.run(ForkedBooter.java:507)
	at org.apache.maven.surefire.booter.ForkedBooter.main(ForkedBooter.java:495)
]]></failure>
  </testcase>
  <testcase name="testHepatitisCHCVButton" classname="automationTesting.AbbviePro.HeaderTest" time="10.546"/>
  <testcase name="testOphthalmologyParentButton" classname="automationTesting.AbbviePro.HeaderTest" time="4.256">
    <failure message="Failed to navigate to Augenheilkunde page expected [true] but found [false]" type="java.lang.AssertionError"><![CDATA[java.lang.AssertionError: Failed to navigate to Augenheilkunde page expected [true] but found [false]
	at org.testng.Assert.fail(Assert.java:111)
	at org.testng.Assert.failNotEquals(Assert.java:1590)
	at org.testng.Assert.assertTrue(Assert.java:57)
	at automationTesting.AbbviePro.Header.clickOnOphthalmologyParentButton(Header.java:359)
	at automationTesting.AbbviePro.HeaderTest.testOphthalmologyParentButton(HeaderTest.java:524)
	at java.base/jdk.internal.reflect.NativeMethodAccessorImpl.invoke0(Native Method)
	at java.base/jdk.internal.reflect.NativeMethodAccessorImpl.invoke(NativeMethodAccessorImpl.java:77)
	at java.base/jdk.internal.reflect.DelegatingMethodAccessorImpl.invoke(DelegatingMethodAccessorImpl.java:43)
	at java.base/java.lang.reflect.Method.invoke(Method.java:569)
	at org.testng.internal.invokers.MethodInvocationHelper.invokeMethod(MethodInvocationHelper.java:141)
	at org.testng.internal.invokers.TestInvoker.invokeMethod(TestInvoker.java:687)
	at org.testng.internal.invokers.TestInvoker.invokeTestMethod(TestInvoker.java:230)
	at org.testng.internal.invokers.MethodRunner.runInSequence(MethodRunner.java:63)
	at org.testng.internal.invokers.TestInvoker$MethodInvocationAgent.invoke(TestInvoker.java:995)
	at org.testng.internal.invokers.TestInvoker.invokeTestMethods(TestInvoker.java:203)
	at org.testng.internal.invokers.TestMethodWorker.invokeTestMethods(TestMethodWorker.java:154)
	at org.testng.internal.invokers.TestMethodWorker.run(TestMethodWorker.java:134)
	at java.base/java.util.ArrayList.forEach(ArrayList.java:1511)
	at org.testng.TestRunner.privateRun(TestRunner.java:741)
	at org.testng.TestRunner.run(TestRunner.java:616)
	at org.testng.SuiteRunner.runTest(SuiteRunner.java:421)
	at org.testng.SuiteRunner.runSequentially(SuiteRunner.java:413)
	at org.testng.SuiteRunner.privateRun(SuiteRunner.java:373)
	at org.testng.SuiteRunner.run(SuiteRunner.java:312)
	at org.testng.SuiteRunnerWorker.runSuite(SuiteRunnerWorker.java:52)
	at org.testng.SuiteRunnerWorker.run(SuiteRunnerWorker.java:95)
	at org.testng.TestNG.runSuitesSequentially(TestNG.java:1274)
	at org.testng.TestNG.runSuitesLocally(TestNG.java:1208)
	at org.testng.TestNG.runSuites(TestNG.java:1112)
	at org.testng.TestNG.run(TestNG.java:1079)
	at org.apache.maven.surefire.testng.TestNGExecutor.run(TestNGExecutor.java:308)
	at org.apache.maven.surefire.testng.TestNGXmlTestSuite.execute(TestNGXmlTestSuite.java:71)
	at org.apache.maven.surefire.testng.TestNGProvider.invoke(TestNGProvider.java:113)
	at org.apache.maven.surefire.booter.ForkedBooter.runSuitesInProcess(ForkedBooter.java:385)
	at org.apache.maven.surefire.booter.ForkedBooter.execute(ForkedBooter.java:162)
	at org.apache.maven.surefire.booter.ForkedBooter.run(ForkedBooter.java:507)
	at org.apache.maven.surefire.booter.ForkedBooter.main(ForkedBooter.java:495)
]]></failure>
  </testcase>
  <testcase name="testOphthalmologyChildButton" classname="automationTesting.AbbviePro.HeaderTest" time="10.483"/>
  <testcase name="testUrologyButton" classname="automationTesting.AbbviePro.HeaderTest" time="2.362"/>
  <testcase name="testIdiopathicOveractiveBladderButton" classname="automationTesting.AbbviePro.HeaderTest" time="3.501"/>
  <testcase name="testNeurogenicDetrusorOveractivityButton" classname="automationTesting.AbbviePro.HeaderTest" time="2.624"/>
  <testcase name="testEventsAndTrainingButton" classname="automationTesting.AbbviePro.HeaderTest" time="4.402"/>
  <testcase name="testEventsAndTrainingChevronIcon" classname="automationTesting.AbbviePro.HeaderTest" time="0.889"/>
  <testcase name="testMedicalScientificEventsButton" classname="automationTesting.AbbviePro.HeaderTest" time="10.397"/>
  <testcase name="testProductRelatedEventsButton" classname="automationTesting.AbbviePro.HeaderTest" time="7.043"/>
  <testcase name="testEventsAndTrainingRegisterNowButton" classname="automationTesting.AbbviePro.HeaderTest" time="2.865"/>
  <testcase name="testServiceAndContactButton" classname="automationTesting.AbbviePro.HeaderTest" time="3.179"/>
  <testcase name="testNavigation" classname="automationTesting.AbbviePro.FooterTest" time="5.503">
    <system-out><![CDATA[Report created: reports/Report_07_August_04.28_PM.html
Report display name: Report 07 August 04.28 PM
]]></system-out>
    <system-err><![CDATA[Aug 07, 2025 4:28:56 PM org.openqa.selenium.devtools.CdpVersionFinder findNearestMatch
WARNING: Unable to find CDP implementation matching 138
Aug 07, 2025 4:28:56 PM org.openqa.selenium.chromium.ChromiumDriver lambda$new$5
WARNING: Unable to find version of CDP to use for 138.0.7204.184. You may need to include a dependency on a specific version of the CDP using something similar to `org.seleniumhq.selenium:selenium-devtools-v86:4.15.0` where the version ("v86") matches the version of the chromium-based browser you're using and the version number of the artifact is the same as Selenium's.
]]></system-err>
  </testcase>
  <testcase name="testFooterLogo" classname="automationTesting.AbbviePro.FooterTest" time="2.702"/>
  <testcase name="testDermatologieButton" classname="automationTesting.AbbviePro.FooterTest" time="4.446">
    <system-out><![CDATA[https://www.abbviepro.com/de/de/therapiegebiete/immunologie/dermatologie.html - Dermatologie | AbbVie Pro Deutschland
]]></system-out>
  </testcase>
  <testcase name="testGastroenterologieButton" classname="automationTesting.AbbviePro.FooterTest" time="2.761">
    <system-out><![CDATA[https://www.abbviepro.com/de/de/therapiegebiete/immunologie/gastroenterologie.html - Gastroenterologie | AbbVie Pro Deutschland
]]></system-out>
  </testcase>
  <testcase name="testRheumatologieButton" classname="automationTesting.AbbviePro.FooterTest" time="3.862">
    <system-out><![CDATA[https://www.abbviepro.com/de/de/therapiegebiete/immunologie/rheumatologie.html - Rheumatologie | AbbVie Pro Deutschland
]]></system-out>
  </testcase>
  <testcase name="testOnkologieButton" classname="automationTesting.AbbviePro.FooterTest" time="2.746">
    <system-out><![CDATA[https://www.abbviepro.com/de/de/therapiegebiete/onkologie.html - Onkologie | AbbVie Pro Deutschland
]]></system-out>
  </testcase>
  <testcase name="testNeurologieButton" classname="automationTesting.AbbviePro.FooterTest" time="3.482">
    <system-out><![CDATA[https://www.abbviepro.com/de/de/therapiegebiete/neurologie/parkinson-krankheit.html - Parkinson-Krankheit | AbbVie Pro Deutschland
]]></system-out>
  </testcase>
  <testcase name="testHCVButton" classname="automationTesting.AbbviePro.FooterTest" time="2.94">
    <system-out><![CDATA[https://www.abbviepro.com/de/de/therapiegebiete/virologie/hepatitis-c.html - Hepatitis C (HCV) | AbbVie Pro Deutschland
]]></system-out>
  </testcase>
  <testcase name="testOphthalmologieButton" classname="automationTesting.AbbviePro.FooterTest" time="3.164">
    <system-out><![CDATA[https://www.abbviepro.com/de/de/therapiegebiete/augenheilkunde/ophthalmologie.html - Ophthalmologie | AbbVie Pro Deutschland
]]></system-out>
  </testcase>
  <testcase name="testUrologieButton" classname="automationTesting.AbbviePro.FooterTest" time="2.917">
    <system-out><![CDATA[https://www.abbviepro.com/de/de/therapiegebiete/urologie.html - Urologie | AbbVie Pro Deutschland
]]></system-out>
  </testcase>
  <testcase name="testImprintButton" classname="automationTesting.AbbviePro.FooterTest" time="5.092">
    <system-out><![CDATA[New window closed.
Switched back to original window.
]]></system-out>
  </testcase>
  <testcase name="testPrivacyPolicyButton" classname="automationTesting.AbbviePro.FooterTest" time="116.027"/>
  <testcase name="testTermsOfUseButton" classname="automationTesting.AbbviePro.FooterTest" time="3.53"/>
  <testcase name="testContactInformationButton" classname="automationTesting.AbbviePro.FooterTest" time="7.89"/>
  <testcase name="testSitemapButton" classname="automationTesting.AbbviePro.FooterTest" time="3.728"/>
  <testcase name="testNavigation" classname="automationTesting.AbbviePro.RegistrationTest" time="6.669">
    <system-out><![CDATA[Report created: reports/Report_07_August_04.31_PM.html
Report display name: Report 07 August 04.31 PM
]]></system-out>
    <system-err><![CDATA[Aug 07, 2025 4:31:51 PM org.openqa.selenium.devtools.CdpVersionFinder findNearestMatch
WARNING: Unable to find CDP implementation matching 138
Aug 07, 2025 4:31:51 PM org.openqa.selenium.chromium.ChromiumDriver lambda$new$5
WARNING: Unable to find version of CDP to use for 138.0.7204.184. You may need to include a dependency on a specific version of the CDP using something similar to `org.seleniumhq.selenium:selenium-devtools-v86:4.15.0` where the version ("v86") matches the version of the chromium-based browser you're using and the version number of the artifact is the same as Selenium's.
]]></system-err>
  </testcase>
  <testcase name="testHomePageNavigation" classname="automationTesting.AbbviePro.RegistrationTest" time="5.562"/>
  <testcase name="testProductsLearnMore" classname="automationTesting.AbbviePro.RegistrationTest" time="2.529"/>
  <testcase name="testTheoropaticButton" classname="automationTesting.AbbviePro.RegistrationTest" time="4.34"/>
  <testcase name="testContactButton" classname="automationTesting.AbbviePro.RegistrationTest" time="3.507"/>
  <testcase name="testSecondRegisterButton" classname="automationTesting.AbbviePro.RegistrationTest" time="3.978"/>
  <testcase name="testSignUpButton" classname="automationTesting.AbbviePro.RegistrationTest" time="4.225"/>
  <testcase name="testNavigation" classname="automationTesting.AbbviePro.DermatologieTest" time="6.331">
    <system-out><![CDATA[Report created: reports/Report_07_August_04.32_PM.html
Report display name: Report 07 August 04.32 PM
]]></system-out>
    <system-err><![CDATA[Aug 07, 2025 4:32:26 PM org.openqa.selenium.devtools.CdpVersionFinder findNearestMatch
WARNING: Unable to find CDP implementation matching 138
Aug 07, 2025 4:32:26 PM org.openqa.selenium.chromium.ChromiumDriver lambda$new$5
WARNING: Unable to find version of CDP to use for 138.0.7204.184. You may need to include a dependency on a specific version of the CDP using something similar to `org.seleniumhq.selenium:selenium-devtools-v86:4.15.0` where the version ("v86") matches the version of the chromium-based browser you're using and the version number of the artifact is the same as Selenium's.
]]></system-err>
  </testcase>
  <testcase name="testDermatologieButtonNavigation" classname="automationTesting.AbbviePro.DermatologieTest" time="3.579"/>
  <testcase name="testLearnMoreButton" classname="automationTesting.AbbviePro.DermatologieTest" time="8.414"/>
  <testcase name="testStreamNowButton" classname="automationTesting.AbbviePro.DermatologieTest" time="4.62">
    <failure message="Failed to navigate to DermaTalks expected [true] but found [false]" type="java.lang.AssertionError"><![CDATA[java.lang.AssertionError: Failed to navigate to DermaTalks expected [true] but found [false]
	at org.testng.Assert.fail(Assert.java:111)
	at org.testng.Assert.failNotEquals(Assert.java:1590)
	at org.testng.Assert.assertTrue(Assert.java:57)
	at automationTesting.AbbviePro.Dermatologie.clickStreamNowButton(Dermatologie.java:126)
	at automationTesting.AbbviePro.DermatologieTest.testStreamNowButton(DermatologieTest.java:56)
	at java.base/jdk.internal.reflect.NativeMethodAccessorImpl.invoke0(Native Method)
	at java.base/jdk.internal.reflect.NativeMethodAccessorImpl.invoke(NativeMethodAccessorImpl.java:77)
	at java.base/jdk.internal.reflect.DelegatingMethodAccessorImpl.invoke(DelegatingMethodAccessorImpl.java:43)
	at java.base/java.lang.reflect.Method.invoke(Method.java:569)
	at org.testng.internal.invokers.MethodInvocationHelper.invokeMethod(MethodInvocationHelper.java:141)
	at org.testng.internal.invokers.TestInvoker.invokeMethod(TestInvoker.java:687)
	at org.testng.internal.invokers.TestInvoker.invokeTestMethod(TestInvoker.java:230)
	at org.testng.internal.invokers.MethodRunner.runInSequence(MethodRunner.java:63)
	at org.testng.internal.invokers.TestInvoker$MethodInvocationAgent.invoke(TestInvoker.java:995)
	at org.testng.internal.invokers.TestInvoker.invokeTestMethods(TestInvoker.java:203)
	at org.testng.internal.invokers.TestMethodWorker.invokeTestMethods(TestMethodWorker.java:154)
	at org.testng.internal.invokers.TestMethodWorker.run(TestMethodWorker.java:134)
	at java.base/java.util.ArrayList.forEach(ArrayList.java:1511)
	at org.testng.TestRunner.privateRun(TestRunner.java:741)
	at org.testng.TestRunner.run(TestRunner.java:616)
	at org.testng.SuiteRunner.runTest(SuiteRunner.java:421)
	at org.testng.SuiteRunner.runSequentially(SuiteRunner.java:413)
	at org.testng.SuiteRunner.privateRun(SuiteRunner.java:373)
	at org.testng.SuiteRunner.run(SuiteRunner.java:312)
	at org.testng.SuiteRunnerWorker.runSuite(SuiteRunnerWorker.java:52)
	at org.testng.SuiteRunnerWorker.run(SuiteRunnerWorker.java:95)
	at org.testng.TestNG.runSuitesSequentially(TestNG.java:1274)
	at org.testng.TestNG.runSuitesLocally(TestNG.java:1208)
	at org.testng.TestNG.runSuites(TestNG.java:1112)
	at org.testng.TestNG.run(TestNG.java:1079)
	at org.apache.maven.surefire.testng.TestNGExecutor.run(TestNGExecutor.java:308)
	at org.apache.maven.surefire.testng.TestNGXmlTestSuite.execute(TestNGXmlTestSuite.java:71)
	at org.apache.maven.surefire.testng.TestNGProvider.invoke(TestNGProvider.java:113)
	at org.apache.maven.surefire.booter.ForkedBooter.runSuitesInProcess(ForkedBooter.java:385)
	at org.apache.maven.surefire.booter.ForkedBooter.execute(ForkedBooter.java:162)
	at org.apache.maven.surefire.booter.ForkedBooter.run(ForkedBooter.java:507)
	at org.apache.maven.surefire.booter.ForkedBooter.main(ForkedBooter.java:495)
]]></failure>
  </testcase>
  <testcase name="testCardLoadMoreButton" classname="automationTesting.AbbviePro.DermatologieTest" time="3.175"/>
  <testcase name="testFirstCardReadMoreButton" classname="automationTesting.AbbviePro.DermatologieTest" time="2.432"/>
  <testcase name="testSecondCardReadMoreButton" classname="automationTesting.AbbviePro.DermatologieTest" time="2.682"/>
  <testcase name="testThirdCardReadMoreButton" classname="automationTesting.AbbviePro.DermatologieTest" time="2.394"/>
  <testcase name="testFourthCardReadMoreButton" classname="automationTesting.AbbviePro.DermatologieTest" time="2.337"/>
  <testcase name="testFifthCardReadMoreButton" classname="automationTesting.AbbviePro.DermatologieTest" time="3.254"/>
  <testcase name="testSixthCardReadMoreButton" classname="automationTesting.AbbviePro.DermatologieTest" time="3.291"/>
  <testcase name="testSeventhCardReadMoreButton" classname="automationTesting.AbbviePro.DermatologieTest" time="3.517"/>
  <testcase name="testEighthCardReadMoreButton" classname="automationTesting.AbbviePro.DermatologieTest" time="2.557"/>
  <testcase name="testNinethCardReadMoreButton" classname="automationTesting.AbbviePro.DermatologieTest" time="2.29"/>
  <testcase name="testContactUsButton" classname="automationTesting.AbbviePro.DermatologieTest" time="3.145"/>
  <testcase name="testAbbvieCareButton" classname="automationTesting.AbbviePro.DermatologieTest" time="4.302"/>
  <testcase name="testAbbvieCareLearnMoreButton" classname="automationTesting.AbbviePro.DermatologieTest" time="3.605"/>
  <testcase name="testAtopicDermatitisButton" classname="automationTesting.AbbviePro.DermatologieTest" time="5.049"/>
  <testcase name="testPSOUL_ReadMoreButton" classname="automationTesting.AbbviePro.DermatologieTest" time="9.349"/>
  <testcase name="testScrollToPageTop" classname="automationTesting.AbbviePro.DermatologieTest" time="0.268">
    <system-out><![CDATA[Page scrolled to the top.
]]></system-out>
  </testcase>
  <testcase name="testPageScrolling" classname="automationTesting.AbbviePro.DermatologieTest" time="13.735">
    <system-out><![CDATA[Starting slow scroll to bottom...
]]></system-out>
  </testcase>
  <testcase name="testNavigation" classname="automationTesting.AbbviePro.GastroenterologieTest" time="6.989">
    <system-out><![CDATA[Report created: reports/Report_07_August_04.34_PM.html
Report display name: Report 07 August 04.34 PM
]]></system-out>
    <system-err><![CDATA[Aug 07, 2025 4:34:01 PM org.openqa.selenium.devtools.CdpVersionFinder findNearestMatch
WARNING: Unable to find CDP implementation matching 138
Aug 07, 2025 4:34:01 PM org.openqa.selenium.chromium.ChromiumDriver lambda$new$5
WARNING: Unable to find version of CDP to use for 138.0.7204.184. You may need to include a dependency on a specific version of the CDP using something similar to `org.seleniumhq.selenium:selenium-devtools-v86:4.15.0` where the version ("v86") matches the version of the chromium-based browser you're using and the version number of the artifact is the same as Selenium's.
]]></system-err>
  </testcase>
  <testcase name="testGastroenterologieButton" classname="automationTesting.AbbviePro.GastroenterologieTest" time="2.281"/>
  <testcase name="testCardLoadMoreButton" classname="automationTesting.AbbviePro.GastroenterologieTest" time="4.136"/>
  <testcase name="testFirstCardReadMoreButton" classname="automationTesting.AbbviePro.GastroenterologieTest" time="3.987"/>
  <testcase name="testSecondCardReadMoreButton" classname="automationTesting.AbbviePro.GastroenterologieTest" time="4.71"/>
  <testcase name="testThirdCardReadMoreButton" classname="automationTesting.AbbviePro.GastroenterologieTest" time="4.062"/>
  <testcase name="testFourthCardReadMoreButton" classname="automationTesting.AbbviePro.GastroenterologieTest" time="2.492"/>
  <testcase name="testFifthCardReadMoreButton" classname="automationTesting.AbbviePro.GastroenterologieTest" time="2.242"/>
  <testcase name="testSixthCardReadMoreButton" classname="automationTesting.AbbviePro.GastroenterologieTest" time="2.368"/>
  <testcase name="testSeventhCardReadMoreButton" classname="automationTesting.AbbviePro.GastroenterologieTest" time="3.621"/>
  <testcase name="testEighthCardReadMoreButton" classname="automationTesting.AbbviePro.GastroenterologieTest" time="3.155"/>
  <testcase name="testNinethCardReadMoreButton" classname="automationTesting.AbbviePro.GastroenterologieTest" time="3.115"/>
  <testcase name="testTenthCardReadMoreButton" classname="automationTesting.AbbviePro.GastroenterologieTest" time="3.458"/>
  <testcase name="testEleventhCardReadMoreButton" classname="automationTesting.AbbviePro.GastroenterologieTest" time="3.355"/>
  <testcase name="testTwelvethCardReadMoreButton" classname="automationTesting.AbbviePro.GastroenterologieTest" time="3.772"/>
  <testcase name="testThirteenthCardReadMoreButton" classname="automationTesting.AbbviePro.GastroenterologieTest" time="2.419">
    <system-out><![CDATA[13 - https://www.abbviepro.com/de/de/therapiegebiete/immunologie/gastroenterologie/artikel/offen/ced-und-schwangerschaft.html - Im Kopf einer schwangeren Morbus-Crohn-Patientin | AbbVie Pro Deutschland
]]></system-out>
  </testcase>
  <testcase name="testFourteenthCardReadMoreButton" classname="automationTesting.AbbviePro.GastroenterologieTest" time="3.031"/>
  <testcase name="testCongressHighlightButton" classname="automationTesting.AbbviePro.GastroenterologieTest" time="2.095"/>
  <testcase name="testTakeALookNowButton" classname="automationTesting.AbbviePro.GastroenterologieTest" time="2.125">
    <system-out><![CDATA[Take a Look Now - https://www.abbviepro.com/de/de/therapiegebiete/immunologie/gastroenterologie.html?topicarticle-list-d19d1b7086=abbvie-pro:de/article-filter/chips-artikel/gastroenterologie/perspektive-ced#artikel - Gastroenterologie | AbbVie Pro Deutschland
]]></system-out>
  </testcase>
  <testcase name="testExclusivelyLearnMoreButton" classname="automationTesting.AbbviePro.GastroenterologieTest" time="2.199">
    <system-out><![CDATA[Exclusively Learn More - https://www.abbviepro.com/de/de/therapiegebiete/immunologie/gastroenterologie.html?audiencearticle-list-d19d1b7086=abbvie-pro:de/article-filter/zielgruppe-artikel/fuer-med--fachangestellte#artikel - Gastroenterologie | AbbVie Pro Deutschland
]]></system-out>
  </testcase>
  <testcase name="testContactUsButton" classname="automationTesting.AbbviePro.GastroenterologieTest" time="2.32"/>
  <testcase name="testAbbvieCareButton" classname="automationTesting.AbbviePro.GastroenterologieTest" time="4.141"/>
  <testcase name="testLivingWith_IBD_LearnMoreButton" classname="automationTesting.AbbviePro.GastroenterologieTest" time="4.497"/>
  <testcase name="testScrollToPageTop" classname="automationTesting.AbbviePro.GastroenterologieTest" time="0.363">
    <system-out><![CDATA[Page scrolled to the top.
]]></system-out>
  </testcase>
  <testcase name="testPageScrolling" classname="automationTesting.AbbviePro.GastroenterologieTest" time="38.239">
    <system-out><![CDATA[Starting slow scroll to bottom...
Reached bottom of the page.
Screenshot saved to: /Users/2076049/eclipse-workspace/abbvie/screenshots/navigation/07 Aug 16.34/DermatologiePage_Scrolled_Bottom_20250807_163518.png
Returning to top of the page...
Returned to top.
]]></system-out>
  </testcase>
</testsuite>