<?xml version="1.0" encoding="UTF-8"?>
<!-- Generated by org.testng.reporters.JUnitReportReporter -->
<testsuite hostname="IN-GPG9L6L27P-CTS" failures="0" tests="8" name="automationTesting.AbbviePro.HeaderTest" time="41.131" errors="0" timestamp="2025-07-31T01:34:40 IST" skipped="0">
  <testcase classname="automationTesting.AbbviePro.HeaderTest" name="testNavigation" time="7.819"/>
  <testcase classname="automationTesting.AbbviePro.HeaderTest" name="testHomePageButton" time="1.584"/>
  <testcase classname="automationTesting.AbbviePro.HeaderTest" name="testTherapiegebieteButton" time="3.073"/>
  <testcase classname="automationTesting.AbbviePro.HeaderTest" name="testtherapiegebieteChevronIcon" time="0.327"/>
  <testcase classname="automationTesting.AbbviePro.HeaderTest" name="testImmunologieButton" time="14.427"/>
  <testcase classname="automationTesting.AbbviePro.HeaderTest" name="testDermatologieButton" time="5.805"/>
  <testcase classname="automationTesting.AbbviePro.HeaderTest" name="testGastroenterologieButton" time="3.061"/>
  <testcase classname="automationTesting.AbbviePro.HeaderTest" name="testRheumatologieButton" time="5.035"/>
</testsuite> <!-- automationTesting.AbbviePro.HeaderTest -->
