<?xml version="1.0" encoding="UTF-8"?>
<!-- Generated by org.testng.reporters.JUnitReportReporter -->
<testsuite hostname="IN-GPG9L6L27P-CTS" failures="0" tests="9" name="automationTesting.AbbviePro.HomePageTest" time="44.483" errors="0" timestamp="2025-08-10T12:22:31 IST" skipped="0">
  <testcase classname="automationTesting.AbbviePro.HomePageTest" name="testRegisterButton" time="4.798"/>
  <testcase classname="automationTesting.AbbviePro.HomePageTest" name="testSecondRegisterButton" time="3.065"/>
  <testcase classname="automationTesting.AbbviePro.HomePageTest" name="testBackToTopButton" time="10.010"/>
  <testcase classname="automationTesting.AbbviePro.HomePageTest" name="testProductsLearnMore" time="2.777"/>
  <testcase classname="automationTesting.AbbviePro.HomePageTest" name="testTheoropaticButton" time="3.308"/>
  <testcase classname="automationTesting.AbbviePro.HomePageTest" name="testLearnMoreButton" time="3.972"/>
  <testcase classname="automationTesting.AbbviePro.HomePageTest" name="testSecondContactUsButton" time="1.492"/>
  <testcase classname="automationTesting.AbbviePro.HomePageTest" name="testNavigation" time="12.152"/>
  <testcase classname="automationTesting.AbbviePro.HomePageTest" name="testContactButton" time="2.909"/>
</testsuite> <!-- automationTesting.AbbviePro.HomePageTest -->
