<?xml version="1.0" encoding="UTF-8"?>
<!-- Generated by org.testng.reporters.JUnitReportReporter -->
<testsuite hostname="IN-GPG9L6L27P-CTS" failures="0" tests="7" name="automationTesting.AbbviePro.OpthalmologyTest" time="33.742" errors="0" timestamp="2025-08-12T00:07:19 IST" skipped="0">
  <testcase classname="automationTesting.AbbviePro.OpthalmologyTest" name="testNavigation" time="8.918"/>
  <testcase classname="automationTesting.AbbviePro.OpthalmologyTest" name="testToTheDownloadAreaButtonForPatient" time="5.923"/>
  <testcase classname="automationTesting.AbbviePro.OpthalmologyTest" name="testOphthalmologyButton" time="2.795"/>
  <testcase classname="automationTesting.AbbviePro.OpthalmologyTest" name="testToTheDownloadAreaButtonForPractitioners" time="2.746"/>
  <testcase classname="automationTesting.AbbviePro.OpthalmologyTest" name="testAbbvieCareButton" time="7.411"/>
  <testcase classname="automationTesting.AbbviePro.OpthalmologyTest" name="testContactUsButton" time="3.266"/>
  <testcase classname="automationTesting.AbbviePro.OpthalmologyTest" name="testLearnMoreButton" time="2.683"/>
</testsuite> <!-- automationTesting.AbbviePro.OpthalmologyTest -->
