<?xml version="1.0" encoding="UTF-8"?>
<!-- Generated by org.testng.reporters.JUnitReportReporter -->
<testsuite hostname="IN-GPG9L6L27P-CTS" failures="0" tests="23" name="automationTesting.AbbviePro.HCVTest" time="117.684" errors="0" timestamp="2025-08-12T00:07:19 IST" skipped="0">
  <testcase classname="automationTesting.AbbviePro.HCVTest" name="testNinthCardReadMoreButton" time="12.367"/>
  <testcase classname="automationTesting.AbbviePro.HCVTest" name="testTenthCardReadMoreButton" time="5.811"/>
  <testcase classname="automationTesting.AbbviePro.HCVTest" name="testSixteenthCardReadMoreButton" time="2.958"/>
  <testcase classname="automationTesting.AbbviePro.HCVTest" name="testFifteenthCardReadMoreButton" time="2.876"/>
  <testcase classname="automationTesting.AbbviePro.HCVTest" name="testSeventeenthCardReadMoreButton" time="3.154"/>
  <testcase classname="automationTesting.AbbviePro.HCVTest" name="testFifthCardReadMoreButton" time="2.235"/>
  <testcase classname="automationTesting.AbbviePro.HCVTest" name="testSeventhCardReadMoreButton" time="4.169"/>
  <testcase classname="automationTesting.AbbviePro.HCVTest" name="testFourteenthCardReadMoreButton" time="6.421"/>
  <testcase classname="automationTesting.AbbviePro.HCVTest" name="testThirteenthCardReadMoreButton" time="4.503"/>
  <testcase classname="automationTesting.AbbviePro.HCVTest" name="testCardLoadMoreButton" time="1.853"/>
  <testcase classname="automationTesting.AbbviePro.HCVTest" name="testFourthCardReadMoreButton" time="1.272"/>
  <testcase classname="automationTesting.AbbviePro.HCVTest" name="testContactUsButton" time="2.925"/>
  <testcase classname="automationTesting.AbbviePro.HCVTest" name="testFirstCardReadMoreButton" time="17.736"/>
  <testcase classname="automationTesting.AbbviePro.HCVTest" name="testSixthCardReadMoreButton" time="4.687"/>
  <testcase classname="automationTesting.AbbviePro.HCVTest" name="testEleventhCardReadMoreButton" time="3.558"/>
  <testcase classname="automationTesting.AbbviePro.HCVTest" name="testEighthCardReadMoreButton" time="7.553"/>
  <testcase classname="automationTesting.AbbviePro.HCVTest" name="testRegisterNowButton" time="4.316"/>
  <testcase classname="automationTesting.AbbviePro.HCVTest" name="testSecondCardReadMoreButton" time="5.414"/>
  <testcase classname="automationTesting.AbbviePro.HCVTest" name="testThirdCardReadMoreButton" time="1.250"/>
  <testcase classname="automationTesting.AbbviePro.HCVTest" name="testTwelfthCardReadMoreButton" time="6.591"/>
  <testcase classname="automationTesting.AbbviePro.HCVTest" name="testHCVButton" time="2.945"/>
  <testcase classname="automationTesting.AbbviePro.HCVTest" name="testNavigation" time="7.040"/>
  <testcase classname="automationTesting.AbbviePro.HCVTest" name="testAbbvieCareButton" time="6.050"/>
</testsuite> <!-- automationTesting.AbbviePro.HCVTest -->
