<?xml version="1.0" encoding="UTF-8"?>
<!-- Generated by org.testng.reporters.JUnitReportReporter -->
<testsuite hostname="IN-GPG9L6L27P-CTS" failures="0" tests="4" name="automationTesting.AbbviePro.DermatologieTest" time="27.650" errors="0" timestamp="2025-08-09T23:57:11 IST" skipped="0">
  <testcase classname="automationTesting.AbbviePro.DermatologieTest" name="testNavigation" time="7.501"/>
  <testcase classname="automationTesting.AbbviePro.DermatologieTest" name="testLearnMoreButton" time="6.862"/>
  <testcase classname="automationTesting.AbbviePro.DermatologieTest" name="testDermatologieButtonNavigation" time="5.816"/>
  <testcase classname="automationTesting.AbbviePro.DermatologieTest" name="testStreamNowButton" time="7.471"/>
</testsuite> <!-- automationTesting.AbbviePro.DermatologieTest -->
