<?xml version="1.0" encoding="UTF-8"?>
<!-- Generated by org.testng.reporters.JUnitReportReporter -->
<testsuite hostname="IN-GPG9L6L27P-CTS" failures="0" tests="1" name="automationTesting.AbbviePro.OncologyTest" time="9.961" errors="0" timestamp="2025-08-10T00:09:54 IST" skipped="0">
  <testcase classname="automationTesting.AbbviePro.OncologyTest" name="testNavigation" time="9.961"/>
</testsuite> <!-- automationTesting.AbbviePro.OncologyTest -->
