<?xml version="1.0" encoding="UTF-8"?>
<!-- Generated by org.testng.reporters.JUnitReportReporter -->
<testsuite hostname="IN-GPG9L6L27P-CTS" failures="0" tests="7" name="automationTesting.AbbviePro.UrologyTest" time="25.507" errors="0" timestamp="2025-08-12T00:07:19 IST" skipped="0">
  <testcase classname="automationTesting.AbbviePro.UrologyTest" name="testScrollToPageTop" time="0.239"/>
  <testcase classname="automationTesting.AbbviePro.UrologyTest" name="testIdiopathicOveractiveBladderButton" time="1.909"/>
  <testcase classname="automationTesting.AbbviePro.UrologyTest" name="testUrologyButton" time="3.133"/>
  <testcase classname="automationTesting.AbbviePro.UrologyTest" name="testUrologyContactUsButton" time="2.670"/>
  <testcase classname="automationTesting.AbbviePro.UrologyTest" name="testNavigation" time="8.190"/>
  <testcase classname="automationTesting.AbbviePro.UrologyTest" name="testNeurogenicDetrusorOveractivityButton" time="1.826"/>
  <testcase classname="automationTesting.AbbviePro.UrologyTest" name="testPageScrolling" time="7.540"/>
</testsuite> <!-- automationTesting.AbbviePro.UrologyTest -->
