<?xml version="1.0" encoding="UTF-8"?>
<!-- Generated by org.testng.reporters.JUnitReportReporter -->
<testsuite hostname="IN-GPG9L6L27P-CTS" failures="0" tests="15" name="automationTesting.AbbviePro.FooterTest" time="68.179" errors="0" timestamp="2025-08-03T00:27:53 IST" skipped="0">
  <testcase classname="automationTesting.AbbviePro.FooterTest" name="testImprintButton" time="4.814"/>
  <testcase classname="automationTesting.AbbviePro.FooterTest" name="testNeurologieButton" time="5.456"/>
  <testcase classname="automationTesting.AbbviePro.FooterTest" name="testOphthalmologieButton" time="3.025"/>
  <testcase classname="automationTesting.AbbviePro.FooterTest" name="testRheumatologieButton" time="4.884"/>
  <testcase classname="automationTesting.AbbviePro.FooterTest" name="testPrivacyPolicyButton" time="3.577"/>
  <testcase classname="automationTesting.AbbviePro.FooterTest" name="testUrologieButton" time="2.212"/>
  <testcase classname="automationTesting.AbbviePro.FooterTest" name="testTermsOfUseButton" time="2.120"/>
  <testcase classname="automationTesting.AbbviePro.FooterTest" name="testDermatologieButton" time="6.789"/>
  <testcase classname="automationTesting.AbbviePro.FooterTest" name="testFooterLogo" time="3.034"/>
  <testcase classname="automationTesting.AbbviePro.FooterTest" name="testSitemapButton" time="1.293"/>
  <testcase classname="automationTesting.AbbviePro.FooterTest" name="testContactInformationButton" time="9.511"/>
  <testcase classname="automationTesting.AbbviePro.FooterTest" name="testNavigation" time="8.055"/>
  <testcase classname="automationTesting.AbbviePro.FooterTest" name="testOnkologieButton" time="6.137"/>
  <testcase classname="automationTesting.AbbviePro.FooterTest" name="testGastroenterologieButton" time="4.151"/>
  <testcase classname="automationTesting.AbbviePro.FooterTest" name="testHCVButton" time="3.121"/>
</testsuite> <!-- automationTesting.AbbviePro.FooterTest -->
