<?xml version="1.0" encoding="UTF-8"?>
<!-- Generated by org.testng.reporters.JUnitReportReporter -->
<testsuite hostname="IN-GPG9L6L27P-CTS" failures="0" tests="27" name="automationTesting.AbbviePro.RheumatologieTest" time="126.371" errors="0" timestamp="2025-08-12T00:07:19 IST" skipped="0">
  <testcase classname="automationTesting.AbbviePro.RheumatologieTest" name="testCardLoadMoreButton" time="0.326"/>
  <testcase classname="automationTesting.AbbviePro.RheumatologieTest" name="testCommitmentLearnMoreButton" time="5.037"/>
  <testcase classname="automationTesting.AbbviePro.RheumatologieTest" name="testNinthCardReadMoreButton" time="3.870"/>
  <testcase classname="automationTesting.AbbviePro.RheumatologieTest" name="testFourteenthCardReadMoreButton" time="3.858"/>
  <testcase classname="automationTesting.AbbviePro.RheumatologieTest" name="testEighthCardReadMoreButton" time="3.427"/>
  <testcase classname="automationTesting.AbbviePro.RheumatologieTest" name="testScrollToPageTop" time="0.231"/>
  <testcase classname="automationTesting.AbbviePro.RheumatologieTest" name="testFifteenthCardReadMoreButton" time="2.274"/>
  <testcase classname="automationTesting.AbbviePro.RheumatologieTest" name="testPageScrolling" time="31.815"/>
  <testcase classname="automationTesting.AbbviePro.RheumatologieTest" name="testThirteenthCardReadMoreButton" time="3.975"/>
  <testcase classname="automationTesting.AbbviePro.RheumatologieTest" name="testNavigation" time="8.251"/>
  <testcase classname="automationTesting.AbbviePro.RheumatologieTest" name="testConferencAndEventsLearnMoreButton" time="5.129"/>
  <testcase classname="automationTesting.AbbviePro.RheumatologieTest" name="testEleventhCardReadMoreButton" time="2.351"/>
  <testcase classname="automationTesting.AbbviePro.RheumatologieTest" name="testFifthCardReadMoreButton" time="1.940"/>
  <testcase classname="automationTesting.AbbviePro.RheumatologieTest" name="testFirstCardReadMoreButton" time="4.385"/>
  <testcase classname="automationTesting.AbbviePro.RheumatologieTest" name="testRheumatologieButton" time="5.031"/>
  <testcase classname="automationTesting.AbbviePro.RheumatologieTest" name="testTenthCardReadMoreButton" time="2.782"/>
  <testcase classname="automationTesting.AbbviePro.RheumatologieTest" name="testCareTopicsLearnMoreButton" time="5.663"/>
  <testcase classname="automationTesting.AbbviePro.RheumatologieTest" name="testTwelfthCardReadMoreButton" time="6.623"/>
  <testcase classname="automationTesting.AbbviePro.RheumatologieTest" name="testSixteenthCardReadMoreButton" time="2.020"/>
  <testcase classname="automationTesting.AbbviePro.RheumatologieTest" name="testAbbvieCareButton" time="5.584"/>
  <testcase classname="automationTesting.AbbviePro.RheumatologieTest" name="testSeventhCardReadMoreButton" time="3.489"/>
  <testcase classname="automationTesting.AbbviePro.RheumatologieTest" name="testPodcastButton" time="2.236"/>
  <testcase classname="automationTesting.AbbviePro.RheumatologieTest" name="testFourthCardReadMoreButton" time="2.191"/>
  <testcase classname="automationTesting.AbbviePro.RheumatologieTest" name="testExchangePlatformLearnMoreButton" time="3.821"/>
  <testcase classname="automationTesting.AbbviePro.RheumatologieTest" name="testThirdCardReadMoreButton" time="3.571"/>
  <testcase classname="automationTesting.AbbviePro.RheumatologieTest" name="testSixthCardReadMoreButton" time="3.078"/>
  <testcase classname="automationTesting.AbbviePro.RheumatologieTest" name="testContactUsButton" time="3.413"/>
</testsuite> <!-- automationTesting.AbbviePro.RheumatologieTest -->
