<?xml version="1.0" encoding="UTF-8"?>
<!-- Generated by org.testng.reporters.JUnitReportReporter -->
<testsuite hostname="IN-GPG9L6L27P-CTS" failures="0" tests="25" name="automationTesting.AbbviePro.GastroenterologieTest" time="120.579" errors="0" timestamp="2025-08-10T12:22:31 IST" skipped="0">
  <testcase classname="automationTesting.AbbviePro.GastroenterologieTest" name="testCongressHighlightButton" time="2.755"/>
  <testcase classname="automationTesting.AbbviePro.GastroenterologieTest" name="testThirdCardReadMoreButton" time="3.706"/>
  <testcase classname="automationTesting.AbbviePro.GastroenterologieTest" name="testThirteenthCardReadMoreButton" time="3.222"/>
  <testcase classname="automationTesting.AbbviePro.GastroenterologieTest" name="testPageScrolling" time="39.123"/>
  <testcase classname="automationTesting.AbbviePro.GastroenterologieTest" name="testNavigation" time="10.885"/>
  <testcase classname="automationTesting.AbbviePro.GastroenterologieTest" name="testCardLoadMoreButton" time="3.685"/>
  <testcase classname="automationTesting.AbbviePro.GastroenterologieTest" name="testTenthCardReadMoreButton" time="2.940"/>
  <testcase classname="automationTesting.AbbviePro.GastroenterologieTest" name="testEighthCardReadMoreButton" time="2.788"/>
  <testcase classname="automationTesting.AbbviePro.GastroenterologieTest" name="testAbbvieCareButton" time="4.735"/>
  <testcase classname="automationTesting.AbbviePro.GastroenterologieTest" name="testSeventhCardReadMoreButton" time="3.998"/>
  <testcase classname="automationTesting.AbbviePro.GastroenterologieTest" name="testFifthCardReadMoreButton" time="1.781"/>
  <testcase classname="automationTesting.AbbviePro.GastroenterologieTest" name="testExclusivelyLearnMoreButton" time="1.919"/>
  <testcase classname="automationTesting.AbbviePro.GastroenterologieTest" name="testContactUsButton" time="2.990"/>
  <testcase classname="automationTesting.AbbviePro.GastroenterologieTest" name="testLivingWith_IBD_LearnMoreButton" time="6.063"/>
  <testcase classname="automationTesting.AbbviePro.GastroenterologieTest" name="testSixthCardReadMoreButton" time="3.327"/>
  <testcase classname="automationTesting.AbbviePro.GastroenterologieTest" name="testNinethCardReadMoreButton" time="1.792"/>
  <testcase classname="automationTesting.AbbviePro.GastroenterologieTest" name="testFirstCardReadMoreButton" time="5.750"/>
  <testcase classname="automationTesting.AbbviePro.GastroenterologieTest" name="testEleventhCardReadMoreButton" time="1.995"/>
  <testcase classname="automationTesting.AbbviePro.GastroenterologieTest" name="testTakeALookNowButton" time="2.790"/>
  <testcase classname="automationTesting.AbbviePro.GastroenterologieTest" name="testGastroenterologieButton" time="2.747"/>
  <testcase classname="automationTesting.AbbviePro.GastroenterologieTest" name="testScrollToPageTop" time="0.232"/>
  <testcase classname="automationTesting.AbbviePro.GastroenterologieTest" name="testTwelvethCardReadMoreButton" time="3.028"/>
  <testcase classname="automationTesting.AbbviePro.GastroenterologieTest" name="testFourthCardReadMoreButton" time="1.969"/>
  <testcase classname="automationTesting.AbbviePro.GastroenterologieTest" name="testSecondCardReadMoreButton" time="2.812"/>
  <testcase classname="automationTesting.AbbviePro.GastroenterologieTest" name="testFourteenthCardReadMoreButton" time="3.547"/>
</testsuite> <!-- automationTesting.AbbviePro.GastroenterologieTest -->
