<?xml version="1.0" encoding="UTF-8"?>
<!-- Generated by org.testng.reporters.JUnitReportReporter -->
<testsuite hostname="IN-GPG9L6L27P-CTS" failures="0" tests="8" name="automationTesting.AbbviePro.OncologyTest" time="33.882" errors="0" timestamp="2025-08-10T19:09:43 IST" skipped="0">
  <testcase classname="automationTesting.AbbviePro.OncologyTest" name="testPageScrolling" time="6.410"/>
  <testcase classname="automationTesting.AbbviePro.OncologyTest" name="testOncologyButton" time="5.201"/>
  <testcase classname="automationTesting.AbbviePro.OncologyTest" name="testNavigation" time="7.986"/>
  <testcase classname="automationTesting.AbbviePro.OncologyTest" name="testHematoOncologyLearnMoreButton" time="4.412"/>
  <testcase classname="automationTesting.AbbviePro.OncologyTest" name="testScrollToPageTop" time="0.141"/>
  <testcase classname="automationTesting.AbbviePro.OncologyTest" name="testContactUsButton" time="2.812"/>
  <testcase classname="automationTesting.AbbviePro.OncologyTest" name="testRegisterButton" time="3.511"/>
  <testcase classname="automationTesting.AbbviePro.OncologyTest" name="testSolidTumorLearnMoreButton" time="3.409"/>
</testsuite> <!-- automationTesting.AbbviePro.OncologyTest -->
