<?xml version="1.0" encoding="UTF-8"?>
<!-- Generated by org.testng.reporters.JUnitReportReporter -->
<testsuite hostname="IN-GPG9L6L27P-CTS" failures="0" tests="9" name="automationTesting.AbbviePro.HomePageTest" time="44.026" errors="0" timestamp="2025-08-07T23:16:23 IST" skipped="0">
  <testcase classname="automationTesting.AbbviePro.HomePageTest" name="testContactButton" time="2.951"/>
  <testcase classname="automationTesting.AbbviePro.HomePageTest" name="testSecondContactUsButton" time="1.655"/>
  <testcase classname="automationTesting.AbbviePro.HomePageTest" name="testNavigation" time="13.866"/>
  <testcase classname="automationTesting.AbbviePro.HomePageTest" name="testRegisterButton" time="4.849"/>
  <testcase classname="automationTesting.AbbviePro.HomePageTest" name="testLearnMoreButton" time="4.040"/>
  <testcase classname="automationTesting.AbbviePro.HomePageTest" name="testProductsLearnMore" time="2.744"/>
  <testcase classname="automationTesting.AbbviePro.HomePageTest" name="testTheoropaticButton" time="4.136"/>
  <testcase classname="automationTesting.AbbviePro.HomePageTest" name="testBackToTopButton" time="6.045"/>
  <testcase classname="automationTesting.AbbviePro.HomePageTest" name="testSecondRegisterButton" time="3.740"/>
</testsuite> <!-- automationTesting.AbbviePro.HomePageTest -->
