<?xml version="1.0" encoding="UTF-8"?>
<!-- Generated by org.testng.reporters.JUnitReportReporter -->
<testsuite hostname="IN-GPG9L6L27P-CTS" failures="3" tests="35" name="automationTesting.AbbviePro.HeaderTest" time="171.496" errors="0" timestamp="2025-08-10T19:09:43 IST" skipped="0">
  <testcase classname="automationTesting.AbbviePro.HeaderTest" name="testNavigation" time="14.671"/>
  <testcase classname="automationTesting.AbbviePro.HeaderTest" name="testHeaderLogo" time="2.464"/>
  <testcase classname="automationTesting.AbbviePro.HeaderTest" name="testRegister_WithEmail" time="9.338"/>
  <testcase classname="automationTesting.AbbviePro.HeaderTest" name="testRegister_FillDetails" time="4.723"/>
  <testcase classname="automationTesting.AbbviePro.HeaderTest" name="testHomePageButton" time="1.600"/>
  <testcase classname="automationTesting.AbbviePro.HeaderTest" name="testProductPageButton" time="3.505"/>
  <testcase classname="automationTesting.AbbviePro.HeaderTest" name="testProductChevronIcon" time="0.247"/>
  <testcase classname="automationTesting.AbbviePro.HeaderTest" name="testProductOverviewButton" time="3.835"/>
  <testcase classname="automationTesting.AbbviePro.HeaderTest" name="testProductAndUserInformationButton" time="4.405"/>
  <testcase classname="automationTesting.AbbviePro.HeaderTest" name="testTrainingMaterialButton" time="3.831"/>
  <testcase classname="automationTesting.AbbviePro.HeaderTest" name="testTherapiegebieteButton" time="4.907"/>
  <testcase classname="automationTesting.AbbviePro.HeaderTest" name="testImmunologieButton" time="4.269">
    <failure message="Failed to navigate to Immunologie page expected [true] but found [false]" type="java.lang.AssertionError">
      <![CDATA[java.lang.AssertionError: Failed to navigate to Immunologie page expected [true] but found [false]
at org.testng.Assert.fail(Assert.java:111)
at org.testng.Assert.failNotEquals(Assert.java:1590)
at org.testng.Assert.assertTrue(Assert.java:57)
at automationTesting.AbbviePro.Header.clickOnImmunologieButton(Header.java:228)
at automationTesting.AbbviePro.HeaderTest.testImmunologieButton(HeaderTest.java:246)
at java.base/jdk.internal.reflect.DirectMethodHandleAccessor.invoke(DirectMethodHandleAccessor.java:103)
at java.base/java.lang.reflect.Method.invoke(Method.java:580)
at org.testng.internal.invokers.MethodInvocationHelper.invokeMethod(MethodInvocationHelper.java:141)
at org.testng.internal.invokers.TestInvoker.invokeMethod(TestInvoker.java:687)
at org.testng.internal.invokers.TestInvoker.invokeTestMethod(TestInvoker.java:230)
at org.testng.internal.invokers.MethodRunner.runInSequence(MethodRunner.java:63)
at org.testng.internal.invokers.TestInvoker$MethodInvocationAgent.invoke(TestInvoker.java:995)
at org.testng.internal.invokers.TestInvoker.invokeTestMethods(TestInvoker.java:203)
at org.testng.internal.invokers.TestMethodWorker.invokeTestMethods(TestMethodWorker.java:154)
at org.testng.internal.invokers.TestMethodWorker.run(TestMethodWorker.java:134)
at java.base/java.util.ArrayList.forEach(ArrayList.java:1597)
at org.testng.TestRunner.privateRun(TestRunner.java:741)
at org.testng.TestRunner.run(TestRunner.java:616)
at org.testng.SuiteRunner.runTest(SuiteRunner.java:421)
at org.testng.SuiteRunner.runSequentially(SuiteRunner.java:413)
at org.testng.SuiteRunner.privateRun(SuiteRunner.java:373)
at org.testng.SuiteRunner.run(SuiteRunner.java:312)
at org.testng.SuiteRunnerWorker.runSuite(SuiteRunnerWorker.java:52)
at org.testng.SuiteRunnerWorker.run(SuiteRunnerWorker.java:95)
at org.testng.TestNG.runSuitesSequentially(TestNG.java:1274)
at org.testng.TestNG.runSuitesLocally(TestNG.java:1208)
at org.testng.TestNG.runSuites(TestNG.java:1112)
at org.testng.TestNG.run(TestNG.java:1079)
at org.testng.remote.AbstractRemoteTestNG.run(AbstractRemoteTestNG.java:115)
at org.testng.remote.RemoteTestNG.initAndRun(RemoteTestNG.java:293)
at org.testng.remote.RemoteTestNG.main(RemoteTestNG.java:91)
]]>
    </failure>
  </testcase> <!-- testImmunologieButton -->
  <testcase classname="automationTesting.AbbviePro.HeaderTest" name="testDermatologieButton" time="10.386"/>
  <testcase classname="automationTesting.AbbviePro.HeaderTest" name="testGastroenterologieButton" time="2.844"/>
  <testcase classname="automationTesting.AbbviePro.HeaderTest" name="testRheumatologieButton" time="3.850"/>
  <testcase classname="automationTesting.AbbviePro.HeaderTest" name="testOnkologieButton" time="6.047"/>
  <testcase classname="automationTesting.AbbviePro.HeaderTest" name="testHematooncologyButton" time="5.858"/>
  <testcase classname="automationTesting.AbbviePro.HeaderTest" name="testSolidTumorsButton" time="4.518"/>
  <testcase classname="automationTesting.AbbviePro.HeaderTest" name="testNeurologyButton" time="4.689"/>
  <testcase classname="automationTesting.AbbviePro.HeaderTest" name="testMigraineButton" time="2.253"/>
  <testcase classname="automationTesting.AbbviePro.HeaderTest" name="testParkinsonsDiseaseButton" time="6.115"/>
  <testcase classname="automationTesting.AbbviePro.HeaderTest" name="testSpasticityAfterStrokeButton" time="2.270"/>
  <testcase classname="automationTesting.AbbviePro.HeaderTest" name="testVirologyButton" time="4.265">
    <failure message="Failed to navigate to Virologie page expected [true] but found [false]" type="java.lang.AssertionError">
      <![CDATA[java.lang.AssertionError: Failed to navigate to Virologie page expected [true] but found [false]
at org.testng.Assert.fail(Assert.java:111)
at org.testng.Assert.failNotEquals(Assert.java:1590)
at org.testng.Assert.assertTrue(Assert.java:57)
at automationTesting.AbbviePro.Header.clickOnVirologyButton(Header.java:340)
at automationTesting.AbbviePro.HeaderTest.testVirologyButton(HeaderTest.java:480)
at java.base/jdk.internal.reflect.DirectMethodHandleAccessor.invoke(DirectMethodHandleAccessor.java:103)
at java.base/java.lang.reflect.Method.invoke(Method.java:580)
at org.testng.internal.invokers.MethodInvocationHelper.invokeMethod(MethodInvocationHelper.java:141)
at org.testng.internal.invokers.TestInvoker.invokeMethod(TestInvoker.java:687)
at org.testng.internal.invokers.TestInvoker.invokeTestMethod(TestInvoker.java:230)
at org.testng.internal.invokers.MethodRunner.runInSequence(MethodRunner.java:63)
at org.testng.internal.invokers.TestInvoker$MethodInvocationAgent.invoke(TestInvoker.java:995)
at org.testng.internal.invokers.TestInvoker.invokeTestMethods(TestInvoker.java:203)
at org.testng.internal.invokers.TestMethodWorker.invokeTestMethods(TestMethodWorker.java:154)
at org.testng.internal.invokers.TestMethodWorker.run(TestMethodWorker.java:134)
at java.base/java.util.ArrayList.forEach(ArrayList.java:1597)
at org.testng.TestRunner.privateRun(TestRunner.java:741)
at org.testng.TestRunner.run(TestRunner.java:616)
at org.testng.SuiteRunner.runTest(SuiteRunner.java:421)
at org.testng.SuiteRunner.runSequentially(SuiteRunner.java:413)
at org.testng.SuiteRunner.privateRun(SuiteRunner.java:373)
at org.testng.SuiteRunner.run(SuiteRunner.java:312)
at org.testng.SuiteRunnerWorker.runSuite(SuiteRunnerWorker.java:52)
at org.testng.SuiteRunnerWorker.run(SuiteRunnerWorker.java:95)
at org.testng.TestNG.runSuitesSequentially(TestNG.java:1274)
at org.testng.TestNG.runSuitesLocally(TestNG.java:1208)
at org.testng.TestNG.runSuites(TestNG.java:1112)
at org.testng.TestNG.run(TestNG.java:1079)
at org.testng.remote.AbstractRemoteTestNG.run(AbstractRemoteTestNG.java:115)
at org.testng.remote.RemoteTestNG.initAndRun(RemoteTestNG.java:293)
at org.testng.remote.RemoteTestNG.main(RemoteTestNG.java:91)
]]>
    </failure>
  </testcase> <!-- testVirologyButton -->
  <testcase classname="automationTesting.AbbviePro.HeaderTest" name="testHepatitisCHCVButton" time="10.362"/>
  <testcase classname="automationTesting.AbbviePro.HeaderTest" name="testOphthalmologyParentButton" time="4.153">
    <failure message="Failed to navigate to Augenheilkunde page expected [true] but found [false]" type="java.lang.AssertionError">
      <![CDATA[java.lang.AssertionError: Failed to navigate to Augenheilkunde page expected [true] but found [false]
at org.testng.Assert.fail(Assert.java:111)
at org.testng.Assert.failNotEquals(Assert.java:1590)
at org.testng.Assert.assertTrue(Assert.java:57)
at automationTesting.AbbviePro.Header.clickOnOphthalmologyParentButton(Header.java:359)
at automationTesting.AbbviePro.HeaderTest.testOphthalmologyParentButton(HeaderTest.java:524)
at java.base/jdk.internal.reflect.DirectMethodHandleAccessor.invoke(DirectMethodHandleAccessor.java:103)
at java.base/java.lang.reflect.Method.invoke(Method.java:580)
at org.testng.internal.invokers.MethodInvocationHelper.invokeMethod(MethodInvocationHelper.java:141)
at org.testng.internal.invokers.TestInvoker.invokeMethod(TestInvoker.java:687)
at org.testng.internal.invokers.TestInvoker.invokeTestMethod(TestInvoker.java:230)
at org.testng.internal.invokers.MethodRunner.runInSequence(MethodRunner.java:63)
at org.testng.internal.invokers.TestInvoker$MethodInvocationAgent.invoke(TestInvoker.java:995)
at org.testng.internal.invokers.TestInvoker.invokeTestMethods(TestInvoker.java:203)
at org.testng.internal.invokers.TestMethodWorker.invokeTestMethods(TestMethodWorker.java:154)
at org.testng.internal.invokers.TestMethodWorker.run(TestMethodWorker.java:134)
at java.base/java.util.ArrayList.forEach(ArrayList.java:1597)
at org.testng.TestRunner.privateRun(TestRunner.java:741)
at org.testng.TestRunner.run(TestRunner.java:616)
at org.testng.SuiteRunner.runTest(SuiteRunner.java:421)
at org.testng.SuiteRunner.runSequentially(SuiteRunner.java:413)
at org.testng.SuiteRunner.privateRun(SuiteRunner.java:373)
at org.testng.SuiteRunner.run(SuiteRunner.java:312)
at org.testng.SuiteRunnerWorker.runSuite(SuiteRunnerWorker.java:52)
at org.testng.SuiteRunnerWorker.run(SuiteRunnerWorker.java:95)
at org.testng.TestNG.runSuitesSequentially(TestNG.java:1274)
at org.testng.TestNG.runSuitesLocally(TestNG.java:1208)
at org.testng.TestNG.runSuites(TestNG.java:1112)
at org.testng.TestNG.run(TestNG.java:1079)
at org.testng.remote.AbstractRemoteTestNG.run(AbstractRemoteTestNG.java:115)
at org.testng.remote.RemoteTestNG.initAndRun(RemoteTestNG.java:293)
at org.testng.remote.RemoteTestNG.main(RemoteTestNG.java:91)
]]>
    </failure>
  </testcase> <!-- testOphthalmologyParentButton -->
  <testcase classname="automationTesting.AbbviePro.HeaderTest" name="testOphthalmologyChildButton" time="10.327"/>
  <testcase classname="automationTesting.AbbviePro.HeaderTest" name="testUrologyButton" time="3.848"/>
  <testcase classname="automationTesting.AbbviePro.HeaderTest" name="testIdiopathicOveractiveBladderButton" time="2.039"/>
  <testcase classname="automationTesting.AbbviePro.HeaderTest" name="testNeurogenicDetrusorOveractivityButton" time="3.322"/>
  <testcase classname="automationTesting.AbbviePro.HeaderTest" name="testEventsAndTrainingButton" time="3.577"/>
  <testcase classname="automationTesting.AbbviePro.HeaderTest" name="testEventsAndTrainingChevronIcon" time="0.215"/>
  <testcase classname="automationTesting.AbbviePro.HeaderTest" name="testMedicalScientificEventsButton" time="10.335"/>
  <testcase classname="automationTesting.AbbviePro.HeaderTest" name="testProductRelatedEventsButton" time="6.537"/>
  <testcase classname="automationTesting.AbbviePro.HeaderTest" name="testEventsAndTrainingRegisterNowButton" time="2.445"/>
  <testcase classname="automationTesting.AbbviePro.HeaderTest" name="testServiceAndContactButton" time="3.446"/>
</testsuite> <!-- automationTesting.AbbviePro.HeaderTest -->
