<?xml version="1.0" encoding="UTF-8"?>
<!-- Generated by org.testng.reporters.JUnitReportReporter -->
<testsuite hostname="IN-GPG9L6L27P-CTS" failures="0" tests="19" name="automationTesting.AbbviePro.NeurologyTest" time="115.502" errors="0" timestamp="2025-08-11T16:38:19 IST" skipped="0">
  <testcase classname="automationTesting.AbbviePro.NeurologyTest" name="testParkinsonLearnMoreButton" time="4.527"/>
  <testcase classname="automationTesting.AbbviePro.NeurologyTest" name="testParkinsonDiseaseReadMoreButton" time="2.126"/>
  <testcase classname="automationTesting.AbbviePro.NeurologyTest" name="testPageScrolling" time="30.405"/>
  <testcase classname="automationTesting.AbbviePro.NeurologyTest" name="testAbbvieNetworking_PHP_Button" time="3.781"/>
  <testcase classname="automationTesting.AbbviePro.NeurologyTest" name="testEventsInNeurologyReadMoreButton" time="2.254"/>
  <testcase classname="automationTesting.AbbviePro.NeurologyTest" name="testNavigation" time="6.137"/>
  <testcase classname="automationTesting.AbbviePro.NeurologyTest" name="testPARKOUR_ToTheCurrentIssueButton" time="5.802"/>
  <testcase classname="automationTesting.AbbviePro.NeurologyTest" name="testContactUsButton" time="3.553"/>
  <testcase classname="automationTesting.AbbviePro.NeurologyTest" name="testParkinsonNetworkGermany_PND_Button" time="4.568"/>
  <testcase classname="automationTesting.AbbviePro.NeurologyTest" name="testScrollToPageTop" time="0.168"/>
  <testcase classname="automationTesting.AbbviePro.NeurologyTest" name="testS2K_GuidelineReadMoreButton" time="3.392"/>
  <testcase classname="automationTesting.AbbviePro.NeurologyTest" name="testManage_PD_AccessToolButton" time="18.869"/>
  <testcase classname="automationTesting.AbbviePro.NeurologyTest" name="testEAN_CongressReadMoreButton" time="2.492"/>
  <testcase classname="automationTesting.AbbviePro.NeurologyTest" name="testAbbvieCareButton" time="5.374"/>
  <testcase classname="automationTesting.AbbviePro.NeurologyTest" name="testCarouselChevronIcon" time="7.701"/>
  <testcase classname="automationTesting.AbbviePro.NeurologyTest" name="testCardLoadMoreButton" time="1.900"/>
  <testcase classname="automationTesting.AbbviePro.NeurologyTest" name="testNeurologyButton" time="3.615"/>
  <testcase classname="automationTesting.AbbviePro.NeurologyTest" name="testParkinsonNetworkYoutubeVideoButton" time="3.771"/>
  <testcase classname="automationTesting.AbbviePro.NeurologyTest" name="testInformationRequestForFreeButton" time="5.067"/>
</testsuite> <!-- automationTesting.AbbviePro.NeurologyTest -->
