<?xml version="1.0" encoding="UTF-8"?>
<!-- Generated by org.testng.reporters.JUnitReportReporter -->
<testsuite hostname="IN-GPG9L6L27P-CTS" failures="0" tests="1" name="automationTesting.AbbviePro.FooterTest" time="12.341" errors="0" timestamp="2025-08-05T16:14:02 IST" skipped="0">
  <testcase classname="automationTesting.AbbviePro.FooterTest" name="testNavigation" time="12.341"/>
</testsuite> <!-- automationTesting.AbbviePro.FooterTest -->
