<?xml version="1.0" encoding="UTF-8"?>
<!-- Generated by org.testng.reporters.JUnitReportReporter -->
<testsuite hostname="IN-GPG9L6L27P-CTS" failures="0" tests="27" name="automationTesting.AbbviePro.RheumatologieTest" time="111.264" errors="0" timestamp="2025-08-11T16:38:19 IST" skipped="0">
  <testcase classname="automationTesting.AbbviePro.RheumatologieTest" name="testCommitmentLearnMoreButton" time="5.009"/>
  <testcase classname="automationTesting.AbbviePro.RheumatologieTest" name="testPageScrolling" time="31.329"/>
  <testcase classname="automationTesting.AbbviePro.RheumatologieTest" name="testFourteenthCardReadMoreButton" time="3.416"/>
  <testcase classname="automationTesting.AbbviePro.RheumatologieTest" name="testContactUsButton" time="3.111"/>
  <testcase classname="automationTesting.AbbviePro.RheumatologieTest" name="testEleventhCardReadMoreButton" time="3.562"/>
  <testcase classname="automationTesting.AbbviePro.RheumatologieTest" name="testExchangePlatformLearnMoreButton" time="2.350"/>
  <testcase classname="automationTesting.AbbviePro.RheumatologieTest" name="testScrollToPageTop" time="0.226"/>
  <testcase classname="automationTesting.AbbviePro.RheumatologieTest" name="testFifthCardReadMoreButton" time="3.336"/>
  <testcase classname="automationTesting.AbbviePro.RheumatologieTest" name="testNinthCardReadMoreButton" time="3.602"/>
  <testcase classname="automationTesting.AbbviePro.RheumatologieTest" name="testRheumatologieButton" time="3.194"/>
  <testcase classname="automationTesting.AbbviePro.RheumatologieTest" name="testSixteenthCardReadMoreButton" time="3.235"/>
  <testcase classname="automationTesting.AbbviePro.RheumatologieTest" name="testEighthCardReadMoreButton" time="3.337"/>
  <testcase classname="automationTesting.AbbviePro.RheumatologieTest" name="testThirdCardReadMoreButton" time="3.432"/>
  <testcase classname="automationTesting.AbbviePro.RheumatologieTest" name="testFourthCardReadMoreButton" time="2.475"/>
  <testcase classname="automationTesting.AbbviePro.RheumatologieTest" name="testConferencAndEventsLearnMoreButton" time="2.362"/>
  <testcase classname="automationTesting.AbbviePro.RheumatologieTest" name="testNavigation" time="5.888"/>
  <testcase classname="automationTesting.AbbviePro.RheumatologieTest" name="testThirteenthCardReadMoreButton" time="4.090"/>
  <testcase classname="automationTesting.AbbviePro.RheumatologieTest" name="testFirstCardReadMoreButton" time="2.711"/>
  <testcase classname="automationTesting.AbbviePro.RheumatologieTest" name="testTwelfthCardReadMoreButton" time="2.642"/>
  <testcase classname="automationTesting.AbbviePro.RheumatologieTest" name="testCareTopicsLearnMoreButton" time="1.968"/>
  <testcase classname="automationTesting.AbbviePro.RheumatologieTest" name="testAbbvieCareButton" time="4.800"/>
  <testcase classname="automationTesting.AbbviePro.RheumatologieTest" name="testSixthCardReadMoreButton" time="3.433"/>
  <testcase classname="automationTesting.AbbviePro.RheumatologieTest" name="testTenthCardReadMoreButton" time="3.132"/>
  <testcase classname="automationTesting.AbbviePro.RheumatologieTest" name="testCardLoadMoreButton" time="0.312"/>
  <testcase classname="automationTesting.AbbviePro.RheumatologieTest" name="testPodcastButton" time="2.225"/>
  <testcase classname="automationTesting.AbbviePro.RheumatologieTest" name="testFifteenthCardReadMoreButton" time="2.678"/>
  <testcase classname="automationTesting.AbbviePro.RheumatologieTest" name="testSeventhCardReadMoreButton" time="3.409"/>
</testsuite> <!-- automationTesting.AbbviePro.RheumatologieTest -->
