<?xml version="1.0" encoding="UTF-8"?>
<!-- Generated by org.testng.reporters.JUnitReportReporter -->
<testsuite hostname="IN-GPG9L6L27P-CTS" failures="0" tests="8" name="automationTesting.AbbviePro.OncologyTest" time="34.031" errors="0" timestamp="2025-08-10T12:22:31 IST" skipped="0">
  <testcase classname="automationTesting.AbbviePro.OncologyTest" name="testNavigation" time="7.581"/>
  <testcase classname="automationTesting.AbbviePro.OncologyTest" name="testRegisterButton" time="3.795"/>
  <testcase classname="automationTesting.AbbviePro.OncologyTest" name="testScrollToPageTop" time="0.144"/>
  <testcase classname="automationTesting.AbbviePro.OncologyTest" name="testPageScrolling" time="6.439"/>
  <testcase classname="automationTesting.AbbviePro.OncologyTest" name="testOncologyButton" time="5.355"/>
  <testcase classname="automationTesting.AbbviePro.OncologyTest" name="testHematoOncologyLearnMoreButton" time="4.370"/>
  <testcase classname="automationTesting.AbbviePro.OncologyTest" name="testSolidTumorLearnMoreButton" time="3.307"/>
  <testcase classname="automationTesting.AbbviePro.OncologyTest" name="testContactUsButton" time="3.040"/>
</testsuite> <!-- automationTesting.AbbviePro.OncologyTest -->
