<?xml version="1.0" encoding="UTF-8"?>
<!-- Generated by org.testng.reporters.JUnitReportReporter -->
<testsuite hostname="IN-GPG9L6L27P-CTS" failures="0" tests="21" name="automationTesting.AbbviePro.DermatologieTest" time="101.706" errors="0" timestamp="2025-08-10T19:09:43 IST" skipped="0">
  <testcase classname="automationTesting.AbbviePro.DermatologieTest" name="testFourthCardReadMoreButton" time="2.087"/>
  <testcase classname="automationTesting.AbbviePro.DermatologieTest" name="testNavigation" time="7.064"/>
  <testcase classname="automationTesting.AbbviePro.DermatologieTest" name="testAbbvieCareLearnMoreButton" time="3.231"/>
  <testcase classname="automationTesting.AbbviePro.DermatologieTest" name="testCardLoadMoreButton" time="2.618"/>
  <testcase classname="automationTesting.AbbviePro.DermatologieTest" name="testThirdCardReadMoreButton" time="2.277"/>
  <testcase classname="automationTesting.AbbviePro.DermatologieTest" name="testScrollToPageTop" time="0.258"/>
  <testcase classname="automationTesting.AbbviePro.DermatologieTest" name="testStreamNowButton" time="7.693"/>
  <testcase classname="automationTesting.AbbviePro.DermatologieTest" name="testSecondCardReadMoreButton" time="2.558"/>
  <testcase classname="automationTesting.AbbviePro.DermatologieTest" name="testSixthCardReadMoreButton" time="3.353"/>
  <testcase classname="automationTesting.AbbviePro.DermatologieTest" name="testFifthCardReadMoreButton" time="2.359"/>
  <testcase classname="automationTesting.AbbviePro.DermatologieTest" name="testContactUsButton" time="4.751"/>
  <testcase classname="automationTesting.AbbviePro.DermatologieTest" name="testEighthCardReadMoreButton" time="4.547"/>
  <testcase classname="automationTesting.AbbviePro.DermatologieTest" name="testFirstCardReadMoreButton" time="6.040"/>
  <testcase classname="automationTesting.AbbviePro.DermatologieTest" name="testPSOUL_ReadMoreButton" time="8.412"/>
  <testcase classname="automationTesting.AbbviePro.DermatologieTest" name="testSeventhCardReadMoreButton" time="5.697"/>
  <testcase classname="automationTesting.AbbviePro.DermatologieTest" name="testAbbvieCareButton" time="4.852"/>
  <testcase classname="automationTesting.AbbviePro.DermatologieTest" name="testPageScrolling" time="8.896"/>
  <testcase classname="automationTesting.AbbviePro.DermatologieTest" name="testDermatologieButtonNavigation" time="5.661"/>
  <testcase classname="automationTesting.AbbviePro.DermatologieTest" name="testLearnMoreButton" time="7.608"/>
  <testcase classname="automationTesting.AbbviePro.DermatologieTest" name="testAtopicDermatitisButton" time="8.568"/>
  <testcase classname="automationTesting.AbbviePro.DermatologieTest" name="testNinethCardReadMoreButton" time="3.176"/>
</testsuite> <!-- automationTesting.AbbviePro.DermatologieTest -->
