<?xml version="1.0" encoding="UTF-8"?>
<!-- Generated by org.testng.reporters.JUnitReportReporter -->
<testsuite hostname="IN-GPG9L6L27P-CTS" failures="0" tests="9" name="automationTesting.AbbviePro.HomePageTest" time="43.063" errors="0" timestamp="2025-08-11T16:38:19 IST" skipped="0">
  <testcase classname="automationTesting.AbbviePro.HomePageTest" name="testSecondContactUsButton" time="2.090"/>
  <testcase classname="automationTesting.AbbviePro.HomePageTest" name="testBackToTopButton" time="10.051"/>
  <testcase classname="automationTesting.AbbviePro.HomePageTest" name="testSecondRegisterButton" time="3.446"/>
  <testcase classname="automationTesting.AbbviePro.HomePageTest" name="testNavigation" time="6.505"/>
  <testcase classname="automationTesting.AbbviePro.HomePageTest" name="testRegisterButton" time="5.683"/>
  <testcase classname="automationTesting.AbbviePro.HomePageTest" name="testTheoropaticButton" time="4.742"/>
  <testcase classname="automationTesting.AbbviePro.HomePageTest" name="testContactButton" time="3.717"/>
  <testcase classname="automationTesting.AbbviePro.HomePageTest" name="testLearnMoreButton" time="3.681"/>
  <testcase classname="automationTesting.AbbviePro.HomePageTest" name="testProductsLearnMore" time="3.148"/>
</testsuite> <!-- automationTesting.AbbviePro.HomePageTest -->
