<?xml version="1.0" encoding="UTF-8"?>
<!-- Generated by org.testng.reporters.JUnitReportReporter -->
<testsuite hostname="IN-GPG9L6L27P-CTS" failures="0" tests="21" name="automationTesting.AbbviePro.DermatologieTest" time="106.604" errors="0" timestamp="2025-08-12T00:07:19 IST" skipped="0">
  <testcase classname="automationTesting.AbbviePro.DermatologieTest" name="testContactUsButton" time="3.586"/>
  <testcase classname="automationTesting.AbbviePro.DermatologieTest" name="testFifthCardReadMoreButton" time="3.840"/>
  <testcase classname="automationTesting.AbbviePro.DermatologieTest" name="testFourthCardReadMoreButton" time="2.951"/>
  <testcase classname="automationTesting.AbbviePro.DermatologieTest" name="testSecondCardReadMoreButton" time="2.522"/>
  <testcase classname="automationTesting.AbbviePro.DermatologieTest" name="testScrollToPageTop" time="0.279"/>
  <testcase classname="automationTesting.AbbviePro.DermatologieTest" name="testPageScrolling" time="8.974"/>
  <testcase classname="automationTesting.AbbviePro.DermatologieTest" name="testSixthCardReadMoreButton" time="3.634"/>
  <testcase classname="automationTesting.AbbviePro.DermatologieTest" name="testAbbvieCareLearnMoreButton" time="3.150"/>
  <testcase classname="automationTesting.AbbviePro.DermatologieTest" name="testAtopicDermatitisButton" time="8.444"/>
  <testcase classname="automationTesting.AbbviePro.DermatologieTest" name="testEighthCardReadMoreButton" time="2.781"/>
  <testcase classname="automationTesting.AbbviePro.DermatologieTest" name="testNavigation" time="9.306"/>
  <testcase classname="automationTesting.AbbviePro.DermatologieTest" name="testCardLoadMoreButton" time="2.819"/>
  <testcase classname="automationTesting.AbbviePro.DermatologieTest" name="testNinethCardReadMoreButton" time="2.769"/>
  <testcase classname="automationTesting.AbbviePro.DermatologieTest" name="testLearnMoreButton" time="8.051"/>
  <testcase classname="automationTesting.AbbviePro.DermatologieTest" name="testPSOUL_ReadMoreButton" time="11.922"/>
  <testcase classname="automationTesting.AbbviePro.DermatologieTest" name="testDermatologieButtonNavigation" time="6.986"/>
  <testcase classname="automationTesting.AbbviePro.DermatologieTest" name="testAbbvieCareButton" time="5.385"/>
  <testcase classname="automationTesting.AbbviePro.DermatologieTest" name="testThirdCardReadMoreButton" time="2.276"/>
  <testcase classname="automationTesting.AbbviePro.DermatologieTest" name="testFirstCardReadMoreButton" time="6.630"/>
  <testcase classname="automationTesting.AbbviePro.DermatologieTest" name="testSeventhCardReadMoreButton" time="3.197"/>
  <testcase classname="automationTesting.AbbviePro.DermatologieTest" name="testStreamNowButton" time="7.102"/>
</testsuite> <!-- automationTesting.AbbviePro.DermatologieTest -->
