<?xml version="1.0" encoding="UTF-8"?>
<!-- Generated by org.testng.reporters.JUnitReportReporter -->
<testsuite hostname="IN-GPG9L6L27P-CTS" failures="0" tests="27" name="automationTesting.AbbviePro.RheumatologieTest" time="114.412" errors="0" timestamp="2025-08-10T19:09:43 IST" skipped="0">
  <testcase classname="automationTesting.AbbviePro.RheumatologieTest" name="testScrollToPageTop" time="0.225"/>
  <testcase classname="automationTesting.AbbviePro.RheumatologieTest" name="testRheumatologieButton" time="3.777"/>
  <testcase classname="automationTesting.AbbviePro.RheumatologieTest" name="testCardLoadMoreButton" time="0.414"/>
  <testcase classname="automationTesting.AbbviePro.RheumatologieTest" name="testPageScrolling" time="31.514"/>
  <testcase classname="automationTesting.AbbviePro.RheumatologieTest" name="testPodcastButton" time="1.607"/>
  <testcase classname="automationTesting.AbbviePro.RheumatologieTest" name="testEleventhCardReadMoreButton" time="2.587"/>
  <testcase classname="automationTesting.AbbviePro.RheumatologieTest" name="testSixteenthCardReadMoreButton" time="1.972"/>
  <testcase classname="automationTesting.AbbviePro.RheumatologieTest" name="testNinthCardReadMoreButton" time="3.697"/>
  <testcase classname="automationTesting.AbbviePro.RheumatologieTest" name="testTenthCardReadMoreButton" time="2.439"/>
  <testcase classname="automationTesting.AbbviePro.RheumatologieTest" name="testCommitmentLearnMoreButton" time="5.606"/>
  <testcase classname="automationTesting.AbbviePro.RheumatologieTest" name="testContactUsButton" time="2.043"/>
  <testcase classname="automationTesting.AbbviePro.RheumatologieTest" name="testSixthCardReadMoreButton" time="2.724"/>
  <testcase classname="automationTesting.AbbviePro.RheumatologieTest" name="testExchangePlatformLearnMoreButton" time="3.195"/>
  <testcase classname="automationTesting.AbbviePro.RheumatologieTest" name="testCareTopicsLearnMoreButton" time="5.931"/>
  <testcase classname="automationTesting.AbbviePro.RheumatologieTest" name="testFirstCardReadMoreButton" time="4.535"/>
  <testcase classname="automationTesting.AbbviePro.RheumatologieTest" name="testThirteenthCardReadMoreButton" time="2.141"/>
  <testcase classname="automationTesting.AbbviePro.RheumatologieTest" name="testNavigation" time="7.369"/>
  <testcase classname="automationTesting.AbbviePro.RheumatologieTest" name="testFifteenthCardReadMoreButton" time="4.730"/>
  <testcase classname="automationTesting.AbbviePro.RheumatologieTest" name="testAbbvieCareButton" time="4.872"/>
  <testcase classname="automationTesting.AbbviePro.RheumatologieTest" name="testThirdCardReadMoreButton" time="3.332"/>
  <testcase classname="automationTesting.AbbviePro.RheumatologieTest" name="testFourteenthCardReadMoreButton" time="3.366"/>
  <testcase classname="automationTesting.AbbviePro.RheumatologieTest" name="testTwelfthCardReadMoreButton" time="3.261"/>
  <testcase classname="automationTesting.AbbviePro.RheumatologieTest" name="testFifthCardReadMoreButton" time="1.813"/>
  <testcase classname="automationTesting.AbbviePro.RheumatologieTest" name="testSeventhCardReadMoreButton" time="3.542"/>
  <testcase classname="automationTesting.AbbviePro.RheumatologieTest" name="testConferencAndEventsLearnMoreButton" time="2.687"/>
  <testcase classname="automationTesting.AbbviePro.RheumatologieTest" name="testFourthCardReadMoreButton" time="1.862"/>
  <testcase classname="automationTesting.AbbviePro.RheumatologieTest" name="testEighthCardReadMoreButton" time="3.171"/>
</testsuite> <!-- automationTesting.AbbviePro.RheumatologieTest -->
