<?xml version="1.0" encoding="UTF-8"?>
<!-- Generated by org.testng.reporters.JUnitReportReporter -->
<testsuite hostname="IN-GPG9L6L27P-CTS" failures="0" tests="9" name="automationTesting.AbbviePro.HomePageTest" time="41.491" errors="0" timestamp="2025-08-12T00:14:01 IST" skipped="0">
  <testcase classname="automationTesting.AbbviePro.HomePageTest" name="testSecondRegisterButton" time="3.046"/>
  <testcase classname="automationTesting.AbbviePro.HomePageTest" name="testSecondContactUsButton" time="2.539"/>
  <testcase classname="automationTesting.AbbviePro.HomePageTest" name="testProductsLearnMore" time="3.422"/>
  <testcase classname="automationTesting.AbbviePro.HomePageTest" name="testRegisterButton" time="6.791"/>
  <testcase classname="automationTesting.AbbviePro.HomePageTest" name="testLearnMoreButton" time="2.895"/>
  <testcase classname="automationTesting.AbbviePro.HomePageTest" name="testNavigation" time="9.306"/>
  <testcase classname="automationTesting.AbbviePro.HomePageTest" name="testTheoropaticButton" time="3.492"/>
  <testcase classname="automationTesting.AbbviePro.HomePageTest" name="testBackToTopButton" time="6.880"/>
  <testcase classname="automationTesting.AbbviePro.HomePageTest" name="testContactButton" time="3.120"/>
</testsuite> <!-- automationTesting.AbbviePro.HomePageTest -->
