<?xml version="1.0" encoding="UTF-8"?>
<!-- Generated by org.testng.reporters.JUnitReportReporter -->
<testsuite hostname="IN-GPG9L6L27P-CTS" failures="0" tests="9" name="automationTesting.AbbviePro.HomePageTest" time="41.283" errors="0" timestamp="2025-08-08T00:48:15 IST" skipped="0">
  <testcase classname="automationTesting.AbbviePro.HomePageTest" name="testNavigation" time="8.685"/>
  <testcase classname="automationTesting.AbbviePro.HomePageTest" name="testRegisterButton" time="5.538"/>
  <testcase classname="automationTesting.AbbviePro.HomePageTest" name="testSecondRegisterButton" time="3.054"/>
  <testcase classname="automationTesting.AbbviePro.HomePageTest" name="testProductsLearnMore" time="2.604"/>
  <testcase classname="automationTesting.AbbviePro.HomePageTest" name="testBackToTopButton" time="10.029"/>
  <testcase classname="automationTesting.AbbviePro.HomePageTest" name="testContactButton" time="2.810"/>
  <testcase classname="automationTesting.AbbviePro.HomePageTest" name="testSecondContactUsButton" time="1.538"/>
  <testcase classname="automationTesting.AbbviePro.HomePageTest" name="testTheoropaticButton" time="3.345"/>
  <testcase classname="automationTesting.AbbviePro.HomePageTest" name="testLearnMoreButton" time="3.680"/>
</testsuite> <!-- automationTesting.AbbviePro.HomePageTest -->
