<?xml version="1.0" encoding="UTF-8"?>
<!-- Generated by org.testng.reporters.JUnitReportReporter -->
<testsuite hostname="IN-GPG9L6L27P-CTS" failures="3" tests="35" name="automationTesting.AbbviePro.HeaderTest" time="167.652" errors="0" timestamp="2025-08-02T15:01:35 IST" skipped="0">
  <testcase classname="automationTesting.AbbviePro.HeaderTest" name="testHematooncologyButton" time="4.995"/>
  <testcase classname="automationTesting.AbbviePro.HeaderTest" name="testDermatologieButton" time="10.376"/>
  <testcase classname="automationTesting.AbbviePro.HeaderTest" name="testParkinsonsDiseaseButton" time="5.784"/>
  <testcase classname="automationTesting.AbbviePro.HeaderTest" name="testVirologyButton" time="0.194">
    <failure message="Failed to navigate to Virologie page expected [true] but found [false]" type="java.lang.AssertionError">
      <![CDATA[java.lang.AssertionError: Failed to navigate to Virologie page expected [true] but found [false]
at org.testng.Assert.fail(Assert.java:111)
at org.testng.Assert.failNotEquals(Assert.java:1590)
at org.testng.Assert.assertTrue(Assert.java:57)
at automationTesting.AbbviePro.Header.clickOnVirologyButton(Header.java:376)
at automationTesting.AbbviePro.HeaderTest.testVirologyButton(HeaderTest.java:549)
at java.base/jdk.internal.reflect.DirectMethodHandleAccessor.invoke(DirectMethodHandleAccessor.java:103)
at java.base/java.lang.reflect.Method.invoke(Method.java:580)
at org.testng.internal.invokers.MethodInvocationHelper.invokeMethod(MethodInvocationHelper.java:141)
at org.testng.internal.invokers.TestInvoker.invokeMethod(TestInvoker.java:687)
at org.testng.internal.invokers.TestInvoker.invokeTestMethod(TestInvoker.java:230)
at org.testng.internal.invokers.MethodRunner.runInSequence(MethodRunner.java:63)
at org.testng.internal.invokers.TestInvoker$MethodInvocationAgent.invoke(TestInvoker.java:995)
at org.testng.internal.invokers.TestInvoker.invokeTestMethods(TestInvoker.java:203)
at org.testng.internal.invokers.TestMethodWorker.invokeTestMethods(TestMethodWorker.java:154)
at org.testng.internal.invokers.TestMethodWorker.run(TestMethodWorker.java:134)
at java.base/java.util.ArrayList.forEach(ArrayList.java:1597)
at org.testng.TestRunner.privateRun(TestRunner.java:741)
at org.testng.TestRunner.run(TestRunner.java:616)
at org.testng.SuiteRunner.runTest(SuiteRunner.java:421)
at org.testng.SuiteRunner.runSequentially(SuiteRunner.java:413)
at org.testng.SuiteRunner.privateRun(SuiteRunner.java:373)
at org.testng.SuiteRunner.run(SuiteRunner.java:312)
at org.testng.SuiteRunnerWorker.runSuite(SuiteRunnerWorker.java:52)
at org.testng.SuiteRunnerWorker.run(SuiteRunnerWorker.java:95)
at org.testng.TestNG.runSuitesSequentially(TestNG.java:1274)
at org.testng.TestNG.runSuitesLocally(TestNG.java:1208)
at org.testng.TestNG.runSuites(TestNG.java:1112)
at org.testng.TestNG.run(TestNG.java:1079)
at org.testng.remote.AbstractRemoteTestNG.run(AbstractRemoteTestNG.java:115)
at org.testng.remote.RemoteTestNG.initAndRun(RemoteTestNG.java:293)
at org.testng.remote.RemoteTestNG.main(RemoteTestNG.java:91)
]]>
    </failure>
  </testcase> <!-- testVirologyButton -->
  <testcase classname="automationTesting.AbbviePro.HeaderTest" name="testOphthalmologyChildButton" time="10.414"/>
  <testcase classname="automationTesting.AbbviePro.HeaderTest" name="testProductOverviewButton" time="5.203"/>
  <testcase classname="automationTesting.AbbviePro.HeaderTest" name="testSolidTumorsButton" time="5.102"/>
  <testcase classname="automationTesting.AbbviePro.HeaderTest" name="testHeaderLogo" time="3.550"/>
  <testcase classname="automationTesting.AbbviePro.HeaderTest" name="testServiceAndContactButton" time="3.014"/>
  <testcase classname="automationTesting.AbbviePro.HeaderTest" name="testEventsAndTrainingRegisterNowButton" time="1.901"/>
  <testcase classname="automationTesting.AbbviePro.HeaderTest" name="testProductPageButton" time="3.369"/>
  <testcase classname="automationTesting.AbbviePro.HeaderTest" name="testNeurogenicDetrusorOveractivityButton" time="3.456"/>
  <testcase classname="automationTesting.AbbviePro.HeaderTest" name="testSpasticityAfterStrokeButton" time="3.524"/>
  <testcase classname="automationTesting.AbbviePro.HeaderTest" name="testProductRelatedEventsButton" time="5.597"/>
  <testcase classname="automationTesting.AbbviePro.HeaderTest" name="testRegister_WithEmail" time="12.031"/>
  <testcase classname="automationTesting.AbbviePro.HeaderTest" name="testMigraineButton" time="3.769"/>
  <testcase classname="automationTesting.AbbviePro.HeaderTest" name="testTrainingMaterialButton" time="4.035"/>
  <testcase classname="automationTesting.AbbviePro.HeaderTest" name="testRheumatologieButton" time="4.754"/>
  <testcase classname="automationTesting.AbbviePro.HeaderTest" name="testMedicalScientificEventsButton" time="10.423"/>
  <testcase classname="automationTesting.AbbviePro.HeaderTest" name="testProductAndUserInformationButton" time="3.704"/>
  <testcase classname="automationTesting.AbbviePro.HeaderTest" name="testHepatitisCHCVButton" time="10.443"/>
  <testcase classname="automationTesting.AbbviePro.HeaderTest" name="testImmunologieButton" time="4.132">
    <failure message="Failed to navigate to Immunologie page expected [true] but found [false]" type="java.lang.AssertionError">
      <![CDATA[java.lang.AssertionError: Failed to navigate to Immunologie page expected [true] but found [false]
at org.testng.Assert.fail(Assert.java:111)
at org.testng.Assert.failNotEquals(Assert.java:1590)
at org.testng.Assert.assertTrue(Assert.java:57)
at automationTesting.AbbviePro.Header.clickOnImmunologieButton(Header.java:250)
at automationTesting.AbbviePro.HeaderTest.testImmunologieButton(HeaderTest.java:291)
at java.base/jdk.internal.reflect.DirectMethodHandleAccessor.invoke(DirectMethodHandleAccessor.java:103)
at java.base/java.lang.reflect.Method.invoke(Method.java:580)
at org.testng.internal.invokers.MethodInvocationHelper.invokeMethod(MethodInvocationHelper.java:141)
at org.testng.internal.invokers.TestInvoker.invokeMethod(TestInvoker.java:687)
at org.testng.internal.invokers.TestInvoker.invokeTestMethod(TestInvoker.java:230)
at org.testng.internal.invokers.MethodRunner.runInSequence(MethodRunner.java:63)
at org.testng.internal.invokers.TestInvoker$MethodInvocationAgent.invoke(TestInvoker.java:995)
at org.testng.internal.invokers.TestInvoker.invokeTestMethods(TestInvoker.java:203)
at org.testng.internal.invokers.TestMethodWorker.invokeTestMethods(TestMethodWorker.java:154)
at org.testng.internal.invokers.TestMethodWorker.run(TestMethodWorker.java:134)
at java.base/java.util.ArrayList.forEach(ArrayList.java:1597)
at org.testng.TestRunner.privateRun(TestRunner.java:741)
at org.testng.TestRunner.run(TestRunner.java:616)
at org.testng.SuiteRunner.runTest(SuiteRunner.java:421)
at org.testng.SuiteRunner.runSequentially(SuiteRunner.java:413)
at org.testng.SuiteRunner.privateRun(SuiteRunner.java:373)
at org.testng.SuiteRunner.run(SuiteRunner.java:312)
at org.testng.SuiteRunnerWorker.runSuite(SuiteRunnerWorker.java:52)
at org.testng.SuiteRunnerWorker.run(SuiteRunnerWorker.java:95)
at org.testng.TestNG.runSuitesSequentially(TestNG.java:1274)
at org.testng.TestNG.runSuitesLocally(TestNG.java:1208)
at org.testng.TestNG.runSuites(TestNG.java:1112)
at org.testng.TestNG.run(TestNG.java:1079)
at org.testng.remote.AbstractRemoteTestNG.run(AbstractRemoteTestNG.java:115)
at org.testng.remote.RemoteTestNG.initAndRun(RemoteTestNG.java:293)
at org.testng.remote.RemoteTestNG.main(RemoteTestNG.java:91)
]]>
    </failure>
  </testcase> <!-- testImmunologieButton -->
  <testcase classname="automationTesting.AbbviePro.HeaderTest" name="testGastroenterologieButton" time="3.131"/>
  <testcase classname="automationTesting.AbbviePro.HeaderTest" name="testNeurologyButton" time="5.802"/>
  <testcase classname="automationTesting.AbbviePro.HeaderTest" name="testNavigation" time="11.965"/>
  <testcase classname="automationTesting.AbbviePro.HeaderTest" name="testHomePageButton" time="1.740"/>
  <testcase classname="automationTesting.AbbviePro.HeaderTest" name="testIdiopathicOveractiveBladderButton" time="2.022"/>
  <testcase classname="automationTesting.AbbviePro.HeaderTest" name="testOnkologieButton" time="7.780"/>
  <testcase classname="automationTesting.AbbviePro.HeaderTest" name="testUrologyButton" time="2.307"/>
  <testcase classname="automationTesting.AbbviePro.HeaderTest" name="testTherapiegebieteButton" time="4.515"/>
  <testcase classname="automationTesting.AbbviePro.HeaderTest" name="testEventsAndTrainingChevronIcon" time="0.369"/>
  <testcase classname="automationTesting.AbbviePro.HeaderTest" name="testEventsAndTrainingButton" time="3.106"/>
  <testcase classname="automationTesting.AbbviePro.HeaderTest" name="testProductChevronIcon" time="0.281"/>
  <testcase classname="automationTesting.AbbviePro.HeaderTest" name="testRegister_FillDetails" time="4.799"/>
  <testcase classname="automationTesting.AbbviePro.HeaderTest" name="testOphthalmologyParentButton" time="0.065">
    <failure message="Failed to navigate to Augenheilkunde page expected [true] but found [false]" type="java.lang.AssertionError">
      <![CDATA[java.lang.AssertionError: Failed to navigate to Augenheilkunde page expected [true] but found [false]
at org.testng.Assert.fail(Assert.java:111)
at org.testng.Assert.failNotEquals(Assert.java:1590)
at org.testng.Assert.assertTrue(Assert.java:57)
at automationTesting.AbbviePro.Header.clickOnOphthalmologyParentButton(Header.java:395)
at automationTesting.AbbviePro.HeaderTest.testOphthalmologyParentButton(HeaderTest.java:591)
at java.base/jdk.internal.reflect.DirectMethodHandleAccessor.invoke(DirectMethodHandleAccessor.java:103)
at java.base/java.lang.reflect.Method.invoke(Method.java:580)
at org.testng.internal.invokers.MethodInvocationHelper.invokeMethod(MethodInvocationHelper.java:141)
at org.testng.internal.invokers.TestInvoker.invokeMethod(TestInvoker.java:687)
at org.testng.internal.invokers.TestInvoker.invokeTestMethod(TestInvoker.java:230)
at org.testng.internal.invokers.MethodRunner.runInSequence(MethodRunner.java:63)
at org.testng.internal.invokers.TestInvoker$MethodInvocationAgent.invoke(TestInvoker.java:995)
at org.testng.internal.invokers.TestInvoker.invokeTestMethods(TestInvoker.java:203)
at org.testng.internal.invokers.TestMethodWorker.invokeTestMethods(TestMethodWorker.java:154)
at org.testng.internal.invokers.TestMethodWorker.run(TestMethodWorker.java:134)
at java.base/java.util.ArrayList.forEach(ArrayList.java:1597)
at org.testng.TestRunner.privateRun(TestRunner.java:741)
at org.testng.TestRunner.run(TestRunner.java:616)
at org.testng.SuiteRunner.runTest(SuiteRunner.java:421)
at org.testng.SuiteRunner.runSequentially(SuiteRunner.java:413)
at org.testng.SuiteRunner.privateRun(SuiteRunner.java:373)
at org.testng.SuiteRunner.run(SuiteRunner.java:312)
at org.testng.SuiteRunnerWorker.runSuite(SuiteRunnerWorker.java:52)
at org.testng.SuiteRunnerWorker.run(SuiteRunnerWorker.java:95)
at org.testng.TestNG.runSuitesSequentially(TestNG.java:1274)
at org.testng.TestNG.runSuitesLocally(TestNG.java:1208)
at org.testng.TestNG.runSuites(TestNG.java:1112)
at org.testng.TestNG.run(TestNG.java:1079)
at org.testng.remote.AbstractRemoteTestNG.run(AbstractRemoteTestNG.java:115)
at org.testng.remote.RemoteTestNG.initAndRun(RemoteTestNG.java:293)
at org.testng.remote.RemoteTestNG.main(RemoteTestNG.java:91)
]]>
    </failure>
  </testcase> <!-- testOphthalmologyParentButton -->
</testsuite> <!-- automationTesting.AbbviePro.HeaderTest -->
