<?xml version="1.0" encoding="UTF-8"?>
<!-- Generated by org.testng.reporters.JUnitReportReporter -->
<testsuite hostname="IN-GPG9L6L27P-CTS" failures="0" tests="7" name="automationTesting.AbbviePro.UrologyTest" time="33.995" errors="0" timestamp="2025-08-10T00:28:06 IST" skipped="0">
  <testcase classname="automationTesting.AbbviePro.UrologyTest" name="testUrologyButton" time="5.341"/>
  <testcase classname="automationTesting.AbbviePro.UrologyTest" name="testIdiopathicOveractiveBladderButton" time="2.736"/>
  <testcase classname="automationTesting.AbbviePro.UrologyTest" name="testNeurogenicDetrusorOveractivityButton" time="3.271"/>
  <testcase classname="automationTesting.AbbviePro.UrologyTest" name="testUrologyContactUsButton" time="3.181"/>
  <testcase classname="automationTesting.AbbviePro.UrologyTest" name="testNavigation" time="11.695"/>
  <testcase classname="automationTesting.AbbviePro.UrologyTest" name="testPageScrolling" time="7.521"/>
  <testcase classname="automationTesting.AbbviePro.UrologyTest" name="testScrollToPageTop" time="0.250"/>
</testsuite> <!-- automationTesting.AbbviePro.UrologyTest -->
