<?xml version="1.0" encoding="UTF-8"?>
<!-- Generated by org.testng.reporters.JUnitReportReporter -->
<testsuite hostname="IN-GPG9L6L27P-CTS" failures="0" tests="7" name="automationTesting.AbbviePro.HCVTest" time="41.098" errors="0" timestamp="2025-08-11T22:51:02 IST" skipped="0">
  <testcase classname="automationTesting.AbbviePro.HCVTest" name="testFourthCardReadMoreButton" time="1.263"/>
  <testcase classname="automationTesting.AbbviePro.HCVTest" name="testCardLoadMoreButton" time="1.798"/>
  <testcase classname="automationTesting.AbbviePro.HCVTest" name="testThirdCardReadMoreButton" time="1.287"/>
  <testcase classname="automationTesting.AbbviePro.HCVTest" name="testNavigation" time="8.815"/>
  <testcase classname="automationTesting.AbbviePro.HCVTest" name="testFirstCardReadMoreButton" time="18.459"/>
  <testcase classname="automationTesting.AbbviePro.HCVTest" name="testHCVButton" time="2.590"/>
  <testcase classname="automationTesting.AbbviePro.HCVTest" name="testSecondCardReadMoreButton" time="6.886"/>
</testsuite> <!-- automationTesting.AbbviePro.HCVTest -->
