<?xml version="1.0" encoding="UTF-8"?>
<!-- Generated by org.testng.reporters.JUnitReportReporter -->
<testsuite hostname="IN-GPG9L6L27P-CTS" failures="0" tests="9" name="automationTesting.AbbviePro.HomePageTest" time="43.623" errors="0" timestamp="2025-08-09T22:41:58 IST" skipped="0">
  <testcase classname="automationTesting.AbbviePro.HomePageTest" name="testRegisterButton" time="6.605"/>
  <testcase classname="automationTesting.AbbviePro.HomePageTest" name="testSecondContactUsButton" time="1.843"/>
  <testcase classname="automationTesting.AbbviePro.HomePageTest" name="testTheoropaticButton" time="4.055"/>
  <testcase classname="automationTesting.AbbviePro.HomePageTest" name="testProductsLearnMore" time="2.889"/>
  <testcase classname="automationTesting.AbbviePro.HomePageTest" name="testNavigation" time="8.275"/>
  <testcase classname="automationTesting.AbbviePro.HomePageTest" name="testContactButton" time="2.657"/>
  <testcase classname="automationTesting.AbbviePro.HomePageTest" name="testBackToTopButton" time="10.030"/>
  <testcase classname="automationTesting.AbbviePro.HomePageTest" name="testLearnMoreButton" time="3.927"/>
  <testcase classname="automationTesting.AbbviePro.HomePageTest" name="testSecondRegisterButton" time="3.342"/>
</testsuite> <!-- automationTesting.AbbviePro.HomePageTest -->
