<?xml version="1.0" encoding="UTF-8"?>
<!-- Generated by org.testng.reporters.JUnitReportReporter -->
<testsuite hostname="IN-GPG9L6L27P-CTS" failures="0" tests="15" name="automationTesting.AbbviePro.FooterTest" time="73.365" errors="0" timestamp="2025-08-03T14:01:47 IST" skipped="0">
  <testcase classname="automationTesting.AbbviePro.FooterTest" name="testSitemapButton" time="3.623"/>
  <testcase classname="automationTesting.AbbviePro.FooterTest" name="testOphthalmologieButton" time="2.959"/>
  <testcase classname="automationTesting.AbbviePro.FooterTest" name="testHCVButton" time="3.186"/>
  <testcase classname="automationTesting.AbbviePro.FooterTest" name="testFooterLogo" time="2.685"/>
  <testcase classname="automationTesting.AbbviePro.FooterTest" name="testUrologieButton" time="5.150"/>
  <testcase classname="automationTesting.AbbviePro.FooterTest" name="testDermatologieButton" time="5.959"/>
  <testcase classname="automationTesting.AbbviePro.FooterTest" name="testTermsOfUseButton" time="2.046"/>
  <testcase classname="automationTesting.AbbviePro.FooterTest" name="testRheumatologieButton" time="4.864"/>
  <testcase classname="automationTesting.AbbviePro.FooterTest" name="testNavigation" time="8.023"/>
  <testcase classname="automationTesting.AbbviePro.FooterTest" name="testPrivacyPolicyButton" time="4.621"/>
  <testcase classname="automationTesting.AbbviePro.FooterTest" name="testContactInformationButton" time="8.356"/>
  <testcase classname="automationTesting.AbbviePro.FooterTest" name="testGastroenterologieButton" time="4.246"/>
  <testcase classname="automationTesting.AbbviePro.FooterTest" name="testImprintButton" time="6.433"/>
  <testcase classname="automationTesting.AbbviePro.FooterTest" name="testNeurologieButton" time="5.302"/>
  <testcase classname="automationTesting.AbbviePro.FooterTest" name="testOnkologieButton" time="5.912"/>
</testsuite> <!-- automationTesting.AbbviePro.FooterTest -->
