<?xml version="1.0" encoding="UTF-8"?>
<!-- Generated by org.testng.reporters.JUnitReportReporter -->
<testsuite hostname="IN-GPG9L6L27P-CTS" failures="0" tests="27" name="automationTesting.AbbviePro.RheumatologieTest" time="127.145" errors="0" timestamp="2025-08-09T22:41:58 IST" skipped="0">
  <testcase classname="automationTesting.AbbviePro.RheumatologieTest" name="testCommitmentLearnMoreButton" time="5.595"/>
  <testcase classname="automationTesting.AbbviePro.RheumatologieTest" name="testEleventhCardReadMoreButton" time="3.281"/>
  <testcase classname="automationTesting.AbbviePro.RheumatologieTest" name="testPodcastButton" time="1.816"/>
  <testcase classname="automationTesting.AbbviePro.RheumatologieTest" name="testNinthCardReadMoreButton" time="4.284"/>
  <testcase classname="automationTesting.AbbviePro.RheumatologieTest" name="testNavigation" time="7.257"/>
  <testcase classname="automationTesting.AbbviePro.RheumatologieTest" name="testTwelfthCardReadMoreButton" time="3.540"/>
  <testcase classname="automationTesting.AbbviePro.RheumatologieTest" name="testEighthCardReadMoreButton" time="3.806"/>
  <testcase classname="automationTesting.AbbviePro.RheumatologieTest" name="testFifteenthCardReadMoreButton" time="3.674"/>
  <testcase classname="automationTesting.AbbviePro.RheumatologieTest" name="testPageScrolling" time="31.214"/>
  <testcase classname="automationTesting.AbbviePro.RheumatologieTest" name="testContactUsButton" time="2.119"/>
  <testcase classname="automationTesting.AbbviePro.RheumatologieTest" name="testSixteenthCardReadMoreButton" time="4.631"/>
  <testcase classname="automationTesting.AbbviePro.RheumatologieTest" name="testCardLoadMoreButton" time="0.422"/>
  <testcase classname="automationTesting.AbbviePro.RheumatologieTest" name="testScrollToPageTop" time="0.214"/>
  <testcase classname="automationTesting.AbbviePro.RheumatologieTest" name="testConferencAndEventsLearnMoreButton" time="5.271"/>
  <testcase classname="automationTesting.AbbviePro.RheumatologieTest" name="testExchangePlatformLearnMoreButton" time="4.149"/>
  <testcase classname="automationTesting.AbbviePro.RheumatologieTest" name="testThirdCardReadMoreButton" time="4.040"/>
  <testcase classname="automationTesting.AbbviePro.RheumatologieTest" name="testFifthCardReadMoreButton" time="2.845"/>
  <testcase classname="automationTesting.AbbviePro.RheumatologieTest" name="testFourteenthCardReadMoreButton" time="4.967"/>
  <testcase classname="automationTesting.AbbviePro.RheumatologieTest" name="testFourthCardReadMoreButton" time="2.309"/>
  <testcase classname="automationTesting.AbbviePro.RheumatologieTest" name="testAbbvieCareButton" time="5.352"/>
  <testcase classname="automationTesting.AbbviePro.RheumatologieTest" name="testSixthCardReadMoreButton" time="3.216"/>
  <testcase classname="automationTesting.AbbviePro.RheumatologieTest" name="testTenthCardReadMoreButton" time="2.425"/>
  <testcase classname="automationTesting.AbbviePro.RheumatologieTest" name="testCareTopicsLearnMoreButton" time="6.535"/>
  <testcase classname="automationTesting.AbbviePro.RheumatologieTest" name="testRheumatologieButton" time="4.567"/>
  <testcase classname="automationTesting.AbbviePro.RheumatologieTest" name="testSeventhCardReadMoreButton" time="2.258"/>
  <testcase classname="automationTesting.AbbviePro.RheumatologieTest" name="testThirteenthCardReadMoreButton" time="3.804"/>
  <testcase classname="automationTesting.AbbviePro.RheumatologieTest" name="testFirstCardReadMoreButton" time="3.554"/>
</testsuite> <!-- automationTesting.AbbviePro.RheumatologieTest -->
