<?xml version="1.0" encoding="UTF-8"?>
<!-- Generated by org.testng.reporters.JUnitReportReporter -->
<testsuite hostname="IN-GPG9L6L27P-CTS" failures="0" tests="7" name="automationTesting.AbbviePro.RheumatologieTest" time="29.100" errors="0" timestamp="2025-08-09T00:00:03 IST" skipped="0">
  <testcase classname="automationTesting.AbbviePro.RheumatologieTest" name="testCardLoadMoreButton" time="0.352"/>
  <testcase classname="automationTesting.AbbviePro.RheumatologieTest" name="testRheumatologieButton" time="5.040"/>
  <testcase classname="automationTesting.AbbviePro.RheumatologieTest" name="testNavigation" time="9.093"/>
  <testcase classname="automationTesting.AbbviePro.RheumatologieTest" name="testConferencAndEventsLearnMoreButton" time="2.589"/>
  <testcase classname="automationTesting.AbbviePro.RheumatologieTest" name="testExchangePlatformLearnMoreButton" time="1.849"/>
  <testcase classname="automationTesting.AbbviePro.RheumatologieTest" name="testCareTopicsLearnMoreButton" time="1.339"/>
  <testcase classname="automationTesting.AbbviePro.RheumatologieTest" name="testFirstCardReadMoreButton" time="8.838"/>
</testsuite> <!-- automationTesting.AbbviePro.RheumatologieTest -->
