<?xml version="1.0" encoding="UTF-8"?>
<!-- Generated by org.testng.reporters.JUnitReportReporter -->
<testsuite hostname="IN-GPG9L6L27P-CTS" failures="0" tests="19" name="automationTesting.AbbviePro.FooterTest" time="96.727" errors="0" timestamp="2025-08-10T19:09:43 IST" skipped="0">
  <testcase classname="automationTesting.AbbviePro.FooterTest" name="testNavigation" time="7.704"/>
  <testcase classname="automationTesting.AbbviePro.FooterTest" name="testFooterLogo" time="2.356"/>
  <testcase classname="automationTesting.AbbviePro.FooterTest" name="testDermatologieButton" time="6.366"/>
  <testcase classname="automationTesting.AbbviePro.FooterTest" name="testGastroenterologieButton" time="2.691"/>
  <testcase classname="automationTesting.AbbviePro.FooterTest" name="testRheumatologieButton" time="4.675"/>
  <testcase classname="automationTesting.AbbviePro.FooterTest" name="testOnkologieButton" time="5.950"/>
  <testcase classname="automationTesting.AbbviePro.FooterTest" name="testNeurologieButton" time="5.653"/>
  <testcase classname="automationTesting.AbbviePro.FooterTest" name="testHCVButton" time="2.950"/>
  <testcase classname="automationTesting.AbbviePro.FooterTest" name="testOphthalmologieButton" time="4.338"/>
  <testcase classname="automationTesting.AbbviePro.FooterTest" name="testUrologieButton" time="2.164"/>
  <testcase classname="automationTesting.AbbviePro.FooterTest" name="testImprintButton" time="5.767"/>
  <testcase classname="automationTesting.AbbviePro.FooterTest" name="testPrivacyPolicyButton" time="4.632"/>
  <testcase classname="automationTesting.AbbviePro.FooterTest" name="testTermsOfUseButton" time="2.020"/>
  <testcase classname="automationTesting.AbbviePro.FooterTest" name="testContactInformationButton" time="10.660"/>
  <testcase classname="automationTesting.AbbviePro.FooterTest" name="testSitemapButton" time="3.776"/>
  <testcase classname="automationTesting.AbbviePro.FooterTest" name="testFacebookIcon" time="7.241"/>
  <testcase classname="automationTesting.AbbviePro.FooterTest" name="testInstagramIcon" time="5.504"/>
  <testcase classname="automationTesting.AbbviePro.FooterTest" name="testLinkdinIcon" time="3.779"/>
  <testcase classname="automationTesting.AbbviePro.FooterTest" name="testYoutubeIcon" time="8.501"/>
</testsuite> <!-- automationTesting.AbbviePro.FooterTest -->
