<?xml version="1.0" encoding="UTF-8"?>
<!-- Generated by org.testng.reporters.JUnitReportReporter -->
<testsuite hostname="IN-GPG9L6L27P-CTS" failures="0" tests="9" name="automationTesting.AbbviePro.HomePageTest" time="42.613" errors="0" timestamp="2025-08-10T19:09:43 IST" skipped="0">
  <testcase classname="automationTesting.AbbviePro.HomePageTest" name="testRegisterButton" time="4.781"/>
  <testcase classname="automationTesting.AbbviePro.HomePageTest" name="testContactButton" time="3.347"/>
  <testcase classname="automationTesting.AbbviePro.HomePageTest" name="testBackToTopButton" time="10.036"/>
  <testcase classname="automationTesting.AbbviePro.HomePageTest" name="testProductsLearnMore" time="4.041"/>
  <testcase classname="automationTesting.AbbviePro.HomePageTest" name="testLearnMoreButton" time="3.787"/>
  <testcase classname="automationTesting.AbbviePro.HomePageTest" name="testTheoropaticButton" time="3.378"/>
  <testcase classname="automationTesting.AbbviePro.HomePageTest" name="testSecondContactUsButton" time="2.248"/>
  <testcase classname="automationTesting.AbbviePro.HomePageTest" name="testSecondRegisterButton" time="3.574"/>
  <testcase classname="automationTesting.AbbviePro.HomePageTest" name="testNavigation" time="7.421"/>
</testsuite> <!-- automationTesting.AbbviePro.HomePageTest -->
