<?xml version="1.0" encoding="UTF-8"?>
<!-- Generated by org.testng.reporters.JUnitReportReporter -->
<testsuite hostname="IN-GPG9L6L27P-CTS" failures="0" tests="1" name="automationTesting.AbbviePro.RegistrationTest" time="9.535" errors="0" timestamp="2025-08-02T17:09:54 IST" skipped="0">
  <testcase classname="automationTesting.AbbviePro.RegistrationTest" name="testNavigation" time="9.535"/>
</testsuite> <!-- automationTesting.AbbviePro.RegistrationTest -->
