<?xml version="1.0" encoding="UTF-8"?>
<!-- Generated by org.testng.reporters.JUnitReportReporter -->
<testsuite hostname="IN-GPG9L6L27P-CTS" failures="0" tests="8" name="automationTesting.AbbviePro.OncologyTest" time="35.845" errors="0" timestamp="2025-08-12T00:07:19 IST" skipped="0">
  <testcase classname="automationTesting.AbbviePro.OncologyTest" name="testNavigation" time="8.559"/>
  <testcase classname="automationTesting.AbbviePro.OncologyTest" name="testHematoOncologyLearnMoreButton" time="4.674"/>
  <testcase classname="automationTesting.AbbviePro.OncologyTest" name="testPageScrolling" time="6.516"/>
  <testcase classname="automationTesting.AbbviePro.OncologyTest" name="testOncologyButton" time="5.639"/>
  <testcase classname="automationTesting.AbbviePro.OncologyTest" name="testRegisterButton" time="3.705"/>
  <testcase classname="automationTesting.AbbviePro.OncologyTest" name="testContactUsButton" time="2.879"/>
  <testcase classname="automationTesting.AbbviePro.OncologyTest" name="testSolidTumorLearnMoreButton" time="3.740"/>
  <testcase classname="automationTesting.AbbviePro.OncologyTest" name="testScrollToPageTop" time="0.133"/>
</testsuite> <!-- automationTesting.AbbviePro.OncologyTest -->
