<?xml version="1.0" encoding="UTF-8"?>
<!-- Generated by org.testng.reporters.JUnitReportReporter -->
<testsuite hostname="IN-GPG9L6L27P-CTS" failures="0" tests="7" name="automationTesting.AbbviePro.UrologyTest" time="27.964" errors="0" timestamp="2025-08-10T19:09:43 IST" skipped="0">
  <testcase classname="automationTesting.AbbviePro.UrologyTest" name="testPageScrolling" time="7.582"/>
  <testcase classname="automationTesting.AbbviePro.UrologyTest" name="testIdiopathicOveractiveBladderButton" time="2.333"/>
  <testcase classname="automationTesting.AbbviePro.UrologyTest" name="testUrologyContactUsButton" time="3.172"/>
  <testcase classname="automationTesting.AbbviePro.UrologyTest" name="testNavigation" time="7.575"/>
  <testcase classname="automationTesting.AbbviePro.UrologyTest" name="testUrologyButton" time="4.008"/>
  <testcase classname="automationTesting.AbbviePro.UrologyTest" name="testNeurogenicDetrusorOveractivityButton" time="3.046"/>
  <testcase classname="automationTesting.AbbviePro.UrologyTest" name="testScrollToPageTop" time="0.248"/>
</testsuite> <!-- automationTesting.AbbviePro.UrologyTest -->
