<?xml version="1.0" encoding="UTF-8"?>
<!-- Generated by org.testng.reporters.JUnitReportReporter -->
<testsuite hostname="IN-GPG9L6L27P-CTS" failures="0" tests="8" name="automationTesting.AbbviePro.OncologyTest" time="29.100" errors="0" timestamp="2025-08-11T16:38:19 IST" skipped="0">
  <testcase classname="automationTesting.AbbviePro.OncologyTest" name="testSolidTumorLearnMoreButton" time="3.144"/>
  <testcase classname="automationTesting.AbbviePro.OncologyTest" name="testHematoOncologyLearnMoreButton" time="2.629"/>
  <testcase classname="automationTesting.AbbviePro.OncologyTest" name="testScrollToPageTop" time="0.161"/>
  <testcase classname="automationTesting.AbbviePro.OncologyTest" name="testOncologyButton" time="3.341"/>
  <testcase classname="automationTesting.AbbviePro.OncologyTest" name="testContactUsButton" time="2.817"/>
  <testcase classname="automationTesting.AbbviePro.OncologyTest" name="testPageScrolling" time="6.497"/>
  <testcase classname="automationTesting.AbbviePro.OncologyTest" name="testNavigation" time="6.495"/>
  <testcase classname="automationTesting.AbbviePro.OncologyTest" name="testRegisterButton" time="4.016"/>
</testsuite> <!-- automationTesting.AbbviePro.OncologyTest -->
