<?xml version="1.0" encoding="UTF-8"?>
<!-- Generated by org.testng.reporters.JUnitReportReporter -->
<testsuite hostname="IN-GPG9L6L27P-CTS" failures="0" tests="7" name="automationTesting.AbbviePro.UrologyTest" time="31.336" errors="0" timestamp="2025-08-11T16:38:19 IST" skipped="0">
  <testcase classname="automationTesting.AbbviePro.UrologyTest" name="testIdiopathicOveractiveBladderButton" time="2.098"/>
  <testcase classname="automationTesting.AbbviePro.UrologyTest" name="testPageScrolling" time="7.729"/>
  <testcase classname="automationTesting.AbbviePro.UrologyTest" name="testUrologyContactUsButton" time="9.626"/>
  <testcase classname="automationTesting.AbbviePro.UrologyTest" name="testUrologyButton" time="3.126"/>
  <testcase classname="automationTesting.AbbviePro.UrologyTest" name="testNeurogenicDetrusorOveractivityButton" time="2.460"/>
  <testcase classname="automationTesting.AbbviePro.UrologyTest" name="testScrollToPageTop" time="0.291"/>
  <testcase classname="automationTesting.AbbviePro.UrologyTest" name="testNavigation" time="6.006"/>
</testsuite> <!-- automationTesting.AbbviePro.UrologyTest -->
