<?xml version="1.0" encoding="UTF-8"?>
<!-- Generated by org.testng.reporters.JUnitReportReporter -->
<testsuite hostname="IN-GPG9L6L27P-CTS" failures="0" tests="7" name="automationTesting.AbbviePro.RegistrationTest" time="36.145" errors="0" timestamp="2025-08-03T14:01:47 IST" skipped="0">
  <testcase classname="automationTesting.AbbviePro.RegistrationTest" name="testNavigation" time="12.995"/>
  <testcase classname="automationTesting.AbbviePro.RegistrationTest" name="testHomePageNavigation" time="5.601"/>
  <testcase classname="automationTesting.AbbviePro.RegistrationTest" name="testProductsLearnMore" time="2.909"/>
  <testcase classname="automationTesting.AbbviePro.RegistrationTest" name="testTheoropaticButton" time="3.397"/>
  <testcase classname="automationTesting.AbbviePro.RegistrationTest" name="testContactButton" time="3.077"/>
  <testcase classname="automationTesting.AbbviePro.RegistrationTest" name="testSecondRegisterButton" time="3.971"/>
  <testcase classname="automationTesting.AbbviePro.RegistrationTest" name="testSignUpButton" time="4.195"/>
</testsuite> <!-- automationTesting.AbbviePro.RegistrationTest -->
