<?xml version="1.0" encoding="UTF-8"?>
<!-- Generated by org.testng.reporters.JUnitReportReporter -->
<testsuite hostname="IN-GPG9L6L27P-CTS" failures="0" tests="16" name="automationTesting.AbbviePro.DermatologieTest" time="143.177" errors="0" timestamp="2025-08-06T22:51:01 IST" skipped="0">
  <testcase classname="automationTesting.AbbviePro.DermatologieTest" name="testSixthCardReadMoreButton" time="10.291"/>
  <testcase classname="automationTesting.AbbviePro.DermatologieTest" name="testLearnMoreButton" time="10.169"/>
  <testcase classname="automationTesting.AbbviePro.DermatologieTest" name="testStreamNowButton" time="3.446"/>
  <testcase classname="automationTesting.AbbviePro.DermatologieTest" name="testEighthCardReadMoreButton" time="10.087"/>
  <testcase classname="automationTesting.AbbviePro.DermatologieTest" name="testNinethCardReadMoreButton" time="10.297"/>
  <testcase classname="automationTesting.AbbviePro.DermatologieTest" name="testPageScrolling" time="8.619"/>
  <testcase classname="automationTesting.AbbviePro.DermatologieTest" name="testFirstCardReadMoreButton" time="10.132"/>
  <testcase classname="automationTesting.AbbviePro.DermatologieTest" name="testCardLoadMoreButton" time="10.144"/>
  <testcase classname="automationTesting.AbbviePro.DermatologieTest" name="testFifthCardReadMoreButton" time="10.142"/>
  <testcase classname="automationTesting.AbbviePro.DermatologieTest" name="testSeventhCardReadMoreButton" time="10.261"/>
  <testcase classname="automationTesting.AbbviePro.DermatologieTest" name="testDermatologieButtonNavigation" time="10.164"/>
  <testcase classname="automationTesting.AbbviePro.DermatologieTest" name="testThirdCardReadMoreButton" time="10.279"/>
  <testcase classname="automationTesting.AbbviePro.DermatologieTest" name="testNavigation" time="8.373"/>
  <testcase classname="automationTesting.AbbviePro.DermatologieTest" name="testScrollToPageTop" time="0.249"/>
  <testcase classname="automationTesting.AbbviePro.DermatologieTest" name="testSecondCardReadMoreButton" time="10.357"/>
  <testcase classname="automationTesting.AbbviePro.DermatologieTest" name="testFourthCardReadMoreButton" time="10.167"/>
</testsuite> <!-- automationTesting.AbbviePro.DermatologieTest -->
