<?xml version="1.0" encoding="UTF-8"?>
<!-- Generated by org.testng.reporters.JUnitReportReporter -->
<testsuite hostname="IN-GPG9L6L27P-CTS" failures="0" tests="15" name="automationTesting.AbbviePro.FooterTest" time="69.246" errors="0" timestamp="2025-08-06T22:51:01 IST" skipped="0">
  <testcase classname="automationTesting.AbbviePro.FooterTest" name="testNavigation" time="6.879"/>
  <testcase classname="automationTesting.AbbviePro.FooterTest" name="testFooterLogo" time="2.429"/>
  <testcase classname="automationTesting.AbbviePro.FooterTest" name="testDermatologieButton" time="5.288"/>
  <testcase classname="automationTesting.AbbviePro.FooterTest" name="testGastroenterologieButton" time="3.004"/>
  <testcase classname="automationTesting.AbbviePro.FooterTest" name="testRheumatologieButton" time="4.710"/>
  <testcase classname="automationTesting.AbbviePro.FooterTest" name="testOnkologieButton" time="6.407"/>
  <testcase classname="automationTesting.AbbviePro.FooterTest" name="testNeurologieButton" time="5.306"/>
  <testcase classname="automationTesting.AbbviePro.FooterTest" name="testHCVButton" time="2.809"/>
  <testcase classname="automationTesting.AbbviePro.FooterTest" name="testOphthalmologieButton" time="3.311"/>
  <testcase classname="automationTesting.AbbviePro.FooterTest" name="testUrologieButton" time="2.675"/>
  <testcase classname="automationTesting.AbbviePro.FooterTest" name="testImprintButton" time="5.465"/>
  <testcase classname="automationTesting.AbbviePro.FooterTest" name="testPrivacyPolicyButton" time="5.745"/>
  <testcase classname="automationTesting.AbbviePro.FooterTest" name="testTermsOfUseButton" time="2.653"/>
  <testcase classname="automationTesting.AbbviePro.FooterTest" name="testContactInformationButton" time="8.653"/>
  <testcase classname="automationTesting.AbbviePro.FooterTest" name="testSitemapButton" time="3.912"/>
</testsuite> <!-- automationTesting.AbbviePro.FooterTest -->
