<?xml version="1.0" encoding="UTF-8"?>
<!-- Generated by org.testng.reporters.JUnitReportReporter -->
<testsuite hostname="IN-GPG9L6L27P-CTS" failures="0" tests="7" name="automationTesting.AbbviePro.RegistrationTest" time="32.303" errors="0" timestamp="2025-08-06T22:51:01 IST" skipped="0">
  <testcase classname="automationTesting.AbbviePro.RegistrationTest" name="testNavigation" time="7.987"/>
  <testcase classname="automationTesting.AbbviePro.RegistrationTest" name="testHomePageNavigation" time="6.569"/>
  <testcase classname="automationTesting.AbbviePro.RegistrationTest" name="testProductsLearnMore" time="2.467"/>
  <testcase classname="automationTesting.AbbviePro.RegistrationTest" name="testTheoropaticButton" time="4.270"/>
  <testcase classname="automationTesting.AbbviePro.RegistrationTest" name="testContactButton" time="3.475"/>
  <testcase classname="automationTesting.AbbviePro.RegistrationTest" name="testSecondRegisterButton" time="3.887"/>
  <testcase classname="automationTesting.AbbviePro.RegistrationTest" name="testSignUpButton" time="3.648"/>
</testsuite> <!-- automationTesting.AbbviePro.RegistrationTest -->
