<?xml version="1.0" encoding="UTF-8"?>
<!-- Generated by org.testng.reporters.JUnitReportReporter -->
<testsuite hostname="IN-GPG9L6L27P-CTS" failures="3" tests="35" name="automationTesting.AbbviePro.HeaderTest" time="179.715" errors="0" timestamp="2025-08-07T16:35:59 IST" skipped="0">
  <testcase classname="automationTesting.AbbviePro.HeaderTest" name="testNavigation" time="11.254"/>
  <testcase classname="automationTesting.AbbviePro.HeaderTest" name="testHeaderLogo" time="3.432"/>
  <testcase classname="automationTesting.AbbviePro.HeaderTest" name="testRegister_WithEmail" time="10.846"/>
  <testcase classname="automationTesting.AbbviePro.HeaderTest" name="testRegister_FillDetails" time="6.313"/>
  <testcase classname="automationTesting.AbbviePro.HeaderTest" name="testHomePageButton" time="2.362"/>
  <testcase classname="automationTesting.AbbviePro.HeaderTest" name="testProductPageButton" time="3.272"/>
  <testcase classname="automationTesting.AbbviePro.HeaderTest" name="testProductChevronIcon" time="0.921"/>
  <testcase classname="automationTesting.AbbviePro.HeaderTest" name="testProductOverviewButton" time="4.929"/>
  <testcase classname="automationTesting.AbbviePro.HeaderTest" name="testProductAndUserInformationButton" time="9.366"/>
  <testcase classname="automationTesting.AbbviePro.HeaderTest" name="testTrainingMaterialButton" time="4.153"/>
  <testcase classname="automationTesting.AbbviePro.HeaderTest" name="testTherapiegebieteButton" time="4.668"/>
  <testcase classname="automationTesting.AbbviePro.HeaderTest" name="testImmunologieButton" time="4.134">
    <failure message="Failed to navigate to Immunologie page expected [true] but found [false]" type="java.lang.AssertionError">
      <![CDATA[java.lang.AssertionError: Failed to navigate to Immunologie page expected [true] but found [false]
at org.testng.Assert.fail(Assert.java:111)
at org.testng.Assert.failNotEquals(Assert.java:1590)
at org.testng.Assert.assertTrue(Assert.java:57)
at automationTesting.AbbviePro.Header.clickOnImmunologieButton(Header.java:228)
at automationTesting.AbbviePro.HeaderTest.testImmunologieButton(HeaderTest.java:246)
at java.base/jdk.internal.reflect.NativeMethodAccessorImpl.invoke0(Native Method)
at java.base/jdk.internal.reflect.NativeMethodAccessorImpl.invoke(NativeMethodAccessorImpl.java:77)
at java.base/jdk.internal.reflect.DelegatingMethodAccessorImpl.invoke(DelegatingMethodAccessorImpl.java:43)
at java.base/java.lang.reflect.Method.invoke(Method.java:569)
at org.testng.internal.invokers.MethodInvocationHelper.invokeMethod(MethodInvocationHelper.java:141)
at org.testng.internal.invokers.TestInvoker.invokeMethod(TestInvoker.java:687)
at org.testng.internal.invokers.TestInvoker.invokeTestMethod(TestInvoker.java:230)
at org.testng.internal.invokers.MethodRunner.runInSequence(MethodRunner.java:63)
at org.testng.internal.invokers.TestInvoker$MethodInvocationAgent.invoke(TestInvoker.java:995)
at org.testng.internal.invokers.TestInvoker.invokeTestMethods(TestInvoker.java:203)
at org.testng.internal.invokers.TestMethodWorker.invokeTestMethods(TestMethodWorker.java:154)
at org.testng.internal.invokers.TestMethodWorker.run(TestMethodWorker.java:134)
at java.base/java.util.ArrayList.forEach(ArrayList.java:1511)
at org.testng.TestRunner.privateRun(TestRunner.java:741)
at org.testng.TestRunner.run(TestRunner.java:616)
at org.testng.SuiteRunner.runTest(SuiteRunner.java:421)
at org.testng.SuiteRunner.runSequentially(SuiteRunner.java:413)
at org.testng.SuiteRunner.privateRun(SuiteRunner.java:373)
at org.testng.SuiteRunner.run(SuiteRunner.java:312)
at org.testng.SuiteRunnerWorker.runSuite(SuiteRunnerWorker.java:52)
at org.testng.SuiteRunnerWorker.run(SuiteRunnerWorker.java:95)
at org.testng.TestNG.runSuitesSequentially(TestNG.java:1274)
at org.testng.TestNG.runSuitesLocally(TestNG.java:1208)
at org.testng.TestNG.runSuites(TestNG.java:1112)
at org.testng.TestNG.run(TestNG.java:1079)
at org.apache.maven.surefire.testng.TestNGExecutor.run(TestNGExecutor.java:308)
at org.apache.maven.surefire.testng.TestNGXmlTestSuite.execute(TestNGXmlTestSuite.java:71)
at org.apache.maven.surefire.testng.TestNGProvider.invoke(TestNGProvider.java:113)
at org.apache.maven.surefire.booter.ForkedBooter.runSuitesInProcess(ForkedBooter.java:385)
at org.apache.maven.surefire.booter.ForkedBooter.execute(ForkedBooter.java:162)
at org.apache.maven.surefire.booter.ForkedBooter.run(ForkedBooter.java:507)
at org.apache.maven.surefire.booter.ForkedBooter.main(ForkedBooter.java:495)
]]>
    </failure>
  </testcase> <!-- testImmunologieButton -->
  <testcase classname="automationTesting.AbbviePro.HeaderTest" name="testDermatologieButton" time="10.350"/>
  <testcase classname="automationTesting.AbbviePro.HeaderTest" name="testGastroenterologieButton" time="4.455"/>
  <testcase classname="automationTesting.AbbviePro.HeaderTest" name="testRheumatologieButton" time="4.169"/>
  <testcase classname="automationTesting.AbbviePro.HeaderTest" name="testOnkologieButton" time="5.259"/>
  <testcase classname="automationTesting.AbbviePro.HeaderTest" name="testHematooncologyButton" time="4.800"/>
  <testcase classname="automationTesting.AbbviePro.HeaderTest" name="testSolidTumorsButton" time="4.548"/>
  <testcase classname="automationTesting.AbbviePro.HeaderTest" name="testNeurologyButton" time="2.510"/>
  <testcase classname="automationTesting.AbbviePro.HeaderTest" name="testMigraineButton" time="3.770"/>
  <testcase classname="automationTesting.AbbviePro.HeaderTest" name="testParkinsonsDiseaseButton" time="4.464"/>
  <testcase classname="automationTesting.AbbviePro.HeaderTest" name="testSpasticityAfterStrokeButton" time="3.050"/>
  <testcase classname="automationTesting.AbbviePro.HeaderTest" name="testVirologyButton" time="4.145">
    <failure message="Failed to navigate to Virologie page expected [true] but found [false]" type="java.lang.AssertionError">
      <![CDATA[java.lang.AssertionError: Failed to navigate to Virologie page expected [true] but found [false]
at org.testng.Assert.fail(Assert.java:111)
at org.testng.Assert.failNotEquals(Assert.java:1590)
at org.testng.Assert.assertTrue(Assert.java:57)
at automationTesting.AbbviePro.Header.clickOnVirologyButton(Header.java:340)
at automationTesting.AbbviePro.HeaderTest.testVirologyButton(HeaderTest.java:480)
at java.base/jdk.internal.reflect.NativeMethodAccessorImpl.invoke0(Native Method)
at java.base/jdk.internal.reflect.NativeMethodAccessorImpl.invoke(NativeMethodAccessorImpl.java:77)
at java.base/jdk.internal.reflect.DelegatingMethodAccessorImpl.invoke(DelegatingMethodAccessorImpl.java:43)
at java.base/java.lang.reflect.Method.invoke(Method.java:569)
at org.testng.internal.invokers.MethodInvocationHelper.invokeMethod(MethodInvocationHelper.java:141)
at org.testng.internal.invokers.TestInvoker.invokeMethod(TestInvoker.java:687)
at org.testng.internal.invokers.TestInvoker.invokeTestMethod(TestInvoker.java:230)
at org.testng.internal.invokers.MethodRunner.runInSequence(MethodRunner.java:63)
at org.testng.internal.invokers.TestInvoker$MethodInvocationAgent.invoke(TestInvoker.java:995)
at org.testng.internal.invokers.TestInvoker.invokeTestMethods(TestInvoker.java:203)
at org.testng.internal.invokers.TestMethodWorker.invokeTestMethods(TestMethodWorker.java:154)
at org.testng.internal.invokers.TestMethodWorker.run(TestMethodWorker.java:134)
at java.base/java.util.ArrayList.forEach(ArrayList.java:1511)
at org.testng.TestRunner.privateRun(TestRunner.java:741)
at org.testng.TestRunner.run(TestRunner.java:616)
at org.testng.SuiteRunner.runTest(SuiteRunner.java:421)
at org.testng.SuiteRunner.runSequentially(SuiteRunner.java:413)
at org.testng.SuiteRunner.privateRun(SuiteRunner.java:373)
at org.testng.SuiteRunner.run(SuiteRunner.java:312)
at org.testng.SuiteRunnerWorker.runSuite(SuiteRunnerWorker.java:52)
at org.testng.SuiteRunnerWorker.run(SuiteRunnerWorker.java:95)
at org.testng.TestNG.runSuitesSequentially(TestNG.java:1274)
at org.testng.TestNG.runSuitesLocally(TestNG.java:1208)
at org.testng.TestNG.runSuites(TestNG.java:1112)
at org.testng.TestNG.run(TestNG.java:1079)
at org.apache.maven.surefire.testng.TestNGExecutor.run(TestNGExecutor.java:308)
at org.apache.maven.surefire.testng.TestNGXmlTestSuite.execute(TestNGXmlTestSuite.java:71)
at org.apache.maven.surefire.testng.TestNGProvider.invoke(TestNGProvider.java:113)
at org.apache.maven.surefire.booter.ForkedBooter.runSuitesInProcess(ForkedBooter.java:385)
at org.apache.maven.surefire.booter.ForkedBooter.execute(ForkedBooter.java:162)
at org.apache.maven.surefire.booter.ForkedBooter.run(ForkedBooter.java:507)
at org.apache.maven.surefire.booter.ForkedBooter.main(ForkedBooter.java:495)
]]>
    </failure>
  </testcase> <!-- testVirologyButton -->
  <testcase classname="automationTesting.AbbviePro.HeaderTest" name="testHepatitisCHCVButton" time="10.546"/>
  <testcase classname="automationTesting.AbbviePro.HeaderTest" name="testOphthalmologyParentButton" time="4.256">
    <failure message="Failed to navigate to Augenheilkunde page expected [true] but found [false]" type="java.lang.AssertionError">
      <![CDATA[java.lang.AssertionError: Failed to navigate to Augenheilkunde page expected [true] but found [false]
at org.testng.Assert.fail(Assert.java:111)
at org.testng.Assert.failNotEquals(Assert.java:1590)
at org.testng.Assert.assertTrue(Assert.java:57)
at automationTesting.AbbviePro.Header.clickOnOphthalmologyParentButton(Header.java:359)
at automationTesting.AbbviePro.HeaderTest.testOphthalmologyParentButton(HeaderTest.java:524)
at java.base/jdk.internal.reflect.NativeMethodAccessorImpl.invoke0(Native Method)
at java.base/jdk.internal.reflect.NativeMethodAccessorImpl.invoke(NativeMethodAccessorImpl.java:77)
at java.base/jdk.internal.reflect.DelegatingMethodAccessorImpl.invoke(DelegatingMethodAccessorImpl.java:43)
at java.base/java.lang.reflect.Method.invoke(Method.java:569)
at org.testng.internal.invokers.MethodInvocationHelper.invokeMethod(MethodInvocationHelper.java:141)
at org.testng.internal.invokers.TestInvoker.invokeMethod(TestInvoker.java:687)
at org.testng.internal.invokers.TestInvoker.invokeTestMethod(TestInvoker.java:230)
at org.testng.internal.invokers.MethodRunner.runInSequence(MethodRunner.java:63)
at org.testng.internal.invokers.TestInvoker$MethodInvocationAgent.invoke(TestInvoker.java:995)
at org.testng.internal.invokers.TestInvoker.invokeTestMethods(TestInvoker.java:203)
at org.testng.internal.invokers.TestMethodWorker.invokeTestMethods(TestMethodWorker.java:154)
at org.testng.internal.invokers.TestMethodWorker.run(TestMethodWorker.java:134)
at java.base/java.util.ArrayList.forEach(ArrayList.java:1511)
at org.testng.TestRunner.privateRun(TestRunner.java:741)
at org.testng.TestRunner.run(TestRunner.java:616)
at org.testng.SuiteRunner.runTest(SuiteRunner.java:421)
at org.testng.SuiteRunner.runSequentially(SuiteRunner.java:413)
at org.testng.SuiteRunner.privateRun(SuiteRunner.java:373)
at org.testng.SuiteRunner.run(SuiteRunner.java:312)
at org.testng.SuiteRunnerWorker.runSuite(SuiteRunnerWorker.java:52)
at org.testng.SuiteRunnerWorker.run(SuiteRunnerWorker.java:95)
at org.testng.TestNG.runSuitesSequentially(TestNG.java:1274)
at org.testng.TestNG.runSuitesLocally(TestNG.java:1208)
at org.testng.TestNG.runSuites(TestNG.java:1112)
at org.testng.TestNG.run(TestNG.java:1079)
at org.apache.maven.surefire.testng.TestNGExecutor.run(TestNGExecutor.java:308)
at org.apache.maven.surefire.testng.TestNGXmlTestSuite.execute(TestNGXmlTestSuite.java:71)
at org.apache.maven.surefire.testng.TestNGProvider.invoke(TestNGProvider.java:113)
at org.apache.maven.surefire.booter.ForkedBooter.runSuitesInProcess(ForkedBooter.java:385)
at org.apache.maven.surefire.booter.ForkedBooter.execute(ForkedBooter.java:162)
at org.apache.maven.surefire.booter.ForkedBooter.run(ForkedBooter.java:507)
at org.apache.maven.surefire.booter.ForkedBooter.main(ForkedBooter.java:495)
]]>
    </failure>
  </testcase> <!-- testOphthalmologyParentButton -->
  <testcase classname="automationTesting.AbbviePro.HeaderTest" name="testOphthalmologyChildButton" time="10.484"/>
  <testcase classname="automationTesting.AbbviePro.HeaderTest" name="testUrologyButton" time="2.361"/>
  <testcase classname="automationTesting.AbbviePro.HeaderTest" name="testIdiopathicOveractiveBladderButton" time="3.501"/>
  <testcase classname="automationTesting.AbbviePro.HeaderTest" name="testNeurogenicDetrusorOveractivityButton" time="2.625"/>
  <testcase classname="automationTesting.AbbviePro.HeaderTest" name="testEventsAndTrainingButton" time="4.402"/>
  <testcase classname="automationTesting.AbbviePro.HeaderTest" name="testEventsAndTrainingChevronIcon" time="0.889"/>
  <testcase classname="automationTesting.AbbviePro.HeaderTest" name="testMedicalScientificEventsButton" time="10.397"/>
  <testcase classname="automationTesting.AbbviePro.HeaderTest" name="testProductRelatedEventsButton" time="7.042"/>
  <testcase classname="automationTesting.AbbviePro.HeaderTest" name="testEventsAndTrainingRegisterNowButton" time="2.864"/>
  <testcase classname="automationTesting.AbbviePro.HeaderTest" name="testServiceAndContactButton" time="3.178"/>
</testsuite> <!-- automationTesting.AbbviePro.HeaderTest -->
