<?xml version="1.0" encoding="UTF-8"?>
<!-- Generated by org.testng.reporters.JUnitReportReporter -->
<testsuite hostname="IN-GPG9L6L27P-CTS" failures="0" tests="7" name="automationTesting.AbbviePro.RegistrationTest" time="55.557" errors="0" timestamp="2025-08-04T19:33:50 IST" skipped="0">
  <testcase classname="automationTesting.AbbviePro.RegistrationTest" name="testNavigation" time="11.909"/>
  <testcase classname="automationTesting.AbbviePro.RegistrationTest" name="testHomePageNavigation" time="12.893"/>
  <testcase classname="automationTesting.AbbviePro.RegistrationTest" name="testProductsLearnMore" time="6.174"/>
  <testcase classname="automationTesting.AbbviePro.RegistrationTest" name="testTheoropaticButton" time="8.081"/>
  <testcase classname="automationTesting.AbbviePro.RegistrationTest" name="testContactButton" time="7.038"/>
  <testcase classname="automationTesting.AbbviePro.RegistrationTest" name="testSecondRegisterButton" time="5.318"/>
  <testcase classname="automationTesting.AbbviePro.RegistrationTest" name="testSignUpButton" time="4.144"/>
</testsuite> <!-- automationTesting.AbbviePro.RegistrationTest -->
