<?xml version="1.0" encoding="UTF-8"?>
<!-- Generated by org.testng.reporters.JUnitReportReporter -->
<testsuite hostname="IN-GPG9L6L27P-CTS" failures="2" tests="37" name="automationTesting.AbbviePro.HeaderTest" time="177.368" errors="1" timestamp="2025-08-06T22:51:01 IST" skipped="0">
  <testcase classname="automationTesting.AbbviePro.HeaderTest" name="testNavigation" time="7.762"/>
  <testcase classname="automationTesting.AbbviePro.HeaderTest" name="testHeaderLogo" time="2.384"/>
  <testcase classname="automationTesting.AbbviePro.HeaderTest" name="testRegister_WithEmail" time="8.449"/>
  <testcase classname="automationTesting.AbbviePro.HeaderTest" name="testRegister_FillDetails" time="5.120"/>
  <testcase classname="automationTesting.AbbviePro.HeaderTest" name="testHomePageButton" time="1.756"/>
  <testcase classname="automationTesting.AbbviePro.HeaderTest" name="testProductPageButton" time="2.698"/>
  <testcase classname="automationTesting.AbbviePro.HeaderTest" name="testProductChevronIcon" time="0.428"/>
  <testcase classname="automationTesting.AbbviePro.HeaderTest" name="testProductOverviewButton" time="3.886"/>
  <testcase classname="automationTesting.AbbviePro.HeaderTest" name="testProductAndUserInformationButton" time="3.612"/>
  <testcase classname="automationTesting.AbbviePro.HeaderTest" name="testTrainingMaterialButton" time="3.938"/>
  <testcase classname="automationTesting.AbbviePro.HeaderTest" name="testTherapiegebieteButton" time="3.469"/>
  <testcase classname="automationTesting.AbbviePro.HeaderTest" name="testtherapiegebieteChevronIcon" time="0.283"/>
  <testcase classname="automationTesting.AbbviePro.HeaderTest" name="testImmunologieButton" time="14.434">
    <error message="Test Immunologie Button failed due to navigation issue." type="java.lang.RuntimeException">
      <![CDATA[java.lang.RuntimeException: Test Immunologie Button failed due to navigation issue.
at automationTesting.AbbviePro.HeaderTest.testImmunologieButton(HeaderTest.java:259)
at java.base/jdk.internal.reflect.NativeMethodAccessorImpl.invoke0(Native Method)
at java.base/jdk.internal.reflect.NativeMethodAccessorImpl.invoke(NativeMethodAccessorImpl.java:77)
at java.base/jdk.internal.reflect.DelegatingMethodAccessorImpl.invoke(DelegatingMethodAccessorImpl.java:43)
at java.base/java.lang.reflect.Method.invoke(Method.java:569)
at org.testng.internal.invokers.MethodInvocationHelper.invokeMethod(MethodInvocationHelper.java:141)
at org.testng.internal.invokers.TestInvoker.invokeMethod(TestInvoker.java:687)
at org.testng.internal.invokers.TestInvoker.invokeTestMethod(TestInvoker.java:230)
at org.testng.internal.invokers.MethodRunner.runInSequence(MethodRunner.java:63)
at org.testng.internal.invokers.TestInvoker$MethodInvocationAgent.invoke(TestInvoker.java:995)
at org.testng.internal.invokers.TestInvoker.invokeTestMethods(TestInvoker.java:203)
at org.testng.internal.invokers.TestMethodWorker.invokeTestMethods(TestMethodWorker.java:154)
at org.testng.internal.invokers.TestMethodWorker.run(TestMethodWorker.java:134)
at java.base/java.util.ArrayList.forEach(ArrayList.java:1511)
at org.testng.TestRunner.privateRun(TestRunner.java:741)
at org.testng.TestRunner.run(TestRunner.java:616)
at org.testng.SuiteRunner.runTest(SuiteRunner.java:421)
at org.testng.SuiteRunner.runSequentially(SuiteRunner.java:413)
at org.testng.SuiteRunner.privateRun(SuiteRunner.java:373)
at org.testng.SuiteRunner.run(SuiteRunner.java:312)
at org.testng.SuiteRunnerWorker.runSuite(SuiteRunnerWorker.java:52)
at org.testng.SuiteRunnerWorker.run(SuiteRunnerWorker.java:95)
at org.testng.TestNG.runSuitesSequentially(TestNG.java:1274)
at org.testng.TestNG.runSuitesLocally(TestNG.java:1208)
at org.testng.TestNG.runSuites(TestNG.java:1112)
at org.testng.TestNG.run(TestNG.java:1079)
at org.apache.maven.surefire.testng.TestNGExecutor.run(TestNGExecutor.java:155)
at org.apache.maven.surefire.testng.TestNGDirectoryTestSuite.executeMulti(TestNGDirectoryTestSuite.java:169)
at org.apache.maven.surefire.testng.TestNGDirectoryTestSuite.execute(TestNGDirectoryTestSuite.java:88)
at org.apache.maven.surefire.testng.TestNGProvider.invoke(TestNGProvider.java:137)
at org.apache.maven.surefire.booter.ForkedBooter.runSuitesInProcess(ForkedBooter.java:385)
at org.apache.maven.surefire.booter.ForkedBooter.execute(ForkedBooter.java:162)
at org.apache.maven.surefire.booter.ForkedBooter.run(ForkedBooter.java:507)
at org.apache.maven.surefire.booter.ForkedBooter.main(ForkedBooter.java:495)
Caused by: org.openqa.selenium.ElementNotInteractableException: element not interactable
  (Session info: chrome=138.0.7204.184)
Build info: version: '4.15.0', revision: '1d14b5521b'
System info: os.name: 'Mac OS X', os.arch: 'aarch64', os.version: '15.5', java.version: '17.0.16'
Driver info: org.openqa.selenium.chrome.ChromeDriver
Command: [59303137dcbb81fb27d53ca14c29934e, clickElement {id=f.4A5CA197727CDEDA5EDAA8787168AEF9.d.D3935E89736D28CC17A432ADE1BCDC35.e.315}]
Capabilities {acceptInsecureCerts: false, browserName: chrome, browserVersion: 138.0.7204.184, chrome: {chromedriverVersion: 138.0.7204.183 (e90faf484dd..., userDataDir: /var/folders/yq/_yp1rq0n6mj...}, fedcm:accounts: true, goog:chromeOptions: {debuggerAddress: localhost:62021}, networkConnectionEnabled: false, pageLoadStrategy: normal, platformName: mac, proxy: Proxy(), se:cdp: ws://localhost:62021/devtoo..., se:cdpVersion: 138.0.7204.184, setWindowRect: true, strictFileInteractability: false, timeouts: {implicit: 0, pageLoad: 300000, script: 30000}, unhandledPromptBehavior: dismiss and notify, webauthn:extension:credBlob: true, webauthn:extension:largeBlob: true, webauthn:extension:minPinLength: true, webauthn:extension:prf: true, webauthn:virtualAuthenticators: true}
Element: [[ChromeDriver: chrome on mac (59303137dcbb81fb27d53ca14c29934e)] -> xpath: (//div[@class='main-navigation__inner']//a)[39]]
Session ID: 59303137dcbb81fb27d53ca14c29934e
at java.base/jdk.internal.reflect.NativeConstructorAccessorImpl.newInstance0(Native Method)
at java.base/jdk.internal.reflect.NativeConstructorAccessorImpl.newInstance(NativeConstructorAccessorImpl.java:77)
at java.base/jdk.internal.reflect.DelegatingConstructorAccessorImpl.newInstance(DelegatingConstructorAccessorImpl.java:45)
at java.base/java.lang.reflect.Constructor.newInstanceWithCaller(Constructor.java:500)
at java.base/java.lang.reflect.Constructor.newInstance(Constructor.java:481)
at org.openqa.selenium.remote.codec.w3c.W3CHttpResponseCodec.createException(W3CHttpResponseCodec.java:200)
at org.openqa.selenium.remote.codec.w3c.W3CHttpResponseCodec.decode(W3CHttpResponseCodec.java:133)
at org.openqa.selenium.remote.codec.w3c.W3CHttpResponseCodec.decode(W3CHttpResponseCodec.java:52)
at org.openqa.selenium.remote.HttpCommandExecutor.execute(HttpCommandExecutor.java:191)
at org.openqa.selenium.remote.service.DriverCommandExecutor.invokeExecute(DriverCommandExecutor.java:200)
at org.openqa.selenium.remote.service.DriverCommandExecutor.execute(DriverCommandExecutor.java:175)
at org.openqa.selenium.remote.RemoteWebDriver.execute(RemoteWebDriver.java:607)
at org.openqa.selenium.remote.RemoteWebElement.execute(RemoteWebElement.java:224)
at org.openqa.selenium.remote.RemoteWebElement.click(RemoteWebElement.java:77)
at jdk.internal.reflect.GeneratedMethodAccessor15.invoke(Unknown Source)
at java.base/jdk.internal.reflect.DelegatingMethodAccessorImpl.invoke(DelegatingMethodAccessorImpl.java:43)
at java.base/java.lang.reflect.Method.invoke(Method.java:569)
at org.openqa.selenium.support.pagefactory.internal.LocatingElementHandler.invoke(LocatingElementHandler.java:51)
at jdk.proxy2/jdk.proxy2.$Proxy11.click(Unknown Source)
at automationTesting.AbbviePro.Header.clickOnImmunologieButton(Header.java:227)
at automationTesting.AbbviePro.HeaderTest.testImmunologieButton(HeaderTest.java:246)
... 33 more
]]>
    </error>
  </testcase> <!-- testImmunologieButton -->
  <testcase classname="automationTesting.AbbviePro.HeaderTest" name="testDermatologieButton" time="5.651"/>
  <testcase classname="automationTesting.AbbviePro.HeaderTest" name="testGastroenterologieButton" time="2.807"/>
  <testcase classname="automationTesting.AbbviePro.HeaderTest" name="testRheumatologieButton" time="4.850"/>
  <testcase classname="automationTesting.AbbviePro.HeaderTest" name="testOnkologieButton" time="6.627"/>
  <testcase classname="automationTesting.AbbviePro.HeaderTest" name="testHematooncologyButton" time="5.940"/>
  <testcase classname="automationTesting.AbbviePro.HeaderTest" name="testSolidTumorsButton" time="5.644"/>
  <testcase classname="automationTesting.AbbviePro.HeaderTest" name="testNeurologyButton" time="5.016"/>
  <testcase classname="automationTesting.AbbviePro.HeaderTest" name="testMigraineButton" time="3.170"/>
  <testcase classname="automationTesting.AbbviePro.HeaderTest" name="testParkinsonsDiseaseButton" time="5.412"/>
  <testcase classname="automationTesting.AbbviePro.HeaderTest" name="testSpasticityAfterStrokeButton" time="3.646"/>
  <testcase classname="automationTesting.AbbviePro.HeaderTest" name="testVirologyButton" time="4.131">
    <failure message="Failed to navigate to Virologie page expected [true] but found [false]" type="java.lang.AssertionError">
      <![CDATA[java.lang.AssertionError: Failed to navigate to Virologie page expected [true] but found [false]
at org.testng.Assert.fail(Assert.java:111)
at org.testng.Assert.failNotEquals(Assert.java:1590)
at org.testng.Assert.assertTrue(Assert.java:57)
at automationTesting.AbbviePro.Header.clickOnVirologyButton(Header.java:340)
at automationTesting.AbbviePro.HeaderTest.testVirologyButton(HeaderTest.java:480)
at java.base/jdk.internal.reflect.NativeMethodAccessorImpl.invoke0(Native Method)
at java.base/jdk.internal.reflect.NativeMethodAccessorImpl.invoke(NativeMethodAccessorImpl.java:77)
at java.base/jdk.internal.reflect.DelegatingMethodAccessorImpl.invoke(DelegatingMethodAccessorImpl.java:43)
at java.base/java.lang.reflect.Method.invoke(Method.java:569)
at org.testng.internal.invokers.MethodInvocationHelper.invokeMethod(MethodInvocationHelper.java:141)
at org.testng.internal.invokers.TestInvoker.invokeMethod(TestInvoker.java:687)
at org.testng.internal.invokers.TestInvoker.invokeTestMethod(TestInvoker.java:230)
at org.testng.internal.invokers.MethodRunner.runInSequence(MethodRunner.java:63)
at org.testng.internal.invokers.TestInvoker$MethodInvocationAgent.invoke(TestInvoker.java:995)
at org.testng.internal.invokers.TestInvoker.invokeTestMethods(TestInvoker.java:203)
at org.testng.internal.invokers.TestMethodWorker.invokeTestMethods(TestMethodWorker.java:154)
at org.testng.internal.invokers.TestMethodWorker.run(TestMethodWorker.java:134)
at java.base/java.util.ArrayList.forEach(ArrayList.java:1511)
at org.testng.TestRunner.privateRun(TestRunner.java:741)
at org.testng.TestRunner.run(TestRunner.java:616)
at org.testng.SuiteRunner.runTest(SuiteRunner.java:421)
at org.testng.SuiteRunner.runSequentially(SuiteRunner.java:413)
at org.testng.SuiteRunner.privateRun(SuiteRunner.java:373)
at org.testng.SuiteRunner.run(SuiteRunner.java:312)
at org.testng.SuiteRunnerWorker.runSuite(SuiteRunnerWorker.java:52)
at org.testng.SuiteRunnerWorker.run(SuiteRunnerWorker.java:95)
at org.testng.TestNG.runSuitesSequentially(TestNG.java:1274)
at org.testng.TestNG.runSuitesLocally(TestNG.java:1208)
at org.testng.TestNG.runSuites(TestNG.java:1112)
at org.testng.TestNG.run(TestNG.java:1079)
at org.apache.maven.surefire.testng.TestNGExecutor.run(TestNGExecutor.java:155)
at org.apache.maven.surefire.testng.TestNGDirectoryTestSuite.executeMulti(TestNGDirectoryTestSuite.java:169)
at org.apache.maven.surefire.testng.TestNGDirectoryTestSuite.execute(TestNGDirectoryTestSuite.java:88)
at org.apache.maven.surefire.testng.TestNGProvider.invoke(TestNGProvider.java:137)
at org.apache.maven.surefire.booter.ForkedBooter.runSuitesInProcess(ForkedBooter.java:385)
at org.apache.maven.surefire.booter.ForkedBooter.execute(ForkedBooter.java:162)
at org.apache.maven.surefire.booter.ForkedBooter.run(ForkedBooter.java:507)
at org.apache.maven.surefire.booter.ForkedBooter.main(ForkedBooter.java:495)
]]>
    </failure>
  </testcase> <!-- testVirologyButton -->
  <testcase classname="automationTesting.AbbviePro.HeaderTest" name="testHepatitisCHCVButton" time="10.355"/>
  <testcase classname="automationTesting.AbbviePro.HeaderTest" name="testOphthalmologyParentButton" time="4.215">
    <failure message="Failed to navigate to Augenheilkunde page expected [true] but found [false]" type="java.lang.AssertionError">
      <![CDATA[java.lang.AssertionError: Failed to navigate to Augenheilkunde page expected [true] but found [false]
at org.testng.Assert.fail(Assert.java:111)
at org.testng.Assert.failNotEquals(Assert.java:1590)
at org.testng.Assert.assertTrue(Assert.java:57)
at automationTesting.AbbviePro.Header.clickOnOphthalmologyParentButton(Header.java:359)
at automationTesting.AbbviePro.HeaderTest.testOphthalmologyParentButton(HeaderTest.java:524)
at java.base/jdk.internal.reflect.NativeMethodAccessorImpl.invoke0(Native Method)
at java.base/jdk.internal.reflect.NativeMethodAccessorImpl.invoke(NativeMethodAccessorImpl.java:77)
at java.base/jdk.internal.reflect.DelegatingMethodAccessorImpl.invoke(DelegatingMethodAccessorImpl.java:43)
at java.base/java.lang.reflect.Method.invoke(Method.java:569)
at org.testng.internal.invokers.MethodInvocationHelper.invokeMethod(MethodInvocationHelper.java:141)
at org.testng.internal.invokers.TestInvoker.invokeMethod(TestInvoker.java:687)
at org.testng.internal.invokers.TestInvoker.invokeTestMethod(TestInvoker.java:230)
at org.testng.internal.invokers.MethodRunner.runInSequence(MethodRunner.java:63)
at org.testng.internal.invokers.TestInvoker$MethodInvocationAgent.invoke(TestInvoker.java:995)
at org.testng.internal.invokers.TestInvoker.invokeTestMethods(TestInvoker.java:203)
at org.testng.internal.invokers.TestMethodWorker.invokeTestMethods(TestMethodWorker.java:154)
at org.testng.internal.invokers.TestMethodWorker.run(TestMethodWorker.java:134)
at java.base/java.util.ArrayList.forEach(ArrayList.java:1511)
at org.testng.TestRunner.privateRun(TestRunner.java:741)
at org.testng.TestRunner.run(TestRunner.java:616)
at org.testng.SuiteRunner.runTest(SuiteRunner.java:421)
at org.testng.SuiteRunner.runSequentially(SuiteRunner.java:413)
at org.testng.SuiteRunner.privateRun(SuiteRunner.java:373)
at org.testng.SuiteRunner.run(SuiteRunner.java:312)
at org.testng.SuiteRunnerWorker.runSuite(SuiteRunnerWorker.java:52)
at org.testng.SuiteRunnerWorker.run(SuiteRunnerWorker.java:95)
at org.testng.TestNG.runSuitesSequentially(TestNG.java:1274)
at org.testng.TestNG.runSuitesLocally(TestNG.java:1208)
at org.testng.TestNG.runSuites(TestNG.java:1112)
at org.testng.TestNG.run(TestNG.java:1079)
at org.apache.maven.surefire.testng.TestNGExecutor.run(TestNGExecutor.java:155)
at org.apache.maven.surefire.testng.TestNGDirectoryTestSuite.executeMulti(TestNGDirectoryTestSuite.java:169)
at org.apache.maven.surefire.testng.TestNGDirectoryTestSuite.execute(TestNGDirectoryTestSuite.java:88)
at org.apache.maven.surefire.testng.TestNGProvider.invoke(TestNGProvider.java:137)
at org.apache.maven.surefire.booter.ForkedBooter.runSuitesInProcess(ForkedBooter.java:385)
at org.apache.maven.surefire.booter.ForkedBooter.execute(ForkedBooter.java:162)
at org.apache.maven.surefire.booter.ForkedBooter.run(ForkedBooter.java:507)
at org.apache.maven.surefire.booter.ForkedBooter.main(ForkedBooter.java:495)
]]>
    </failure>
  </testcase> <!-- testOphthalmologyParentButton -->
  <testcase classname="automationTesting.AbbviePro.HeaderTest" name="testOphthalmologyChildButton" time="10.427"/>
  <testcase classname="automationTesting.AbbviePro.HeaderTest" name="testUrologyButton" time="1.914"/>
  <testcase classname="automationTesting.AbbviePro.HeaderTest" name="testIdiopathicOveractiveBladderButton" time="2.038"/>
  <testcase classname="automationTesting.AbbviePro.HeaderTest" name="testNeurogenicDetrusorOveractivityButton" time="3.488"/>
  <testcase classname="automationTesting.AbbviePro.HeaderTest" name="testRegisterNowButton" time="10.401"/>
  <testcase classname="automationTesting.AbbviePro.HeaderTest" name="testEventsAndTrainingButton" time="3.932"/>
  <testcase classname="automationTesting.AbbviePro.HeaderTest" name="testEventsAndTrainingChevronIcon" time="0.292"/>
  <testcase classname="automationTesting.AbbviePro.HeaderTest" name="testMedicalScientificEventsButton" time="10.358"/>
  <testcase classname="automationTesting.AbbviePro.HeaderTest" name="testProductRelatedEventsButton" time="4.555"/>
  <testcase classname="automationTesting.AbbviePro.HeaderTest" name="testEventsAndTrainingRegisterNowButton" time="1.774"/>
  <testcase classname="automationTesting.AbbviePro.HeaderTest" name="testServiceAndContactButton" time="2.506"/>
</testsuite> <!-- automationTesting.AbbviePro.HeaderTest -->
