<?xml version="1.0" encoding="UTF-8"?>
<!-- Generated by org.testng.reporters.JUnitReportReporter -->
<testsuite hostname="IN-GPG9L6L27P-CTS" failures="0" tests="7" name="automationTesting.AbbviePro.RegistrationTest" time="46.383" errors="0" timestamp="2025-07-30T15:23:22 IST" skipped="0">
  <testcase classname="automationTesting.AbbviePro.RegistrationTest" name="testNavigation" time="15.382"/>
  <testcase classname="automationTesting.AbbviePro.RegistrationTest" name="testHomePageNavigation" time="11.946"/>
  <testcase classname="automationTesting.AbbviePro.RegistrationTest" name="testProductsLearnMore" time="2.353"/>
  <testcase classname="automationTesting.AbbviePro.RegistrationTest" name="testTheoropaticButton" time="5.031"/>
  <testcase classname="automationTesting.AbbviePro.RegistrationTest" name="testContactButton" time="3.562"/>
  <testcase classname="automationTesting.AbbviePro.RegistrationTest" name="testSecondRegisterButton" time="3.735"/>
  <testcase classname="automationTesting.AbbviePro.RegistrationTest" name="testSignUpButton" time="4.374"/>
</testsuite> <!-- automationTesting.AbbviePro.RegistrationTest -->
