<?xml version="1.0" encoding="UTF-8"?>
<!-- Generated by org.testng.reporters.JUnitReportReporter -->
<testsuite hostname="IN-GPG9L6L27P-CTS" failures="0" tests="15" name="automationTesting.AbbviePro.FooterTest" time="127.783" errors="0" timestamp="2025-08-04T19:33:50 IST" skipped="0">
  <testcase classname="automationTesting.AbbviePro.FooterTest" name="testNavigation" time="15.960"/>
  <testcase classname="automationTesting.AbbviePro.FooterTest" name="testFooterLogo" time="5.511"/>
  <testcase classname="automationTesting.AbbviePro.FooterTest" name="testDermatologieButton" time="16.536"/>
  <testcase classname="automationTesting.AbbviePro.FooterTest" name="testGastroenterologieButton" time="10.901"/>
  <testcase classname="automationTesting.AbbviePro.FooterTest" name="testRheumatologieButton" time="10.525"/>
  <testcase classname="automationTesting.AbbviePro.FooterTest" name="testOnkologieButton" time="10.110"/>
  <testcase classname="automationTesting.AbbviePro.FooterTest" name="testNeurologieButton" time="8.993"/>
  <testcase classname="automationTesting.AbbviePro.FooterTest" name="testHCVButton" time="7.034"/>
  <testcase classname="automationTesting.AbbviePro.FooterTest" name="testOphthalmologieButton" time="6.222"/>
  <testcase classname="automationTesting.AbbviePro.FooterTest" name="testUrologieButton" time="4.957"/>
  <testcase classname="automationTesting.AbbviePro.FooterTest" name="testImprintButton" time="6.137"/>
  <testcase classname="automationTesting.AbbviePro.FooterTest" name="testPrivacyPolicyButton" time="8.754"/>
  <testcase classname="automationTesting.AbbviePro.FooterTest" name="testTermsOfUseButton" time="2.050"/>
  <testcase classname="automationTesting.AbbviePro.FooterTest" name="testContactInformationButton" time="9.537"/>
  <testcase classname="automationTesting.AbbviePro.FooterTest" name="testSitemapButton" time="4.556"/>
</testsuite> <!-- automationTesting.AbbviePro.FooterTest -->
